[2024-05-15T00:44:49.354+0000] {processor.py:161} INFO - Started process (PID=43) to work on /opt/airflow/dags/dag_WIP.py
[2024-05-15T00:44:49.355+0000] {processor.py:830} INFO - Processing file /opt/airflow/dags/dag_WIP.py for tasks to queue
[2024-05-15T00:44:49.357+0000] {logging_mixin.py:188} INFO - [2024-05-15T00:44:49.357+0000] {dagbag.py:540} INFO - Filling up the DagBag from /opt/airflow/dags/dag_WIP.py
[2024-05-15T00:44:49.748+0000] {logging_mixin.py:188} INFO - [2024-05-15T00:44:49.745+0000] {dagbag.py:350} ERROR - Failed to import: /opt/airflow/dags/dag_WIP.py
Traceback (most recent call last):
  File "/home/airflow/.local/lib/python3.8/site-packages/airflow/models/dagbag.py", line 346, in parse
    loader.exec_module(new_module)
  File "<frozen importlib._bootstrap_external>", line 843, in exec_module
  File "<frozen importlib._bootstrap>", line 219, in _call_with_frames_removed
  File "/opt/airflow/dags/dag_WIP.py", line 6, in <module>
    from dags.functions.function_lambda_trigger import TriggerLambdaOperator
ModuleNotFoundError: No module named 'dags'
[2024-05-15T00:44:49.750+0000] {processor.py:842} WARNING - No viable dags retrieved from /opt/airflow/dags/dag_WIP.py
[2024-05-15T00:44:49.782+0000] {processor.py:183} INFO - Processing /opt/airflow/dags/dag_WIP.py took 0.433 seconds
[2024-05-15T00:45:20.147+0000] {processor.py:161} INFO - Started process (PID=52) to work on /opt/airflow/dags/dag_WIP.py
[2024-05-15T00:45:20.150+0000] {processor.py:830} INFO - Processing file /opt/airflow/dags/dag_WIP.py for tasks to queue
[2024-05-15T00:45:20.165+0000] {logging_mixin.py:188} INFO - [2024-05-15T00:45:20.163+0000] {dagbag.py:540} INFO - Filling up the DagBag from /opt/airflow/dags/dag_WIP.py
[2024-05-15T00:45:20.359+0000] {logging_mixin.py:188} INFO - [2024-05-15T00:45:20.354+0000] {dagbag.py:350} ERROR - Failed to import: /opt/airflow/dags/dag_WIP.py
Traceback (most recent call last):
  File "/home/airflow/.local/lib/python3.8/site-packages/airflow/models/dagbag.py", line 346, in parse
    loader.exec_module(new_module)
  File "<frozen importlib._bootstrap_external>", line 843, in exec_module
  File "<frozen importlib._bootstrap>", line 219, in _call_with_frames_removed
  File "/opt/airflow/dags/dag_WIP.py", line 6, in <module>
    from dags.functions.function_lambda_trigger import TriggerLambdaOperator
ModuleNotFoundError: No module named 'dags'
[2024-05-15T00:45:20.361+0000] {processor.py:842} WARNING - No viable dags retrieved from /opt/airflow/dags/dag_WIP.py
[2024-05-15T00:45:20.400+0000] {processor.py:183} INFO - Processing /opt/airflow/dags/dag_WIP.py took 0.273 seconds
[2024-05-15T00:45:50.644+0000] {processor.py:161} INFO - Started process (PID=61) to work on /opt/airflow/dags/dag_WIP.py
[2024-05-15T00:45:50.645+0000] {processor.py:830} INFO - Processing file /opt/airflow/dags/dag_WIP.py for tasks to queue
[2024-05-15T00:45:50.647+0000] {logging_mixin.py:188} INFO - [2024-05-15T00:45:50.647+0000] {dagbag.py:540} INFO - Filling up the DagBag from /opt/airflow/dags/dag_WIP.py
[2024-05-15T00:45:50.746+0000] {logging_mixin.py:188} INFO - [2024-05-15T00:45:50.743+0000] {dagbag.py:350} ERROR - Failed to import: /opt/airflow/dags/dag_WIP.py
Traceback (most recent call last):
  File "/home/airflow/.local/lib/python3.8/site-packages/airflow/models/dagbag.py", line 346, in parse
    loader.exec_module(new_module)
  File "<frozen importlib._bootstrap_external>", line 843, in exec_module
  File "<frozen importlib._bootstrap>", line 219, in _call_with_frames_removed
  File "/opt/airflow/dags/dag_WIP.py", line 6, in <module>
    from dags.functions.function_lambda_trigger import TriggerLambdaOperator
ModuleNotFoundError: No module named 'dags'
[2024-05-15T00:45:50.747+0000] {processor.py:842} WARNING - No viable dags retrieved from /opt/airflow/dags/dag_WIP.py
[2024-05-15T00:45:50.781+0000] {processor.py:183} INFO - Processing /opt/airflow/dags/dag_WIP.py took 0.139 seconds
[2024-05-15T00:46:21.056+0000] {processor.py:161} INFO - Started process (PID=70) to work on /opt/airflow/dags/dag_WIP.py
[2024-05-15T00:46:21.057+0000] {processor.py:830} INFO - Processing file /opt/airflow/dags/dag_WIP.py for tasks to queue
[2024-05-15T00:46:21.059+0000] {logging_mixin.py:188} INFO - [2024-05-15T00:46:21.059+0000] {dagbag.py:540} INFO - Filling up the DagBag from /opt/airflow/dags/dag_WIP.py
[2024-05-15T00:46:21.133+0000] {logging_mixin.py:188} INFO - [2024-05-15T00:46:21.130+0000] {dagbag.py:350} ERROR - Failed to import: /opt/airflow/dags/dag_WIP.py
Traceback (most recent call last):
  File "/home/airflow/.local/lib/python3.8/site-packages/airflow/models/dagbag.py", line 346, in parse
    loader.exec_module(new_module)
  File "<frozen importlib._bootstrap_external>", line 843, in exec_module
  File "<frozen importlib._bootstrap>", line 219, in _call_with_frames_removed
  File "/opt/airflow/dags/dag_WIP.py", line 6, in <module>
    from dags.functions.function_lambda_trigger import TriggerLambdaOperator
ModuleNotFoundError: No module named 'dags'
[2024-05-15T00:46:21.134+0000] {processor.py:842} WARNING - No viable dags retrieved from /opt/airflow/dags/dag_WIP.py
[2024-05-15T00:46:21.149+0000] {processor.py:183} INFO - Processing /opt/airflow/dags/dag_WIP.py took 0.096 seconds
[2024-05-15T00:46:51.395+0000] {processor.py:161} INFO - Started process (PID=79) to work on /opt/airflow/dags/dag_WIP.py
[2024-05-15T00:46:51.396+0000] {processor.py:830} INFO - Processing file /opt/airflow/dags/dag_WIP.py for tasks to queue
[2024-05-15T00:46:51.397+0000] {logging_mixin.py:188} INFO - [2024-05-15T00:46:51.397+0000] {dagbag.py:540} INFO - Filling up the DagBag from /opt/airflow/dags/dag_WIP.py
[2024-05-15T00:46:51.462+0000] {logging_mixin.py:188} INFO - [2024-05-15T00:46:51.458+0000] {dagbag.py:350} ERROR - Failed to import: /opt/airflow/dags/dag_WIP.py
Traceback (most recent call last):
  File "/home/airflow/.local/lib/python3.8/site-packages/airflow/models/dagbag.py", line 346, in parse
    loader.exec_module(new_module)
  File "<frozen importlib._bootstrap_external>", line 843, in exec_module
  File "<frozen importlib._bootstrap>", line 219, in _call_with_frames_removed
  File "/opt/airflow/dags/dag_WIP.py", line 6, in <module>
    from dags.functions.function_lambda_trigger import TriggerLambdaOperator
ModuleNotFoundError: No module named 'dags'
[2024-05-15T00:46:51.463+0000] {processor.py:842} WARNING - No viable dags retrieved from /opt/airflow/dags/dag_WIP.py
[2024-05-15T00:46:51.479+0000] {processor.py:183} INFO - Processing /opt/airflow/dags/dag_WIP.py took 0.087 seconds
[2024-05-15T00:47:21.709+0000] {processor.py:161} INFO - Started process (PID=88) to work on /opt/airflow/dags/dag_WIP.py
[2024-05-15T00:47:21.710+0000] {processor.py:830} INFO - Processing file /opt/airflow/dags/dag_WIP.py for tasks to queue
[2024-05-15T00:47:21.712+0000] {logging_mixin.py:188} INFO - [2024-05-15T00:47:21.712+0000] {dagbag.py:540} INFO - Filling up the DagBag from /opt/airflow/dags/dag_WIP.py
[2024-05-15T00:47:21.783+0000] {logging_mixin.py:188} INFO - [2024-05-15T00:47:21.780+0000] {dagbag.py:350} ERROR - Failed to import: /opt/airflow/dags/dag_WIP.py
Traceback (most recent call last):
  File "/home/airflow/.local/lib/python3.8/site-packages/airflow/models/dagbag.py", line 346, in parse
    loader.exec_module(new_module)
  File "<frozen importlib._bootstrap_external>", line 843, in exec_module
  File "<frozen importlib._bootstrap>", line 219, in _call_with_frames_removed
  File "/opt/airflow/dags/dag_WIP.py", line 6, in <module>
    from dags.functions.function_lambda_trigger import TriggerLambdaOperator
ModuleNotFoundError: No module named 'dags'
[2024-05-15T00:47:21.784+0000] {processor.py:842} WARNING - No viable dags retrieved from /opt/airflow/dags/dag_WIP.py
[2024-05-15T00:47:21.802+0000] {processor.py:183} INFO - Processing /opt/airflow/dags/dag_WIP.py took 0.096 seconds
[2024-05-15T00:47:29.888+0000] {processor.py:161} INFO - Started process (PID=90) to work on /opt/airflow/dags/dag_WIP.py
[2024-05-15T00:47:29.889+0000] {processor.py:830} INFO - Processing file /opt/airflow/dags/dag_WIP.py for tasks to queue
[2024-05-15T00:47:29.890+0000] {logging_mixin.py:188} INFO - [2024-05-15T00:47:29.890+0000] {dagbag.py:540} INFO - Filling up the DagBag from /opt/airflow/dags/dag_WIP.py
[2024-05-15T00:47:29.983+0000] {processor.py:840} INFO - DAG(s) 'dag_main' retrieved from /opt/airflow/dags/dag_WIP.py
[2024-05-15T00:47:30.132+0000] {logging_mixin.py:188} INFO - [2024-05-15T00:47:30.131+0000] {override.py:1769} INFO - Created Permission View: can delete on DAG:dag_main
[2024-05-15T00:47:30.142+0000] {logging_mixin.py:188} INFO - [2024-05-15T00:47:30.142+0000] {override.py:1769} INFO - Created Permission View: can edit on DAG:dag_main
[2024-05-15T00:47:30.149+0000] {logging_mixin.py:188} INFO - [2024-05-15T00:47:30.149+0000] {override.py:1769} INFO - Created Permission View: can read on DAG:dag_main
[2024-05-15T00:47:30.150+0000] {logging_mixin.py:188} INFO - [2024-05-15T00:47:30.150+0000] {dag.py:3047} INFO - Sync 1 DAGs
[2024-05-15T00:47:30.161+0000] {logging_mixin.py:188} INFO - [2024-05-15T00:47:30.161+0000] {dag.py:3069} INFO - Creating ORM DAG for dag_main
[2024-05-15T00:47:30.172+0000] {logging_mixin.py:188} INFO - [2024-05-15T00:47:30.172+0000] {dag.py:3834} INFO - Setting next_dagrun for dag_main to 2024-05-14 00:00:00+00:00, run_after=2024-05-15 00:00:00+00:00
[2024-05-15T00:47:30.196+0000] {processor.py:183} INFO - Processing /opt/airflow/dags/dag_WIP.py took 0.311 seconds
[2024-05-15T00:48:00.238+0000] {processor.py:161} INFO - Started process (PID=99) to work on /opt/airflow/dags/dag_WIP.py
[2024-05-15T00:48:00.239+0000] {processor.py:830} INFO - Processing file /opt/airflow/dags/dag_WIP.py for tasks to queue
[2024-05-15T00:48:00.241+0000] {logging_mixin.py:188} INFO - [2024-05-15T00:48:00.241+0000] {dagbag.py:540} INFO - Filling up the DagBag from /opt/airflow/dags/dag_WIP.py
[2024-05-15T00:48:00.324+0000] {processor.py:840} INFO - DAG(s) 'dag_main' retrieved from /opt/airflow/dags/dag_WIP.py
[2024-05-15T00:48:00.343+0000] {logging_mixin.py:188} INFO - [2024-05-15T00:48:00.343+0000] {dag.py:3047} INFO - Sync 1 DAGs
[2024-05-15T00:48:00.361+0000] {logging_mixin.py:188} INFO - [2024-05-15T00:48:00.361+0000] {dag.py:3834} INFO - Setting next_dagrun for dag_main to 2024-05-14 00:00:00+00:00, run_after=2024-05-15 00:00:00+00:00
[2024-05-15T00:48:00.378+0000] {processor.py:183} INFO - Processing /opt/airflow/dags/dag_WIP.py took 0.143 seconds
[2024-05-15T00:48:30.582+0000] {processor.py:161} INFO - Started process (PID=108) to work on /opt/airflow/dags/dag_WIP.py
[2024-05-15T00:48:30.583+0000] {processor.py:830} INFO - Processing file /opt/airflow/dags/dag_WIP.py for tasks to queue
[2024-05-15T00:48:30.585+0000] {logging_mixin.py:188} INFO - [2024-05-15T00:48:30.584+0000] {dagbag.py:540} INFO - Filling up the DagBag from /opt/airflow/dags/dag_WIP.py
[2024-05-15T00:48:30.662+0000] {processor.py:840} INFO - DAG(s) 'dag_main' retrieved from /opt/airflow/dags/dag_WIP.py
[2024-05-15T00:48:30.681+0000] {logging_mixin.py:188} INFO - [2024-05-15T00:48:30.681+0000] {dag.py:3047} INFO - Sync 1 DAGs
[2024-05-15T00:48:30.700+0000] {logging_mixin.py:188} INFO - [2024-05-15T00:48:30.699+0000] {dag.py:3834} INFO - Setting next_dagrun for dag_main to 2024-05-14 00:00:00+00:00, run_after=2024-05-15 00:00:00+00:00
[2024-05-15T00:48:30.717+0000] {processor.py:183} INFO - Processing /opt/airflow/dags/dag_WIP.py took 0.139 seconds
[2024-05-15T00:49:00.933+0000] {processor.py:161} INFO - Started process (PID=117) to work on /opt/airflow/dags/dag_WIP.py
[2024-05-15T00:49:00.934+0000] {processor.py:830} INFO - Processing file /opt/airflow/dags/dag_WIP.py for tasks to queue
[2024-05-15T00:49:00.936+0000] {logging_mixin.py:188} INFO - [2024-05-15T00:49:00.935+0000] {dagbag.py:540} INFO - Filling up the DagBag from /opt/airflow/dags/dag_WIP.py
[2024-05-15T00:49:01.018+0000] {processor.py:840} INFO - DAG(s) 'dag_main' retrieved from /opt/airflow/dags/dag_WIP.py
[2024-05-15T00:49:01.042+0000] {logging_mixin.py:188} INFO - [2024-05-15T00:49:01.042+0000] {dag.py:3047} INFO - Sync 1 DAGs
[2024-05-15T00:49:01.064+0000] {logging_mixin.py:188} INFO - [2024-05-15T00:49:01.063+0000] {dag.py:3834} INFO - Setting next_dagrun for dag_main to 2024-05-14 00:00:00+00:00, run_after=2024-05-15 00:00:00+00:00
[2024-05-15T00:49:01.083+0000] {processor.py:183} INFO - Processing /opt/airflow/dags/dag_WIP.py took 0.153 seconds
[2024-05-15T00:49:31.332+0000] {processor.py:161} INFO - Started process (PID=127) to work on /opt/airflow/dags/dag_WIP.py
[2024-05-15T00:49:31.333+0000] {processor.py:830} INFO - Processing file /opt/airflow/dags/dag_WIP.py for tasks to queue
[2024-05-15T00:49:31.335+0000] {logging_mixin.py:188} INFO - [2024-05-15T00:49:31.335+0000] {dagbag.py:540} INFO - Filling up the DagBag from /opt/airflow/dags/dag_WIP.py
[2024-05-15T00:49:31.419+0000] {processor.py:840} INFO - DAG(s) 'dag_main' retrieved from /opt/airflow/dags/dag_WIP.py
[2024-05-15T00:49:31.439+0000] {logging_mixin.py:188} INFO - [2024-05-15T00:49:31.439+0000] {dag.py:3047} INFO - Sync 1 DAGs
[2024-05-15T00:49:31.456+0000] {logging_mixin.py:188} INFO - [2024-05-15T00:49:31.456+0000] {dag.py:3834} INFO - Setting next_dagrun for dag_main to 2024-05-14 00:00:00+00:00, run_after=2024-05-15 00:00:00+00:00
[2024-05-15T00:49:31.473+0000] {processor.py:183} INFO - Processing /opt/airflow/dags/dag_WIP.py took 0.144 seconds
[2024-05-15T00:50:01.796+0000] {processor.py:161} INFO - Started process (PID=137) to work on /opt/airflow/dags/dag_WIP.py
[2024-05-15T00:50:01.798+0000] {processor.py:830} INFO - Processing file /opt/airflow/dags/dag_WIP.py for tasks to queue
[2024-05-15T00:50:01.799+0000] {logging_mixin.py:188} INFO - [2024-05-15T00:50:01.799+0000] {dagbag.py:540} INFO - Filling up the DagBag from /opt/airflow/dags/dag_WIP.py
[2024-05-15T00:50:01.886+0000] {processor.py:840} INFO - DAG(s) 'dag_main' retrieved from /opt/airflow/dags/dag_WIP.py
[2024-05-15T00:50:01.909+0000] {logging_mixin.py:188} INFO - [2024-05-15T00:50:01.909+0000] {dag.py:3047} INFO - Sync 1 DAGs
[2024-05-15T00:50:01.930+0000] {logging_mixin.py:188} INFO - [2024-05-15T00:50:01.929+0000] {dag.py:3834} INFO - Setting next_dagrun for dag_main to 2024-05-14 00:00:00+00:00, run_after=2024-05-15 00:00:00+00:00
[2024-05-15T00:50:01.963+0000] {processor.py:183} INFO - Processing /opt/airflow/dags/dag_WIP.py took 0.170 seconds
[2024-05-15T00:50:32.214+0000] {processor.py:161} INFO - Started process (PID=147) to work on /opt/airflow/dags/dag_WIP.py
[2024-05-15T00:50:32.215+0000] {processor.py:830} INFO - Processing file /opt/airflow/dags/dag_WIP.py for tasks to queue
[2024-05-15T00:50:32.217+0000] {logging_mixin.py:188} INFO - [2024-05-15T00:50:32.216+0000] {dagbag.py:540} INFO - Filling up the DagBag from /opt/airflow/dags/dag_WIP.py
[2024-05-15T00:50:32.311+0000] {processor.py:840} INFO - DAG(s) 'dag_main' retrieved from /opt/airflow/dags/dag_WIP.py
[2024-05-15T00:50:32.336+0000] {logging_mixin.py:188} INFO - [2024-05-15T00:50:32.336+0000] {dag.py:3047} INFO - Sync 1 DAGs
[2024-05-15T00:50:32.360+0000] {logging_mixin.py:188} INFO - [2024-05-15T00:50:32.360+0000] {dag.py:3834} INFO - Setting next_dagrun for dag_main to 2024-05-14 00:00:00+00:00, run_after=2024-05-15 00:00:00+00:00
[2024-05-15T00:50:32.378+0000] {processor.py:183} INFO - Processing /opt/airflow/dags/dag_WIP.py took 0.167 seconds
[2024-05-15T00:51:02.618+0000] {processor.py:161} INFO - Started process (PID=156) to work on /opt/airflow/dags/dag_WIP.py
[2024-05-15T00:51:02.619+0000] {processor.py:830} INFO - Processing file /opt/airflow/dags/dag_WIP.py for tasks to queue
[2024-05-15T00:51:02.621+0000] {logging_mixin.py:188} INFO - [2024-05-15T00:51:02.620+0000] {dagbag.py:540} INFO - Filling up the DagBag from /opt/airflow/dags/dag_WIP.py
[2024-05-15T00:51:02.710+0000] {processor.py:840} INFO - DAG(s) 'dag_main' retrieved from /opt/airflow/dags/dag_WIP.py
[2024-05-15T00:51:02.736+0000] {logging_mixin.py:188} INFO - [2024-05-15T00:51:02.735+0000] {dag.py:3047} INFO - Sync 1 DAGs
[2024-05-15T00:51:02.759+0000] {logging_mixin.py:188} INFO - [2024-05-15T00:51:02.758+0000] {dag.py:3834} INFO - Setting next_dagrun for dag_main to 2024-05-14 00:00:00+00:00, run_after=2024-05-15 00:00:00+00:00
[2024-05-15T00:51:02.781+0000] {processor.py:183} INFO - Processing /opt/airflow/dags/dag_WIP.py took 0.166 seconds
[2024-05-15T00:51:33.057+0000] {processor.py:161} INFO - Started process (PID=165) to work on /opt/airflow/dags/dag_WIP.py
[2024-05-15T00:51:33.058+0000] {processor.py:830} INFO - Processing file /opt/airflow/dags/dag_WIP.py for tasks to queue
[2024-05-15T00:51:33.060+0000] {logging_mixin.py:188} INFO - [2024-05-15T00:51:33.060+0000] {dagbag.py:540} INFO - Filling up the DagBag from /opt/airflow/dags/dag_WIP.py
[2024-05-15T00:51:33.134+0000] {processor.py:840} INFO - DAG(s) 'dag_main' retrieved from /opt/airflow/dags/dag_WIP.py
[2024-05-15T00:51:33.152+0000] {logging_mixin.py:188} INFO - [2024-05-15T00:51:33.152+0000] {dag.py:3047} INFO - Sync 1 DAGs
[2024-05-15T00:51:33.168+0000] {logging_mixin.py:188} INFO - [2024-05-15T00:51:33.168+0000] {dag.py:3834} INFO - Setting next_dagrun for dag_main to 2024-05-14 00:00:00+00:00, run_after=2024-05-15 00:00:00+00:00
[2024-05-15T00:51:33.186+0000] {processor.py:183} INFO - Processing /opt/airflow/dags/dag_WIP.py took 0.132 seconds
[2024-05-15T00:52:03.449+0000] {processor.py:161} INFO - Started process (PID=174) to work on /opt/airflow/dags/dag_WIP.py
[2024-05-15T00:52:03.451+0000] {processor.py:830} INFO - Processing file /opt/airflow/dags/dag_WIP.py for tasks to queue
[2024-05-15T00:52:03.452+0000] {logging_mixin.py:188} INFO - [2024-05-15T00:52:03.452+0000] {dagbag.py:540} INFO - Filling up the DagBag from /opt/airflow/dags/dag_WIP.py
[2024-05-15T00:52:03.523+0000] {processor.py:840} INFO - DAG(s) 'dag_main' retrieved from /opt/airflow/dags/dag_WIP.py
[2024-05-15T00:52:03.541+0000] {logging_mixin.py:188} INFO - [2024-05-15T00:52:03.540+0000] {dag.py:3047} INFO - Sync 1 DAGs
[2024-05-15T00:52:03.558+0000] {logging_mixin.py:188} INFO - [2024-05-15T00:52:03.558+0000] {dag.py:3834} INFO - Setting next_dagrun for dag_main to 2024-05-14 00:00:00+00:00, run_after=2024-05-15 00:00:00+00:00
[2024-05-15T00:52:03.578+0000] {processor.py:183} INFO - Processing /opt/airflow/dags/dag_WIP.py took 0.132 seconds
[2024-05-15T00:52:33.880+0000] {processor.py:161} INFO - Started process (PID=183) to work on /opt/airflow/dags/dag_WIP.py
[2024-05-15T00:52:33.881+0000] {processor.py:830} INFO - Processing file /opt/airflow/dags/dag_WIP.py for tasks to queue
[2024-05-15T00:52:33.883+0000] {logging_mixin.py:188} INFO - [2024-05-15T00:52:33.882+0000] {dagbag.py:540} INFO - Filling up the DagBag from /opt/airflow/dags/dag_WIP.py
[2024-05-15T00:52:33.968+0000] {processor.py:840} INFO - DAG(s) 'dag_main' retrieved from /opt/airflow/dags/dag_WIP.py
[2024-05-15T00:52:33.989+0000] {logging_mixin.py:188} INFO - [2024-05-15T00:52:33.988+0000] {dag.py:3047} INFO - Sync 1 DAGs
[2024-05-15T00:52:34.009+0000] {logging_mixin.py:188} INFO - [2024-05-15T00:52:34.009+0000] {dag.py:3834} INFO - Setting next_dagrun for dag_main to 2024-05-14 00:00:00+00:00, run_after=2024-05-15 00:00:00+00:00
[2024-05-15T00:52:34.030+0000] {processor.py:183} INFO - Processing /opt/airflow/dags/dag_WIP.py took 0.153 seconds
[2024-05-15T00:53:04.322+0000] {processor.py:161} INFO - Started process (PID=192) to work on /opt/airflow/dags/dag_WIP.py
[2024-05-15T00:53:04.324+0000] {processor.py:830} INFO - Processing file /opt/airflow/dags/dag_WIP.py for tasks to queue
[2024-05-15T00:53:04.326+0000] {logging_mixin.py:188} INFO - [2024-05-15T00:53:04.326+0000] {dagbag.py:540} INFO - Filling up the DagBag from /opt/airflow/dags/dag_WIP.py
[2024-05-15T00:53:04.401+0000] {processor.py:840} INFO - DAG(s) 'dag_main' retrieved from /opt/airflow/dags/dag_WIP.py
[2024-05-15T00:53:04.421+0000] {logging_mixin.py:188} INFO - [2024-05-15T00:53:04.420+0000] {dag.py:3047} INFO - Sync 1 DAGs
[2024-05-15T00:53:04.439+0000] {logging_mixin.py:188} INFO - [2024-05-15T00:53:04.438+0000] {dag.py:3834} INFO - Setting next_dagrun for dag_main to 2024-05-14 00:00:00+00:00, run_after=2024-05-15 00:00:00+00:00
[2024-05-15T00:53:04.459+0000] {processor.py:183} INFO - Processing /opt/airflow/dags/dag_WIP.py took 0.140 seconds
[2024-05-15T00:53:34.789+0000] {processor.py:161} INFO - Started process (PID=201) to work on /opt/airflow/dags/dag_WIP.py
[2024-05-15T00:53:34.790+0000] {processor.py:830} INFO - Processing file /opt/airflow/dags/dag_WIP.py for tasks to queue
[2024-05-15T00:53:34.792+0000] {logging_mixin.py:188} INFO - [2024-05-15T00:53:34.792+0000] {dagbag.py:540} INFO - Filling up the DagBag from /opt/airflow/dags/dag_WIP.py
[2024-05-15T00:53:34.871+0000] {processor.py:840} INFO - DAG(s) 'dag_main' retrieved from /opt/airflow/dags/dag_WIP.py
[2024-05-15T00:53:34.890+0000] {logging_mixin.py:188} INFO - [2024-05-15T00:53:34.889+0000] {dag.py:3047} INFO - Sync 1 DAGs
[2024-05-15T00:53:34.907+0000] {logging_mixin.py:188} INFO - [2024-05-15T00:53:34.907+0000] {dag.py:3834} INFO - Setting next_dagrun for dag_main to 2024-05-14 00:00:00+00:00, run_after=2024-05-15 00:00:00+00:00
[2024-05-15T00:53:34.925+0000] {processor.py:183} INFO - Processing /opt/airflow/dags/dag_WIP.py took 0.138 seconds
[2024-05-15T00:54:05.186+0000] {processor.py:161} INFO - Started process (PID=210) to work on /opt/airflow/dags/dag_WIP.py
[2024-05-15T00:54:05.188+0000] {processor.py:830} INFO - Processing file /opt/airflow/dags/dag_WIP.py for tasks to queue
[2024-05-15T00:54:05.189+0000] {logging_mixin.py:188} INFO - [2024-05-15T00:54:05.189+0000] {dagbag.py:540} INFO - Filling up the DagBag from /opt/airflow/dags/dag_WIP.py
[2024-05-15T00:54:05.274+0000] {processor.py:840} INFO - DAG(s) 'dag_main' retrieved from /opt/airflow/dags/dag_WIP.py
[2024-05-15T00:54:05.300+0000] {logging_mixin.py:188} INFO - [2024-05-15T00:54:05.300+0000] {dag.py:3047} INFO - Sync 1 DAGs
[2024-05-15T00:54:05.324+0000] {logging_mixin.py:188} INFO - [2024-05-15T00:54:05.323+0000] {dag.py:3834} INFO - Setting next_dagrun for dag_main to 2024-05-14 00:00:00+00:00, run_after=2024-05-15 00:00:00+00:00
[2024-05-15T00:54:05.341+0000] {processor.py:183} INFO - Processing /opt/airflow/dags/dag_WIP.py took 0.159 seconds
[2024-05-15T00:54:35.603+0000] {processor.py:161} INFO - Started process (PID=219) to work on /opt/airflow/dags/dag_WIP.py
[2024-05-15T00:54:35.604+0000] {processor.py:830} INFO - Processing file /opt/airflow/dags/dag_WIP.py for tasks to queue
[2024-05-15T00:54:35.607+0000] {logging_mixin.py:188} INFO - [2024-05-15T00:54:35.607+0000] {dagbag.py:540} INFO - Filling up the DagBag from /opt/airflow/dags/dag_WIP.py
[2024-05-15T00:54:35.699+0000] {processor.py:840} INFO - DAG(s) 'dag_main' retrieved from /opt/airflow/dags/dag_WIP.py
[2024-05-15T00:54:35.722+0000] {logging_mixin.py:188} INFO - [2024-05-15T00:54:35.722+0000] {dag.py:3047} INFO - Sync 1 DAGs
[2024-05-15T00:54:35.744+0000] {logging_mixin.py:188} INFO - [2024-05-15T00:54:35.743+0000] {dag.py:3834} INFO - Setting next_dagrun for dag_main to 2024-05-14 00:00:00+00:00, run_after=2024-05-15 00:00:00+00:00
[2024-05-15T00:54:35.761+0000] {processor.py:183} INFO - Processing /opt/airflow/dags/dag_WIP.py took 0.161 seconds
[2024-05-15T00:55:06.086+0000] {processor.py:161} INFO - Started process (PID=228) to work on /opt/airflow/dags/dag_WIP.py
[2024-05-15T00:55:06.088+0000] {processor.py:830} INFO - Processing file /opt/airflow/dags/dag_WIP.py for tasks to queue
[2024-05-15T00:55:06.090+0000] {logging_mixin.py:188} INFO - [2024-05-15T00:55:06.089+0000] {dagbag.py:540} INFO - Filling up the DagBag from /opt/airflow/dags/dag_WIP.py
[2024-05-15T00:55:06.169+0000] {processor.py:840} INFO - DAG(s) 'dag_main' retrieved from /opt/airflow/dags/dag_WIP.py
[2024-05-15T00:55:06.187+0000] {logging_mixin.py:188} INFO - [2024-05-15T00:55:06.187+0000] {dag.py:3047} INFO - Sync 1 DAGs
[2024-05-15T00:55:06.204+0000] {logging_mixin.py:188} INFO - [2024-05-15T00:55:06.204+0000] {dag.py:3834} INFO - Setting next_dagrun for dag_main to 2024-05-14 00:00:00+00:00, run_after=2024-05-15 00:00:00+00:00
[2024-05-15T00:55:06.223+0000] {processor.py:183} INFO - Processing /opt/airflow/dags/dag_WIP.py took 0.140 seconds
[2024-05-15T00:55:36.514+0000] {processor.py:161} INFO - Started process (PID=237) to work on /opt/airflow/dags/dag_WIP.py
[2024-05-15T00:55:36.516+0000] {processor.py:830} INFO - Processing file /opt/airflow/dags/dag_WIP.py for tasks to queue
[2024-05-15T00:55:36.518+0000] {logging_mixin.py:188} INFO - [2024-05-15T00:55:36.518+0000] {dagbag.py:540} INFO - Filling up the DagBag from /opt/airflow/dags/dag_WIP.py
[2024-05-15T00:57:40.616+0000] {processor.py:161} INFO - Started process (PID=42) to work on /opt/airflow/dags/dag_WIP.py
[2024-05-15T00:57:40.618+0000] {processor.py:830} INFO - Processing file /opt/airflow/dags/dag_WIP.py for tasks to queue
[2024-05-15T00:57:40.621+0000] {logging_mixin.py:188} INFO - [2024-05-15T00:57:40.620+0000] {dagbag.py:540} INFO - Filling up the DagBag from /opt/airflow/dags/dag_WIP.py
[2024-05-15T00:57:40.987+0000] {processor.py:840} INFO - DAG(s) 'dag_main' retrieved from /opt/airflow/dags/dag_WIP.py
[2024-05-15T00:57:41.203+0000] {logging_mixin.py:188} INFO - [2024-05-15T00:57:41.202+0000] {dag.py:3047} INFO - Sync 1 DAGs
[2024-05-15T00:57:41.228+0000] {logging_mixin.py:188} INFO - [2024-05-15T00:57:41.227+0000] {dag.py:3834} INFO - Setting next_dagrun for dag_main to 2024-05-14 00:00:00+00:00, run_after=2024-05-15 00:00:00+00:00
[2024-05-15T00:57:41.256+0000] {processor.py:183} INFO - Processing /opt/airflow/dags/dag_WIP.py took 0.644 seconds
[2024-05-15T00:58:59.978+0000] {processor.py:161} INFO - Started process (PID=42) to work on /opt/airflow/dags/dag_WIP.py
[2024-05-15T00:58:59.981+0000] {processor.py:830} INFO - Processing file /opt/airflow/dags/dag_WIP.py for tasks to queue
[2024-05-15T00:58:59.985+0000] {logging_mixin.py:188} INFO - [2024-05-15T00:58:59.984+0000] {dagbag.py:540} INFO - Filling up the DagBag from /opt/airflow/dags/dag_WIP.py
[2024-05-15T00:59:00.324+0000] {processor.py:840} INFO - DAG(s) 'dag_main' retrieved from /opt/airflow/dags/dag_WIP.py
[2024-05-15T00:59:00.545+0000] {logging_mixin.py:188} INFO - [2024-05-15T00:59:00.545+0000] {dag.py:3047} INFO - Sync 1 DAGs
[2024-05-15T00:59:00.564+0000] {logging_mixin.py:188} INFO - [2024-05-15T00:59:00.564+0000] {dag.py:3834} INFO - Setting next_dagrun for dag_main to 2024-05-14 00:00:00+00:00, run_after=2024-05-15 00:00:00+00:00
[2024-05-15T00:59:00.583+0000] {processor.py:183} INFO - Processing /opt/airflow/dags/dag_WIP.py took 0.612 seconds
[2024-05-15T00:59:30.619+0000] {processor.py:161} INFO - Started process (PID=51) to work on /opt/airflow/dags/dag_WIP.py
[2024-05-15T00:59:30.620+0000] {processor.py:830} INFO - Processing file /opt/airflow/dags/dag_WIP.py for tasks to queue
[2024-05-15T00:59:30.622+0000] {logging_mixin.py:188} INFO - [2024-05-15T00:59:30.622+0000] {dagbag.py:540} INFO - Filling up the DagBag from /opt/airflow/dags/dag_WIP.py
[2024-05-15T00:59:30.702+0000] {processor.py:840} INFO - DAG(s) 'dag_main' retrieved from /opt/airflow/dags/dag_WIP.py
[2024-05-15T00:59:30.729+0000] {logging_mixin.py:188} INFO - [2024-05-15T00:59:30.729+0000] {dag.py:3047} INFO - Sync 1 DAGs
[2024-05-15T00:59:30.751+0000] {logging_mixin.py:188} INFO - [2024-05-15T00:59:30.751+0000] {dag.py:3834} INFO - Setting next_dagrun for dag_main to 2024-05-14 00:00:00+00:00, run_after=2024-05-15 00:00:00+00:00
[2024-05-15T00:59:30.768+0000] {processor.py:183} INFO - Processing /opt/airflow/dags/dag_WIP.py took 0.152 seconds
[2024-05-15T01:00:01.016+0000] {processor.py:161} INFO - Started process (PID=60) to work on /opt/airflow/dags/dag_WIP.py
[2024-05-15T01:00:01.018+0000] {processor.py:830} INFO - Processing file /opt/airflow/dags/dag_WIP.py for tasks to queue
[2024-05-15T01:00:01.020+0000] {logging_mixin.py:188} INFO - [2024-05-15T01:00:01.019+0000] {dagbag.py:540} INFO - Filling up the DagBag from /opt/airflow/dags/dag_WIP.py
[2024-05-15T01:00:01.108+0000] {processor.py:840} INFO - DAG(s) 'dag_main' retrieved from /opt/airflow/dags/dag_WIP.py
[2024-05-15T01:00:01.133+0000] {logging_mixin.py:188} INFO - [2024-05-15T01:00:01.133+0000] {dag.py:3047} INFO - Sync 1 DAGs
[2024-05-15T01:00:01.154+0000] {logging_mixin.py:188} INFO - [2024-05-15T01:00:01.154+0000] {dag.py:3834} INFO - Setting next_dagrun for dag_main to 2024-05-14 00:00:00+00:00, run_after=2024-05-15 00:00:00+00:00
[2024-05-15T01:00:01.174+0000] {processor.py:183} INFO - Processing /opt/airflow/dags/dag_WIP.py took 0.162 seconds
[2024-05-15T01:00:31.432+0000] {processor.py:161} INFO - Started process (PID=69) to work on /opt/airflow/dags/dag_WIP.py
[2024-05-15T01:00:31.433+0000] {processor.py:830} INFO - Processing file /opt/airflow/dags/dag_WIP.py for tasks to queue
[2024-05-15T01:00:31.435+0000] {logging_mixin.py:188} INFO - [2024-05-15T01:00:31.435+0000] {dagbag.py:540} INFO - Filling up the DagBag from /opt/airflow/dags/dag_WIP.py
[2024-05-15T01:00:31.523+0000] {processor.py:840} INFO - DAG(s) 'dag_main' retrieved from /opt/airflow/dags/dag_WIP.py
[2024-05-15T01:00:31.550+0000] {logging_mixin.py:188} INFO - [2024-05-15T01:00:31.550+0000] {dag.py:3047} INFO - Sync 1 DAGs
[2024-05-15T01:00:31.571+0000] {logging_mixin.py:188} INFO - [2024-05-15T01:00:31.570+0000] {dag.py:3834} INFO - Setting next_dagrun for dag_main to 2024-05-14 00:00:00+00:00, run_after=2024-05-15 00:00:00+00:00
[2024-05-15T01:00:31.589+0000] {processor.py:183} INFO - Processing /opt/airflow/dags/dag_WIP.py took 0.161 seconds
[2024-05-15T01:01:01.841+0000] {processor.py:161} INFO - Started process (PID=78) to work on /opt/airflow/dags/dag_WIP.py
[2024-05-15T01:01:01.842+0000] {processor.py:830} INFO - Processing file /opt/airflow/dags/dag_WIP.py for tasks to queue
[2024-05-15T01:01:01.844+0000] {logging_mixin.py:188} INFO - [2024-05-15T01:01:01.844+0000] {dagbag.py:540} INFO - Filling up the DagBag from /opt/airflow/dags/dag_WIP.py
[2024-05-15T01:01:01.923+0000] {processor.py:840} INFO - DAG(s) 'dag_main' retrieved from /opt/airflow/dags/dag_WIP.py
[2024-05-15T01:01:01.943+0000] {logging_mixin.py:188} INFO - [2024-05-15T01:01:01.943+0000] {dag.py:3047} INFO - Sync 1 DAGs
[2024-05-15T01:01:01.962+0000] {logging_mixin.py:188} INFO - [2024-05-15T01:01:01.962+0000] {dag.py:3834} INFO - Setting next_dagrun for dag_main to 2024-05-14 00:00:00+00:00, run_after=2024-05-15 00:00:00+00:00
[2024-05-15T01:01:01.980+0000] {processor.py:183} INFO - Processing /opt/airflow/dags/dag_WIP.py took 0.141 seconds
[2024-05-15T01:01:32.213+0000] {processor.py:161} INFO - Started process (PID=87) to work on /opt/airflow/dags/dag_WIP.py
[2024-05-15T01:01:32.214+0000] {processor.py:830} INFO - Processing file /opt/airflow/dags/dag_WIP.py for tasks to queue
[2024-05-15T01:01:32.216+0000] {logging_mixin.py:188} INFO - [2024-05-15T01:01:32.216+0000] {dagbag.py:540} INFO - Filling up the DagBag from /opt/airflow/dags/dag_WIP.py
[2024-05-15T01:01:32.287+0000] {processor.py:840} INFO - DAG(s) 'dag_main' retrieved from /opt/airflow/dags/dag_WIP.py
[2024-05-15T01:01:32.308+0000] {logging_mixin.py:188} INFO - [2024-05-15T01:01:32.307+0000] {dag.py:3047} INFO - Sync 1 DAGs
[2024-05-15T01:01:32.327+0000] {logging_mixin.py:188} INFO - [2024-05-15T01:01:32.327+0000] {dag.py:3834} INFO - Setting next_dagrun for dag_main to 2024-05-14 00:00:00+00:00, run_after=2024-05-15 00:00:00+00:00
[2024-05-15T01:01:32.344+0000] {processor.py:183} INFO - Processing /opt/airflow/dags/dag_WIP.py took 0.134 seconds
[2024-05-15T01:02:02.568+0000] {processor.py:161} INFO - Started process (PID=96) to work on /opt/airflow/dags/dag_WIP.py
[2024-05-15T01:02:02.569+0000] {processor.py:830} INFO - Processing file /opt/airflow/dags/dag_WIP.py for tasks to queue
[2024-05-15T01:02:02.571+0000] {logging_mixin.py:188} INFO - [2024-05-15T01:02:02.570+0000] {dagbag.py:540} INFO - Filling up the DagBag from /opt/airflow/dags/dag_WIP.py
[2024-05-15T01:02:02.647+0000] {processor.py:840} INFO - DAG(s) 'dag_main' retrieved from /opt/airflow/dags/dag_WIP.py
[2024-05-15T01:02:02.669+0000] {logging_mixin.py:188} INFO - [2024-05-15T01:02:02.669+0000] {dag.py:3047} INFO - Sync 1 DAGs
[2024-05-15T01:02:02.688+0000] {logging_mixin.py:188} INFO - [2024-05-15T01:02:02.687+0000] {dag.py:3834} INFO - Setting next_dagrun for dag_main to 2024-05-14 00:00:00+00:00, run_after=2024-05-15 00:00:00+00:00
[2024-05-15T01:02:02.704+0000] {processor.py:183} INFO - Processing /opt/airflow/dags/dag_WIP.py took 0.140 seconds
[2024-05-15T01:02:32.948+0000] {processor.py:161} INFO - Started process (PID=105) to work on /opt/airflow/dags/dag_WIP.py
[2024-05-15T01:02:32.949+0000] {processor.py:830} INFO - Processing file /opt/airflow/dags/dag_WIP.py for tasks to queue
[2024-05-15T01:02:32.951+0000] {logging_mixin.py:188} INFO - [2024-05-15T01:02:32.951+0000] {dagbag.py:540} INFO - Filling up the DagBag from /opt/airflow/dags/dag_WIP.py
[2024-05-15T01:02:33.034+0000] {processor.py:840} INFO - DAG(s) 'dag_main' retrieved from /opt/airflow/dags/dag_WIP.py
[2024-05-15T01:02:33.058+0000] {logging_mixin.py:188} INFO - [2024-05-15T01:02:33.058+0000] {dag.py:3047} INFO - Sync 1 DAGs
[2024-05-15T01:02:33.080+0000] {logging_mixin.py:188} INFO - [2024-05-15T01:02:33.080+0000] {dag.py:3834} INFO - Setting next_dagrun for dag_main to 2024-05-14 00:00:00+00:00, run_after=2024-05-15 00:00:00+00:00
[2024-05-15T01:02:33.099+0000] {processor.py:183} INFO - Processing /opt/airflow/dags/dag_WIP.py took 0.154 seconds
[2024-05-15T01:03:03.340+0000] {processor.py:161} INFO - Started process (PID=115) to work on /opt/airflow/dags/dag_WIP.py
[2024-05-15T01:03:03.341+0000] {processor.py:830} INFO - Processing file /opt/airflow/dags/dag_WIP.py for tasks to queue
[2024-05-15T01:03:03.343+0000] {logging_mixin.py:188} INFO - [2024-05-15T01:03:03.343+0000] {dagbag.py:540} INFO - Filling up the DagBag from /opt/airflow/dags/dag_WIP.py
[2024-05-15T01:03:03.427+0000] {processor.py:840} INFO - DAG(s) 'dag_main' retrieved from /opt/airflow/dags/dag_WIP.py
[2024-05-15T01:03:03.449+0000] {logging_mixin.py:188} INFO - [2024-05-15T01:03:03.449+0000] {dag.py:3047} INFO - Sync 1 DAGs
[2024-05-15T01:03:03.469+0000] {logging_mixin.py:188} INFO - [2024-05-15T01:03:03.469+0000] {dag.py:3834} INFO - Setting next_dagrun for dag_main to 2024-05-14 00:00:00+00:00, run_after=2024-05-15 00:00:00+00:00
[2024-05-15T01:03:03.488+0000] {processor.py:183} INFO - Processing /opt/airflow/dags/dag_WIP.py took 0.151 seconds
[2024-05-15T01:03:33.575+0000] {processor.py:161} INFO - Started process (PID=129) to work on /opt/airflow/dags/dag_WIP.py
[2024-05-15T01:03:33.576+0000] {processor.py:830} INFO - Processing file /opt/airflow/dags/dag_WIP.py for tasks to queue
[2024-05-15T01:03:33.578+0000] {logging_mixin.py:188} INFO - [2024-05-15T01:03:33.578+0000] {dagbag.py:540} INFO - Filling up the DagBag from /opt/airflow/dags/dag_WIP.py
[2024-05-15T01:03:33.662+0000] {processor.py:840} INFO - DAG(s) 'dag_main' retrieved from /opt/airflow/dags/dag_WIP.py
[2024-05-15T01:03:33.685+0000] {logging_mixin.py:188} INFO - [2024-05-15T01:03:33.685+0000] {dag.py:3047} INFO - Sync 1 DAGs
[2024-05-15T01:03:33.707+0000] {logging_mixin.py:188} INFO - [2024-05-15T01:03:33.707+0000] {dag.py:3834} INFO - Setting next_dagrun for dag_main to 2024-05-14 00:00:00+00:00, run_after=2024-05-15 00:00:00+00:00
[2024-05-15T01:03:33.725+0000] {processor.py:183} INFO - Processing /opt/airflow/dags/dag_WIP.py took 0.153 seconds
[2024-05-15T01:04:04.020+0000] {processor.py:161} INFO - Started process (PID=139) to work on /opt/airflow/dags/dag_WIP.py
[2024-05-15T01:04:04.021+0000] {processor.py:830} INFO - Processing file /opt/airflow/dags/dag_WIP.py for tasks to queue
[2024-05-15T01:04:04.023+0000] {logging_mixin.py:188} INFO - [2024-05-15T01:04:04.023+0000] {dagbag.py:540} INFO - Filling up the DagBag from /opt/airflow/dags/dag_WIP.py
[2024-05-15T01:04:04.093+0000] {processor.py:840} INFO - DAG(s) 'dag_main' retrieved from /opt/airflow/dags/dag_WIP.py
[2024-05-15T01:04:04.113+0000] {logging_mixin.py:188} INFO - [2024-05-15T01:04:04.113+0000] {dag.py:3047} INFO - Sync 1 DAGs
[2024-05-15T01:04:04.130+0000] {logging_mixin.py:188} INFO - [2024-05-15T01:04:04.129+0000] {dag.py:3834} INFO - Setting next_dagrun for dag_main to 2024-05-14 00:00:00+00:00, run_after=2024-05-15 00:00:00+00:00
[2024-05-15T01:04:04.145+0000] {processor.py:183} INFO - Processing /opt/airflow/dags/dag_WIP.py took 0.128 seconds
[2024-05-15T01:04:34.411+0000] {processor.py:161} INFO - Started process (PID=149) to work on /opt/airflow/dags/dag_WIP.py
[2024-05-15T01:04:34.412+0000] {processor.py:830} INFO - Processing file /opt/airflow/dags/dag_WIP.py for tasks to queue
[2024-05-15T01:04:34.414+0000] {logging_mixin.py:188} INFO - [2024-05-15T01:04:34.413+0000] {dagbag.py:540} INFO - Filling up the DagBag from /opt/airflow/dags/dag_WIP.py
[2024-05-15T01:04:34.490+0000] {processor.py:840} INFO - DAG(s) 'dag_main' retrieved from /opt/airflow/dags/dag_WIP.py
[2024-05-15T01:04:34.508+0000] {logging_mixin.py:188} INFO - [2024-05-15T01:04:34.508+0000] {dag.py:3047} INFO - Sync 1 DAGs
[2024-05-15T01:04:34.527+0000] {logging_mixin.py:188} INFO - [2024-05-15T01:04:34.527+0000] {dag.py:3834} INFO - Setting next_dagrun for dag_main to 2024-05-14 00:00:00+00:00, run_after=2024-05-15 00:00:00+00:00
[2024-05-15T01:04:34.542+0000] {processor.py:183} INFO - Processing /opt/airflow/dags/dag_WIP.py took 0.133 seconds
[2024-05-15T01:05:04.817+0000] {processor.py:161} INFO - Started process (PID=159) to work on /opt/airflow/dags/dag_WIP.py
[2024-05-15T01:05:04.818+0000] {processor.py:830} INFO - Processing file /opt/airflow/dags/dag_WIP.py for tasks to queue
[2024-05-15T01:05:04.819+0000] {logging_mixin.py:188} INFO - [2024-05-15T01:05:04.819+0000] {dagbag.py:540} INFO - Filling up the DagBag from /opt/airflow/dags/dag_WIP.py
[2024-05-15T01:05:04.891+0000] {processor.py:840} INFO - DAG(s) 'dag_main' retrieved from /opt/airflow/dags/dag_WIP.py
[2024-05-15T01:05:04.911+0000] {logging_mixin.py:188} INFO - [2024-05-15T01:05:04.911+0000] {dag.py:3047} INFO - Sync 1 DAGs
[2024-05-15T01:05:04.929+0000] {logging_mixin.py:188} INFO - [2024-05-15T01:05:04.929+0000] {dag.py:3834} INFO - Setting next_dagrun for dag_main to 2024-05-14 00:00:00+00:00, run_after=2024-05-15 00:00:00+00:00
[2024-05-15T01:05:04.946+0000] {processor.py:183} INFO - Processing /opt/airflow/dags/dag_WIP.py took 0.132 seconds
[2024-05-15T01:05:35.169+0000] {processor.py:161} INFO - Started process (PID=169) to work on /opt/airflow/dags/dag_WIP.py
[2024-05-15T01:05:35.170+0000] {processor.py:830} INFO - Processing file /opt/airflow/dags/dag_WIP.py for tasks to queue
[2024-05-15T01:05:35.171+0000] {logging_mixin.py:188} INFO - [2024-05-15T01:05:35.171+0000] {dagbag.py:540} INFO - Filling up the DagBag from /opt/airflow/dags/dag_WIP.py
[2024-05-15T01:05:35.248+0000] {processor.py:840} INFO - DAG(s) 'dag_main' retrieved from /opt/airflow/dags/dag_WIP.py
[2024-05-15T01:05:35.270+0000] {logging_mixin.py:188} INFO - [2024-05-15T01:05:35.270+0000] {dag.py:3047} INFO - Sync 1 DAGs
[2024-05-15T01:05:35.291+0000] {logging_mixin.py:188} INFO - [2024-05-15T01:05:35.290+0000] {dag.py:3834} INFO - Setting next_dagrun for dag_main to 2024-05-14 00:00:00+00:00, run_after=2024-05-15 00:00:00+00:00
[2024-05-15T01:05:35.307+0000] {processor.py:183} INFO - Processing /opt/airflow/dags/dag_WIP.py took 0.141 seconds
[2024-05-15T01:06:05.548+0000] {processor.py:161} INFO - Started process (PID=179) to work on /opt/airflow/dags/dag_WIP.py
[2024-05-15T01:06:05.549+0000] {processor.py:830} INFO - Processing file /opt/airflow/dags/dag_WIP.py for tasks to queue
[2024-05-15T01:06:05.550+0000] {logging_mixin.py:188} INFO - [2024-05-15T01:06:05.550+0000] {dagbag.py:540} INFO - Filling up the DagBag from /opt/airflow/dags/dag_WIP.py
[2024-05-15T01:06:05.623+0000] {processor.py:840} INFO - DAG(s) 'dag_main' retrieved from /opt/airflow/dags/dag_WIP.py
[2024-05-15T01:06:05.645+0000] {logging_mixin.py:188} INFO - [2024-05-15T01:06:05.644+0000] {dag.py:3047} INFO - Sync 1 DAGs
[2024-05-15T01:06:05.663+0000] {logging_mixin.py:188} INFO - [2024-05-15T01:06:05.662+0000] {dag.py:3834} INFO - Setting next_dagrun for dag_main to 2024-05-14 00:00:00+00:00, run_after=2024-05-15 00:00:00+00:00
[2024-05-15T01:06:05.682+0000] {processor.py:183} INFO - Processing /opt/airflow/dags/dag_WIP.py took 0.137 seconds
[2024-05-15T01:06:35.924+0000] {processor.py:161} INFO - Started process (PID=189) to work on /opt/airflow/dags/dag_WIP.py
[2024-05-15T01:06:35.925+0000] {processor.py:830} INFO - Processing file /opt/airflow/dags/dag_WIP.py for tasks to queue
[2024-05-15T01:06:35.927+0000] {logging_mixin.py:188} INFO - [2024-05-15T01:06:35.926+0000] {dagbag.py:540} INFO - Filling up the DagBag from /opt/airflow/dags/dag_WIP.py
[2024-05-15T01:06:36.004+0000] {processor.py:840} INFO - DAG(s) 'dag_main' retrieved from /opt/airflow/dags/dag_WIP.py
[2024-05-15T01:06:36.027+0000] {logging_mixin.py:188} INFO - [2024-05-15T01:06:36.027+0000] {dag.py:3047} INFO - Sync 1 DAGs
[2024-05-15T01:06:36.048+0000] {logging_mixin.py:188} INFO - [2024-05-15T01:06:36.048+0000] {dag.py:3834} INFO - Setting next_dagrun for dag_main to 2024-05-14 00:00:00+00:00, run_after=2024-05-15 00:00:00+00:00
[2024-05-15T01:06:36.067+0000] {processor.py:183} INFO - Processing /opt/airflow/dags/dag_WIP.py took 0.146 seconds
[2024-05-15T01:07:06.314+0000] {processor.py:161} INFO - Started process (PID=199) to work on /opt/airflow/dags/dag_WIP.py
[2024-05-15T01:07:06.315+0000] {processor.py:830} INFO - Processing file /opt/airflow/dags/dag_WIP.py for tasks to queue
[2024-05-15T01:07:06.317+0000] {logging_mixin.py:188} INFO - [2024-05-15T01:07:06.317+0000] {dagbag.py:540} INFO - Filling up the DagBag from /opt/airflow/dags/dag_WIP.py
[2024-05-15T01:07:06.413+0000] {processor.py:840} INFO - DAG(s) 'dag_main' retrieved from /opt/airflow/dags/dag_WIP.py
[2024-05-15T01:07:06.443+0000] {logging_mixin.py:188} INFO - [2024-05-15T01:07:06.442+0000] {dag.py:3047} INFO - Sync 1 DAGs
[2024-05-15T01:07:06.467+0000] {logging_mixin.py:188} INFO - [2024-05-15T01:07:06.467+0000] {dag.py:3834} INFO - Setting next_dagrun for dag_main to 2024-05-14 00:00:00+00:00, run_after=2024-05-15 00:00:00+00:00
[2024-05-15T01:07:06.491+0000] {processor.py:183} INFO - Processing /opt/airflow/dags/dag_WIP.py took 0.181 seconds
[2024-05-15T01:07:36.750+0000] {processor.py:161} INFO - Started process (PID=209) to work on /opt/airflow/dags/dag_WIP.py
[2024-05-15T01:07:36.751+0000] {processor.py:830} INFO - Processing file /opt/airflow/dags/dag_WIP.py for tasks to queue
[2024-05-15T01:07:36.753+0000] {logging_mixin.py:188} INFO - [2024-05-15T01:07:36.752+0000] {dagbag.py:540} INFO - Filling up the DagBag from /opt/airflow/dags/dag_WIP.py
[2024-05-15T01:07:36.830+0000] {processor.py:840} INFO - DAG(s) 'dag_main' retrieved from /opt/airflow/dags/dag_WIP.py
[2024-05-15T01:07:36.852+0000] {logging_mixin.py:188} INFO - [2024-05-15T01:07:36.852+0000] {dag.py:3047} INFO - Sync 1 DAGs
[2024-05-15T01:07:36.873+0000] {logging_mixin.py:188} INFO - [2024-05-15T01:07:36.873+0000] {dag.py:3834} INFO - Setting next_dagrun for dag_main to 2024-05-14 00:00:00+00:00, run_after=2024-05-15 00:00:00+00:00
[2024-05-15T01:07:36.889+0000] {processor.py:183} INFO - Processing /opt/airflow/dags/dag_WIP.py took 0.142 seconds
[2024-05-15T01:11:32.924+0000] {processor.py:161} INFO - Started process (PID=43) to work on /opt/airflow/dags/dag_WIP.py
[2024-05-15T01:11:32.926+0000] {processor.py:830} INFO - Processing file /opt/airflow/dags/dag_WIP.py for tasks to queue
[2024-05-15T01:11:32.929+0000] {logging_mixin.py:188} INFO - [2024-05-15T01:11:32.929+0000] {dagbag.py:540} INFO - Filling up the DagBag from /opt/airflow/dags/dag_WIP.py
[2024-05-15T01:11:33.272+0000] {processor.py:840} INFO - DAG(s) 'dag_main' retrieved from /opt/airflow/dags/dag_WIP.py
[2024-05-15T01:11:33.485+0000] {logging_mixin.py:188} INFO - [2024-05-15T01:11:33.485+0000] {dag.py:3047} INFO - Sync 1 DAGs
[2024-05-15T01:11:33.508+0000] {logging_mixin.py:188} INFO - [2024-05-15T01:11:33.508+0000] {dag.py:3834} INFO - Setting next_dagrun for dag_main to 2024-05-14 00:00:00+00:00, run_after=2024-05-15 00:00:00+00:00
[2024-05-15T01:11:33.532+0000] {processor.py:183} INFO - Processing /opt/airflow/dags/dag_WIP.py took 0.612 seconds
[2024-05-15T01:12:03.669+0000] {processor.py:161} INFO - Started process (PID=52) to work on /opt/airflow/dags/dag_WIP.py
[2024-05-15T01:12:03.670+0000] {processor.py:830} INFO - Processing file /opt/airflow/dags/dag_WIP.py for tasks to queue
[2024-05-15T01:12:03.672+0000] {logging_mixin.py:188} INFO - [2024-05-15T01:12:03.672+0000] {dagbag.py:540} INFO - Filling up the DagBag from /opt/airflow/dags/dag_WIP.py
[2024-05-15T01:12:03.759+0000] {processor.py:840} INFO - DAG(s) 'dag_main' retrieved from /opt/airflow/dags/dag_WIP.py
[2024-05-15T01:12:03.781+0000] {logging_mixin.py:188} INFO - [2024-05-15T01:12:03.781+0000] {dag.py:3047} INFO - Sync 1 DAGs
[2024-05-15T01:12:03.802+0000] {logging_mixin.py:188} INFO - [2024-05-15T01:12:03.802+0000] {dag.py:3834} INFO - Setting next_dagrun for dag_main to 2024-05-14 00:00:00+00:00, run_after=2024-05-15 00:00:00+00:00
[2024-05-15T01:12:03.821+0000] {processor.py:183} INFO - Processing /opt/airflow/dags/dag_WIP.py took 0.156 seconds
[2024-05-15T01:12:33.990+0000] {processor.py:161} INFO - Started process (PID=62) to work on /opt/airflow/dags/dag_WIP.py
[2024-05-15T01:12:33.991+0000] {processor.py:830} INFO - Processing file /opt/airflow/dags/dag_WIP.py for tasks to queue
[2024-05-15T01:12:33.993+0000] {logging_mixin.py:188} INFO - [2024-05-15T01:12:33.992+0000] {dagbag.py:540} INFO - Filling up the DagBag from /opt/airflow/dags/dag_WIP.py
[2024-05-15T01:12:34.062+0000] {processor.py:840} INFO - DAG(s) 'dag_main' retrieved from /opt/airflow/dags/dag_WIP.py
[2024-05-15T01:12:34.080+0000] {logging_mixin.py:188} INFO - [2024-05-15T01:12:34.080+0000] {dag.py:3047} INFO - Sync 1 DAGs
[2024-05-15T01:12:34.096+0000] {logging_mixin.py:188} INFO - [2024-05-15T01:12:34.096+0000] {dag.py:3834} INFO - Setting next_dagrun for dag_main to 2024-05-14 00:00:00+00:00, run_after=2024-05-15 00:00:00+00:00
[2024-05-15T01:12:34.112+0000] {processor.py:183} INFO - Processing /opt/airflow/dags/dag_WIP.py took 0.125 seconds
[2024-05-15T01:13:04.324+0000] {processor.py:161} INFO - Started process (PID=72) to work on /opt/airflow/dags/dag_WIP.py
[2024-05-15T01:13:04.325+0000] {processor.py:830} INFO - Processing file /opt/airflow/dags/dag_WIP.py for tasks to queue
[2024-05-15T01:13:04.327+0000] {logging_mixin.py:188} INFO - [2024-05-15T01:13:04.327+0000] {dagbag.py:540} INFO - Filling up the DagBag from /opt/airflow/dags/dag_WIP.py
[2024-05-15T01:13:04.400+0000] {processor.py:840} INFO - DAG(s) 'dag_main' retrieved from /opt/airflow/dags/dag_WIP.py
[2024-05-15T01:13:04.423+0000] {logging_mixin.py:188} INFO - [2024-05-15T01:13:04.422+0000] {dag.py:3047} INFO - Sync 1 DAGs
[2024-05-15T01:13:04.441+0000] {logging_mixin.py:188} INFO - [2024-05-15T01:13:04.441+0000] {dag.py:3834} INFO - Setting next_dagrun for dag_main to 2024-05-14 00:00:00+00:00, run_after=2024-05-15 00:00:00+00:00
[2024-05-15T01:13:04.457+0000] {processor.py:183} INFO - Processing /opt/airflow/dags/dag_WIP.py took 0.136 seconds
[2024-05-15T01:13:34.650+0000] {processor.py:161} INFO - Started process (PID=82) to work on /opt/airflow/dags/dag_WIP.py
[2024-05-15T01:13:34.651+0000] {processor.py:830} INFO - Processing file /opt/airflow/dags/dag_WIP.py for tasks to queue
[2024-05-15T01:13:34.653+0000] {logging_mixin.py:188} INFO - [2024-05-15T01:13:34.653+0000] {dagbag.py:540} INFO - Filling up the DagBag from /opt/airflow/dags/dag_WIP.py
[2024-05-15T01:13:34.729+0000] {processor.py:840} INFO - DAG(s) 'dag_main' retrieved from /opt/airflow/dags/dag_WIP.py
[2024-05-15T01:13:34.751+0000] {logging_mixin.py:188} INFO - [2024-05-15T01:13:34.750+0000] {dag.py:3047} INFO - Sync 1 DAGs
[2024-05-15T01:13:34.769+0000] {logging_mixin.py:188} INFO - [2024-05-15T01:13:34.769+0000] {dag.py:3834} INFO - Setting next_dagrun for dag_main to 2024-05-14 00:00:00+00:00, run_after=2024-05-15 00:00:00+00:00
[2024-05-15T01:13:34.788+0000] {processor.py:183} INFO - Processing /opt/airflow/dags/dag_WIP.py took 0.141 seconds
[2024-05-15T01:14:05.096+0000] {processor.py:161} INFO - Started process (PID=92) to work on /opt/airflow/dags/dag_WIP.py
[2024-05-15T01:14:05.097+0000] {processor.py:830} INFO - Processing file /opt/airflow/dags/dag_WIP.py for tasks to queue
[2024-05-15T01:14:05.099+0000] {logging_mixin.py:188} INFO - [2024-05-15T01:14:05.098+0000] {dagbag.py:540} INFO - Filling up the DagBag from /opt/airflow/dags/dag_WIP.py
[2024-05-15T01:14:05.178+0000] {processor.py:840} INFO - DAG(s) 'dag_main' retrieved from /opt/airflow/dags/dag_WIP.py
[2024-05-15T01:14:05.199+0000] {logging_mixin.py:188} INFO - [2024-05-15T01:14:05.199+0000] {dag.py:3047} INFO - Sync 1 DAGs
[2024-05-15T01:14:05.220+0000] {logging_mixin.py:188} INFO - [2024-05-15T01:14:05.220+0000] {dag.py:3834} INFO - Setting next_dagrun for dag_main to 2024-05-14 00:00:00+00:00, run_after=2024-05-15 00:00:00+00:00
[2024-05-15T01:14:05.237+0000] {processor.py:183} INFO - Processing /opt/airflow/dags/dag_WIP.py took 0.145 seconds
[2024-05-15T01:14:35.428+0000] {processor.py:161} INFO - Started process (PID=102) to work on /opt/airflow/dags/dag_WIP.py
[2024-05-15T01:14:35.429+0000] {processor.py:830} INFO - Processing file /opt/airflow/dags/dag_WIP.py for tasks to queue
[2024-05-15T01:14:35.431+0000] {logging_mixin.py:188} INFO - [2024-05-15T01:14:35.430+0000] {dagbag.py:540} INFO - Filling up the DagBag from /opt/airflow/dags/dag_WIP.py
[2024-05-15T01:14:35.511+0000] {processor.py:840} INFO - DAG(s) 'dag_main' retrieved from /opt/airflow/dags/dag_WIP.py
[2024-05-15T01:14:35.534+0000] {logging_mixin.py:188} INFO - [2024-05-15T01:14:35.533+0000] {dag.py:3047} INFO - Sync 1 DAGs
[2024-05-15T01:14:35.551+0000] {logging_mixin.py:188} INFO - [2024-05-15T01:14:35.551+0000] {dag.py:3834} INFO - Setting next_dagrun for dag_main to 2024-05-14 00:00:00+00:00, run_after=2024-05-15 00:00:00+00:00
[2024-05-15T01:14:35.568+0000] {processor.py:183} INFO - Processing /opt/airflow/dags/dag_WIP.py took 0.143 seconds
[2024-05-15T01:15:05.784+0000] {processor.py:161} INFO - Started process (PID=112) to work on /opt/airflow/dags/dag_WIP.py
[2024-05-15T01:15:05.785+0000] {processor.py:830} INFO - Processing file /opt/airflow/dags/dag_WIP.py for tasks to queue
[2024-05-15T01:15:05.787+0000] {logging_mixin.py:188} INFO - [2024-05-15T01:15:05.787+0000] {dagbag.py:540} INFO - Filling up the DagBag from /opt/airflow/dags/dag_WIP.py
[2024-05-15T01:15:05.860+0000] {processor.py:840} INFO - DAG(s) 'dag_main' retrieved from /opt/airflow/dags/dag_WIP.py
[2024-05-15T01:15:05.880+0000] {logging_mixin.py:188} INFO - [2024-05-15T01:15:05.880+0000] {dag.py:3047} INFO - Sync 1 DAGs
[2024-05-15T01:15:05.898+0000] {logging_mixin.py:188} INFO - [2024-05-15T01:15:05.898+0000] {dag.py:3834} INFO - Setting next_dagrun for dag_main to 2024-05-14 00:00:00+00:00, run_after=2024-05-15 00:00:00+00:00
[2024-05-15T01:15:05.917+0000] {processor.py:183} INFO - Processing /opt/airflow/dags/dag_WIP.py took 0.136 seconds
[2024-05-15T01:15:36.121+0000] {processor.py:161} INFO - Started process (PID=122) to work on /opt/airflow/dags/dag_WIP.py
[2024-05-15T01:15:36.122+0000] {processor.py:830} INFO - Processing file /opt/airflow/dags/dag_WIP.py for tasks to queue
[2024-05-15T01:15:36.124+0000] {logging_mixin.py:188} INFO - [2024-05-15T01:15:36.124+0000] {dagbag.py:540} INFO - Filling up the DagBag from /opt/airflow/dags/dag_WIP.py
[2024-05-15T01:15:36.203+0000] {processor.py:840} INFO - DAG(s) 'dag_main' retrieved from /opt/airflow/dags/dag_WIP.py
[2024-05-15T01:15:36.225+0000] {logging_mixin.py:188} INFO - [2024-05-15T01:15:36.224+0000] {dag.py:3047} INFO - Sync 1 DAGs
[2024-05-15T01:15:36.243+0000] {logging_mixin.py:188} INFO - [2024-05-15T01:15:36.242+0000] {dag.py:3834} INFO - Setting next_dagrun for dag_main to 2024-05-14 00:00:00+00:00, run_after=2024-05-15 00:00:00+00:00
[2024-05-15T01:15:36.262+0000] {processor.py:183} INFO - Processing /opt/airflow/dags/dag_WIP.py took 0.144 seconds
[2024-05-15T01:16:06.441+0000] {processor.py:161} INFO - Started process (PID=132) to work on /opt/airflow/dags/dag_WIP.py
[2024-05-15T01:16:06.442+0000] {processor.py:830} INFO - Processing file /opt/airflow/dags/dag_WIP.py for tasks to queue
[2024-05-15T01:16:06.444+0000] {logging_mixin.py:188} INFO - [2024-05-15T01:16:06.444+0000] {dagbag.py:540} INFO - Filling up the DagBag from /opt/airflow/dags/dag_WIP.py
[2024-05-15T01:16:06.526+0000] {processor.py:840} INFO - DAG(s) 'dag_main' retrieved from /opt/airflow/dags/dag_WIP.py
[2024-05-15T01:16:06.549+0000] {logging_mixin.py:188} INFO - [2024-05-15T01:16:06.549+0000] {dag.py:3047} INFO - Sync 1 DAGs
[2024-05-15T01:16:06.568+0000] {logging_mixin.py:188} INFO - [2024-05-15T01:16:06.568+0000] {dag.py:3834} INFO - Setting next_dagrun for dag_main to 2024-05-14 00:00:00+00:00, run_after=2024-05-15 00:00:00+00:00
[2024-05-15T01:16:06.584+0000] {processor.py:183} INFO - Processing /opt/airflow/dags/dag_WIP.py took 0.146 seconds
[2024-05-15T01:16:36.786+0000] {processor.py:161} INFO - Started process (PID=142) to work on /opt/airflow/dags/dag_WIP.py
[2024-05-15T01:16:36.787+0000] {processor.py:830} INFO - Processing file /opt/airflow/dags/dag_WIP.py for tasks to queue
[2024-05-15T01:16:36.789+0000] {logging_mixin.py:188} INFO - [2024-05-15T01:16:36.788+0000] {dagbag.py:540} INFO - Filling up the DagBag from /opt/airflow/dags/dag_WIP.py
[2024-05-15T01:16:36.872+0000] {processor.py:840} INFO - DAG(s) 'dag_main' retrieved from /opt/airflow/dags/dag_WIP.py
[2024-05-15T01:16:36.895+0000] {logging_mixin.py:188} INFO - [2024-05-15T01:16:36.894+0000] {dag.py:3047} INFO - Sync 1 DAGs
[2024-05-15T01:16:36.917+0000] {logging_mixin.py:188} INFO - [2024-05-15T01:16:36.917+0000] {dag.py:3834} INFO - Setting next_dagrun for dag_main to 2024-05-14 00:00:00+00:00, run_after=2024-05-15 00:00:00+00:00
[2024-05-15T01:16:36.941+0000] {processor.py:183} INFO - Processing /opt/airflow/dags/dag_WIP.py took 0.158 seconds
[2024-05-15T01:17:07.133+0000] {processor.py:161} INFO - Started process (PID=152) to work on /opt/airflow/dags/dag_WIP.py
[2024-05-15T01:17:07.134+0000] {processor.py:830} INFO - Processing file /opt/airflow/dags/dag_WIP.py for tasks to queue
[2024-05-15T01:17:07.136+0000] {logging_mixin.py:188} INFO - [2024-05-15T01:17:07.136+0000] {dagbag.py:540} INFO - Filling up the DagBag from /opt/airflow/dags/dag_WIP.py
[2024-05-15T01:17:07.211+0000] {processor.py:840} INFO - DAG(s) 'dag_main' retrieved from /opt/airflow/dags/dag_WIP.py
[2024-05-15T01:17:07.232+0000] {logging_mixin.py:188} INFO - [2024-05-15T01:17:07.232+0000] {dag.py:3047} INFO - Sync 1 DAGs
[2024-05-15T01:17:07.251+0000] {logging_mixin.py:188} INFO - [2024-05-15T01:17:07.251+0000] {dag.py:3834} INFO - Setting next_dagrun for dag_main to 2024-05-14 00:00:00+00:00, run_after=2024-05-15 00:00:00+00:00
[2024-05-15T01:17:07.266+0000] {processor.py:183} INFO - Processing /opt/airflow/dags/dag_WIP.py took 0.138 seconds
[2024-05-15T01:17:37.436+0000] {processor.py:161} INFO - Started process (PID=163) to work on /opt/airflow/dags/dag_WIP.py
[2024-05-15T01:17:37.437+0000] {processor.py:830} INFO - Processing file /opt/airflow/dags/dag_WIP.py for tasks to queue
[2024-05-15T01:17:37.439+0000] {logging_mixin.py:188} INFO - [2024-05-15T01:17:37.438+0000] {dagbag.py:540} INFO - Filling up the DagBag from /opt/airflow/dags/dag_WIP.py
[2024-05-15T01:17:37.518+0000] {processor.py:840} INFO - DAG(s) 'dag_main' retrieved from /opt/airflow/dags/dag_WIP.py
[2024-05-15T01:17:37.545+0000] {logging_mixin.py:188} INFO - [2024-05-15T01:17:37.544+0000] {dag.py:3047} INFO - Sync 1 DAGs
[2024-05-15T01:17:37.564+0000] {logging_mixin.py:188} INFO - [2024-05-15T01:17:37.564+0000] {dag.py:3834} INFO - Setting next_dagrun for dag_main to 2024-05-14 00:00:00+00:00, run_after=2024-05-15 00:00:00+00:00
[2024-05-15T01:17:37.580+0000] {processor.py:183} INFO - Processing /opt/airflow/dags/dag_WIP.py took 0.149 seconds
[2024-05-15T01:18:07.751+0000] {processor.py:161} INFO - Started process (PID=173) to work on /opt/airflow/dags/dag_WIP.py
[2024-05-15T01:18:07.753+0000] {processor.py:830} INFO - Processing file /opt/airflow/dags/dag_WIP.py for tasks to queue
[2024-05-15T01:18:07.756+0000] {logging_mixin.py:188} INFO - [2024-05-15T01:18:07.755+0000] {dagbag.py:540} INFO - Filling up the DagBag from /opt/airflow/dags/dag_WIP.py
[2024-05-15T01:18:07.839+0000] {processor.py:840} INFO - DAG(s) 'dag_main' retrieved from /opt/airflow/dags/dag_WIP.py
[2024-05-15T01:18:07.864+0000] {logging_mixin.py:188} INFO - [2024-05-15T01:18:07.864+0000] {dag.py:3047} INFO - Sync 1 DAGs
[2024-05-15T01:18:07.882+0000] {logging_mixin.py:188} INFO - [2024-05-15T01:18:07.882+0000] {dag.py:3834} INFO - Setting next_dagrun for dag_main to 2024-05-14 00:00:00+00:00, run_after=2024-05-15 00:00:00+00:00
[2024-05-15T01:18:07.899+0000] {processor.py:183} INFO - Processing /opt/airflow/dags/dag_WIP.py took 0.151 seconds
[2024-05-15T01:18:38.092+0000] {processor.py:161} INFO - Started process (PID=183) to work on /opt/airflow/dags/dag_WIP.py
[2024-05-15T01:18:38.093+0000] {processor.py:830} INFO - Processing file /opt/airflow/dags/dag_WIP.py for tasks to queue
[2024-05-15T01:18:38.096+0000] {logging_mixin.py:188} INFO - [2024-05-15T01:18:38.095+0000] {dagbag.py:540} INFO - Filling up the DagBag from /opt/airflow/dags/dag_WIP.py
[2024-05-15T01:18:38.168+0000] {processor.py:840} INFO - DAG(s) 'dag_main' retrieved from /opt/airflow/dags/dag_WIP.py
[2024-05-15T01:18:38.189+0000] {logging_mixin.py:188} INFO - [2024-05-15T01:18:38.189+0000] {dag.py:3047} INFO - Sync 1 DAGs
[2024-05-15T01:18:38.205+0000] {logging_mixin.py:188} INFO - [2024-05-15T01:18:38.205+0000] {dag.py:3834} INFO - Setting next_dagrun for dag_main to 2024-05-14 00:00:00+00:00, run_after=2024-05-15 00:00:00+00:00
[2024-05-15T01:18:38.223+0000] {processor.py:183} INFO - Processing /opt/airflow/dags/dag_WIP.py took 0.134 seconds
[2024-05-15T01:19:08.404+0000] {processor.py:161} INFO - Started process (PID=193) to work on /opt/airflow/dags/dag_WIP.py
[2024-05-15T01:19:08.405+0000] {processor.py:830} INFO - Processing file /opt/airflow/dags/dag_WIP.py for tasks to queue
[2024-05-15T01:19:08.406+0000] {logging_mixin.py:188} INFO - [2024-05-15T01:19:08.406+0000] {dagbag.py:540} INFO - Filling up the DagBag from /opt/airflow/dags/dag_WIP.py
[2024-05-15T01:19:08.483+0000] {processor.py:840} INFO - DAG(s) 'dag_main' retrieved from /opt/airflow/dags/dag_WIP.py
[2024-05-15T01:19:08.504+0000] {logging_mixin.py:188} INFO - [2024-05-15T01:19:08.504+0000] {dag.py:3047} INFO - Sync 1 DAGs
[2024-05-15T01:19:08.522+0000] {logging_mixin.py:188} INFO - [2024-05-15T01:19:08.522+0000] {dag.py:3834} INFO - Setting next_dagrun for dag_main to 2024-05-15 00:00:00+00:00, run_after=2024-05-16 00:00:00+00:00
[2024-05-15T01:19:08.539+0000] {processor.py:183} INFO - Processing /opt/airflow/dags/dag_WIP.py took 0.139 seconds
[2024-05-15T01:19:38.715+0000] {processor.py:161} INFO - Started process (PID=203) to work on /opt/airflow/dags/dag_WIP.py
[2024-05-15T01:19:38.716+0000] {processor.py:830} INFO - Processing file /opt/airflow/dags/dag_WIP.py for tasks to queue
[2024-05-15T01:19:38.718+0000] {logging_mixin.py:188} INFO - [2024-05-15T01:19:38.717+0000] {dagbag.py:540} INFO - Filling up the DagBag from /opt/airflow/dags/dag_WIP.py
[2024-05-15T01:19:38.803+0000] {processor.py:840} INFO - DAG(s) 'dag_main' retrieved from /opt/airflow/dags/dag_WIP.py
[2024-05-15T01:19:38.824+0000] {logging_mixin.py:188} INFO - [2024-05-15T01:19:38.824+0000] {dag.py:3047} INFO - Sync 1 DAGs
[2024-05-15T01:19:38.845+0000] {logging_mixin.py:188} INFO - [2024-05-15T01:19:38.844+0000] {dag.py:3834} INFO - Setting next_dagrun for dag_main to 2024-05-15 00:00:00+00:00, run_after=2024-05-16 00:00:00+00:00
[2024-05-15T01:19:38.864+0000] {processor.py:183} INFO - Processing /opt/airflow/dags/dag_WIP.py took 0.153 seconds
[2024-05-15T01:20:09.010+0000] {processor.py:161} INFO - Started process (PID=213) to work on /opt/airflow/dags/dag_WIP.py
[2024-05-15T01:20:09.011+0000] {processor.py:830} INFO - Processing file /opt/airflow/dags/dag_WIP.py for tasks to queue
[2024-05-15T01:20:09.012+0000] {logging_mixin.py:188} INFO - [2024-05-15T01:20:09.012+0000] {dagbag.py:540} INFO - Filling up the DagBag from /opt/airflow/dags/dag_WIP.py
[2024-05-15T01:20:09.095+0000] {processor.py:840} INFO - DAG(s) 'dag_main' retrieved from /opt/airflow/dags/dag_WIP.py
[2024-05-15T01:20:09.117+0000] {logging_mixin.py:188} INFO - [2024-05-15T01:20:09.117+0000] {dag.py:3047} INFO - Sync 1 DAGs
[2024-05-15T01:20:09.138+0000] {logging_mixin.py:188} INFO - [2024-05-15T01:20:09.137+0000] {dag.py:3834} INFO - Setting next_dagrun for dag_main to 2024-05-15 00:00:00+00:00, run_after=2024-05-16 00:00:00+00:00
[2024-05-15T01:20:09.158+0000] {processor.py:183} INFO - Processing /opt/airflow/dags/dag_WIP.py took 0.151 seconds
[2024-05-15T01:20:39.384+0000] {processor.py:161} INFO - Started process (PID=223) to work on /opt/airflow/dags/dag_WIP.py
[2024-05-15T01:20:39.385+0000] {processor.py:830} INFO - Processing file /opt/airflow/dags/dag_WIP.py for tasks to queue
[2024-05-15T01:20:39.387+0000] {logging_mixin.py:188} INFO - [2024-05-15T01:20:39.386+0000] {dagbag.py:540} INFO - Filling up the DagBag from /opt/airflow/dags/dag_WIP.py
[2024-05-15T01:20:39.461+0000] {processor.py:840} INFO - DAG(s) 'dag_main' retrieved from /opt/airflow/dags/dag_WIP.py
[2024-05-15T01:20:39.482+0000] {logging_mixin.py:188} INFO - [2024-05-15T01:20:39.482+0000] {dag.py:3047} INFO - Sync 1 DAGs
[2024-05-15T01:20:39.499+0000] {logging_mixin.py:188} INFO - [2024-05-15T01:20:39.499+0000] {dag.py:3834} INFO - Setting next_dagrun for dag_main to 2024-05-15 00:00:00+00:00, run_after=2024-05-16 00:00:00+00:00
[2024-05-15T01:20:39.519+0000] {processor.py:183} INFO - Processing /opt/airflow/dags/dag_WIP.py took 0.137 seconds
[2024-05-15T01:21:09.722+0000] {processor.py:161} INFO - Started process (PID=233) to work on /opt/airflow/dags/dag_WIP.py
[2024-05-15T01:21:09.723+0000] {processor.py:830} INFO - Processing file /opt/airflow/dags/dag_WIP.py for tasks to queue
[2024-05-15T01:21:09.724+0000] {logging_mixin.py:188} INFO - [2024-05-15T01:21:09.724+0000] {dagbag.py:540} INFO - Filling up the DagBag from /opt/airflow/dags/dag_WIP.py
[2024-05-15T01:21:09.796+0000] {processor.py:840} INFO - DAG(s) 'dag_main' retrieved from /opt/airflow/dags/dag_WIP.py
[2024-05-15T01:21:09.816+0000] {logging_mixin.py:188} INFO - [2024-05-15T01:21:09.816+0000] {dag.py:3047} INFO - Sync 1 DAGs
[2024-05-15T01:21:09.834+0000] {logging_mixin.py:188} INFO - [2024-05-15T01:21:09.834+0000] {dag.py:3834} INFO - Setting next_dagrun for dag_main to 2024-05-15 00:00:00+00:00, run_after=2024-05-16 00:00:00+00:00
[2024-05-15T01:21:09.849+0000] {processor.py:183} INFO - Processing /opt/airflow/dags/dag_WIP.py took 0.130 seconds
[2024-05-15T01:21:40.037+0000] {processor.py:161} INFO - Started process (PID=243) to work on /opt/airflow/dags/dag_WIP.py
[2024-05-15T01:21:40.038+0000] {processor.py:830} INFO - Processing file /opt/airflow/dags/dag_WIP.py for tasks to queue
[2024-05-15T01:21:40.040+0000] {logging_mixin.py:188} INFO - [2024-05-15T01:21:40.040+0000] {dagbag.py:540} INFO - Filling up the DagBag from /opt/airflow/dags/dag_WIP.py
[2024-05-15T01:21:40.117+0000] {processor.py:840} INFO - DAG(s) 'dag_main' retrieved from /opt/airflow/dags/dag_WIP.py
[2024-05-15T01:21:40.138+0000] {logging_mixin.py:188} INFO - [2024-05-15T01:21:40.138+0000] {dag.py:3047} INFO - Sync 1 DAGs
[2024-05-15T01:21:40.157+0000] {logging_mixin.py:188} INFO - [2024-05-15T01:21:40.156+0000] {dag.py:3834} INFO - Setting next_dagrun for dag_main to 2024-05-15 00:00:00+00:00, run_after=2024-05-16 00:00:00+00:00
[2024-05-15T01:21:40.174+0000] {processor.py:183} INFO - Processing /opt/airflow/dags/dag_WIP.py took 0.140 seconds
[2024-05-15T01:22:10.350+0000] {processor.py:161} INFO - Started process (PID=253) to work on /opt/airflow/dags/dag_WIP.py
[2024-05-15T01:22:10.351+0000] {processor.py:830} INFO - Processing file /opt/airflow/dags/dag_WIP.py for tasks to queue
[2024-05-15T01:22:10.353+0000] {logging_mixin.py:188} INFO - [2024-05-15T01:22:10.353+0000] {dagbag.py:540} INFO - Filling up the DagBag from /opt/airflow/dags/dag_WIP.py
[2024-05-15T01:22:10.428+0000] {processor.py:840} INFO - DAG(s) 'dag_main' retrieved from /opt/airflow/dags/dag_WIP.py
[2024-05-15T01:22:10.451+0000] {logging_mixin.py:188} INFO - [2024-05-15T01:22:10.450+0000] {dag.py:3047} INFO - Sync 1 DAGs
[2024-05-15T01:22:10.470+0000] {logging_mixin.py:188} INFO - [2024-05-15T01:22:10.469+0000] {dag.py:3834} INFO - Setting next_dagrun for dag_main to 2024-05-15 00:00:00+00:00, run_after=2024-05-16 00:00:00+00:00
[2024-05-15T01:22:10.490+0000] {processor.py:183} INFO - Processing /opt/airflow/dags/dag_WIP.py took 0.143 seconds
[2024-05-15T01:22:40.675+0000] {processor.py:161} INFO - Started process (PID=263) to work on /opt/airflow/dags/dag_WIP.py
[2024-05-15T01:22:40.676+0000] {processor.py:830} INFO - Processing file /opt/airflow/dags/dag_WIP.py for tasks to queue
[2024-05-15T01:22:40.678+0000] {logging_mixin.py:188} INFO - [2024-05-15T01:22:40.678+0000] {dagbag.py:540} INFO - Filling up the DagBag from /opt/airflow/dags/dag_WIP.py
[2024-05-15T01:22:40.754+0000] {processor.py:840} INFO - DAG(s) 'dag_main' retrieved from /opt/airflow/dags/dag_WIP.py
[2024-05-15T01:22:40.774+0000] {logging_mixin.py:188} INFO - [2024-05-15T01:22:40.774+0000] {dag.py:3047} INFO - Sync 1 DAGs
[2024-05-15T01:22:40.792+0000] {logging_mixin.py:188} INFO - [2024-05-15T01:22:40.791+0000] {dag.py:3834} INFO - Setting next_dagrun for dag_main to 2024-05-15 00:00:00+00:00, run_after=2024-05-16 00:00:00+00:00
[2024-05-15T01:22:40.807+0000] {processor.py:183} INFO - Processing /opt/airflow/dags/dag_WIP.py took 0.135 seconds
[2024-05-15T01:26:15.760+0000] {processor.py:161} INFO - Started process (PID=43) to work on /opt/airflow/dags/dag_WIP.py
[2024-05-15T01:26:15.762+0000] {processor.py:830} INFO - Processing file /opt/airflow/dags/dag_WIP.py for tasks to queue
[2024-05-15T01:26:15.764+0000] {logging_mixin.py:188} INFO - [2024-05-15T01:26:15.764+0000] {dagbag.py:540} INFO - Filling up the DagBag from /opt/airflow/dags/dag_WIP.py
[2024-05-15T01:26:16.071+0000] {processor.py:840} INFO - DAG(s) 'dag_main' retrieved from /opt/airflow/dags/dag_WIP.py
[2024-05-15T01:26:16.251+0000] {logging_mixin.py:188} INFO - [2024-05-15T01:26:16.251+0000] {dag.py:3047} INFO - Sync 1 DAGs
[2024-05-15T01:26:16.269+0000] {logging_mixin.py:188} INFO - [2024-05-15T01:26:16.269+0000] {dag.py:3834} INFO - Setting next_dagrun for dag_main to 2024-05-15 00:00:00+00:00, run_after=2024-05-16 00:00:00+00:00
[2024-05-15T01:26:16.292+0000] {processor.py:183} INFO - Processing /opt/airflow/dags/dag_WIP.py took 0.535 seconds
[2024-05-15T01:26:46.467+0000] {processor.py:161} INFO - Started process (PID=52) to work on /opt/airflow/dags/dag_WIP.py
[2024-05-15T01:26:46.468+0000] {processor.py:830} INFO - Processing file /opt/airflow/dags/dag_WIP.py for tasks to queue
[2024-05-15T01:26:46.470+0000] {logging_mixin.py:188} INFO - [2024-05-15T01:26:46.469+0000] {dagbag.py:540} INFO - Filling up the DagBag from /opt/airflow/dags/dag_WIP.py
[2024-05-15T01:26:46.551+0000] {processor.py:840} INFO - DAG(s) 'dag_main' retrieved from /opt/airflow/dags/dag_WIP.py
[2024-05-15T01:26:46.574+0000] {logging_mixin.py:188} INFO - [2024-05-15T01:26:46.574+0000] {dag.py:3047} INFO - Sync 1 DAGs
[2024-05-15T01:26:46.593+0000] {logging_mixin.py:188} INFO - [2024-05-15T01:26:46.593+0000] {dag.py:3834} INFO - Setting next_dagrun for dag_main to 2024-05-15 00:00:00+00:00, run_after=2024-05-16 00:00:00+00:00
[2024-05-15T01:26:46.611+0000] {processor.py:183} INFO - Processing /opt/airflow/dags/dag_WIP.py took 0.147 seconds
[2024-05-15T01:27:16.953+0000] {processor.py:161} INFO - Started process (PID=62) to work on /opt/airflow/dags/dag_WIP.py
[2024-05-15T01:27:16.954+0000] {processor.py:830} INFO - Processing file /opt/airflow/dags/dag_WIP.py for tasks to queue
[2024-05-15T01:27:16.956+0000] {logging_mixin.py:188} INFO - [2024-05-15T01:27:16.956+0000] {dagbag.py:540} INFO - Filling up the DagBag from /opt/airflow/dags/dag_WIP.py
[2024-05-15T01:27:17.035+0000] {processor.py:840} INFO - DAG(s) 'dag_main' retrieved from /opt/airflow/dags/dag_WIP.py
[2024-05-15T01:27:17.058+0000] {logging_mixin.py:188} INFO - [2024-05-15T01:27:17.058+0000] {dag.py:3047} INFO - Sync 1 DAGs
[2024-05-15T01:27:17.077+0000] {logging_mixin.py:188} INFO - [2024-05-15T01:27:17.077+0000] {dag.py:3834} INFO - Setting next_dagrun for dag_main to 2024-05-15 00:00:00+00:00, run_after=2024-05-16 00:00:00+00:00
[2024-05-15T01:27:17.093+0000] {processor.py:183} INFO - Processing /opt/airflow/dags/dag_WIP.py took 0.142 seconds
[2024-05-15T01:27:47.312+0000] {processor.py:161} INFO - Started process (PID=72) to work on /opt/airflow/dags/dag_WIP.py
[2024-05-15T01:27:47.313+0000] {processor.py:830} INFO - Processing file /opt/airflow/dags/dag_WIP.py for tasks to queue
[2024-05-15T01:27:47.314+0000] {logging_mixin.py:188} INFO - [2024-05-15T01:27:47.314+0000] {dagbag.py:540} INFO - Filling up the DagBag from /opt/airflow/dags/dag_WIP.py
[2024-05-15T01:27:47.396+0000] {processor.py:840} INFO - DAG(s) 'dag_main' retrieved from /opt/airflow/dags/dag_WIP.py
[2024-05-15T01:27:47.416+0000] {logging_mixin.py:188} INFO - [2024-05-15T01:27:47.415+0000] {dag.py:3047} INFO - Sync 1 DAGs
[2024-05-15T01:27:47.435+0000] {logging_mixin.py:188} INFO - [2024-05-15T01:27:47.434+0000] {dag.py:3834} INFO - Setting next_dagrun for dag_main to 2024-05-15 00:00:00+00:00, run_after=2024-05-16 00:00:00+00:00
[2024-05-15T01:27:47.453+0000] {processor.py:183} INFO - Processing /opt/airflow/dags/dag_WIP.py took 0.144 seconds
[2024-05-15T01:28:17.714+0000] {processor.py:161} INFO - Started process (PID=82) to work on /opt/airflow/dags/dag_WIP.py
[2024-05-15T01:28:17.715+0000] {processor.py:830} INFO - Processing file /opt/airflow/dags/dag_WIP.py for tasks to queue
[2024-05-15T01:28:17.716+0000] {logging_mixin.py:188} INFO - [2024-05-15T01:28:17.716+0000] {dagbag.py:540} INFO - Filling up the DagBag from /opt/airflow/dags/dag_WIP.py
[2024-05-15T01:28:17.793+0000] {processor.py:840} INFO - DAG(s) 'dag_main' retrieved from /opt/airflow/dags/dag_WIP.py
[2024-05-15T01:28:17.812+0000] {logging_mixin.py:188} INFO - [2024-05-15T01:28:17.812+0000] {dag.py:3047} INFO - Sync 1 DAGs
[2024-05-15T01:28:17.831+0000] {logging_mixin.py:188} INFO - [2024-05-15T01:28:17.830+0000] {dag.py:3834} INFO - Setting next_dagrun for dag_main to 2024-05-15 00:00:00+00:00, run_after=2024-05-16 00:00:00+00:00
[2024-05-15T01:28:17.853+0000] {processor.py:183} INFO - Processing /opt/airflow/dags/dag_WIP.py took 0.142 seconds
[2024-05-15T01:28:48.105+0000] {processor.py:161} INFO - Started process (PID=92) to work on /opt/airflow/dags/dag_WIP.py
[2024-05-15T01:28:48.106+0000] {processor.py:830} INFO - Processing file /opt/airflow/dags/dag_WIP.py for tasks to queue
[2024-05-15T01:28:48.108+0000] {logging_mixin.py:188} INFO - [2024-05-15T01:28:48.107+0000] {dagbag.py:540} INFO - Filling up the DagBag from /opt/airflow/dags/dag_WIP.py
[2024-05-15T01:28:48.192+0000] {processor.py:840} INFO - DAG(s) 'dag_main' retrieved from /opt/airflow/dags/dag_WIP.py
[2024-05-15T01:28:48.213+0000] {logging_mixin.py:188} INFO - [2024-05-15T01:28:48.213+0000] {dag.py:3047} INFO - Sync 1 DAGs
[2024-05-15T01:28:48.232+0000] {logging_mixin.py:188} INFO - [2024-05-15T01:28:48.231+0000] {dag.py:3834} INFO - Setting next_dagrun for dag_main to 2024-05-15 00:00:00+00:00, run_after=2024-05-16 00:00:00+00:00
[2024-05-15T01:28:48.248+0000] {processor.py:183} INFO - Processing /opt/airflow/dags/dag_WIP.py took 0.146 seconds
[2024-05-15T01:29:18.491+0000] {processor.py:161} INFO - Started process (PID=102) to work on /opt/airflow/dags/dag_WIP.py
[2024-05-15T01:29:18.492+0000] {processor.py:830} INFO - Processing file /opt/airflow/dags/dag_WIP.py for tasks to queue
[2024-05-15T01:29:18.494+0000] {logging_mixin.py:188} INFO - [2024-05-15T01:29:18.494+0000] {dagbag.py:540} INFO - Filling up the DagBag from /opt/airflow/dags/dag_WIP.py
[2024-05-15T01:29:18.567+0000] {processor.py:840} INFO - DAG(s) 'dag_main' retrieved from /opt/airflow/dags/dag_WIP.py
[2024-05-15T01:29:18.587+0000] {logging_mixin.py:188} INFO - [2024-05-15T01:29:18.586+0000] {dag.py:3047} INFO - Sync 1 DAGs
[2024-05-15T01:29:18.604+0000] {logging_mixin.py:188} INFO - [2024-05-15T01:29:18.604+0000] {dag.py:3834} INFO - Setting next_dagrun for dag_main to 2024-05-15 00:00:00+00:00, run_after=2024-05-16 00:00:00+00:00
[2024-05-15T01:29:18.621+0000] {processor.py:183} INFO - Processing /opt/airflow/dags/dag_WIP.py took 0.132 seconds
[2024-05-15T01:29:48.883+0000] {processor.py:161} INFO - Started process (PID=112) to work on /opt/airflow/dags/dag_WIP.py
[2024-05-15T01:29:48.884+0000] {processor.py:830} INFO - Processing file /opt/airflow/dags/dag_WIP.py for tasks to queue
[2024-05-15T01:29:48.885+0000] {logging_mixin.py:188} INFO - [2024-05-15T01:29:48.885+0000] {dagbag.py:540} INFO - Filling up the DagBag from /opt/airflow/dags/dag_WIP.py
[2024-05-15T01:29:48.962+0000] {processor.py:840} INFO - DAG(s) 'dag_main' retrieved from /opt/airflow/dags/dag_WIP.py
[2024-05-15T01:29:48.987+0000] {logging_mixin.py:188} INFO - [2024-05-15T01:29:48.986+0000] {dag.py:3047} INFO - Sync 1 DAGs
[2024-05-15T01:29:49.005+0000] {logging_mixin.py:188} INFO - [2024-05-15T01:29:49.005+0000] {dag.py:3834} INFO - Setting next_dagrun for dag_main to 2024-05-15 00:00:00+00:00, run_after=2024-05-16 00:00:00+00:00
[2024-05-15T01:29:49.021+0000] {processor.py:183} INFO - Processing /opt/airflow/dags/dag_WIP.py took 0.142 seconds
[2024-05-15T01:32:49.822+0000] {processor.py:161} INFO - Started process (PID=42) to work on /opt/airflow/dags/dag_WIP.py
[2024-05-15T01:32:49.823+0000] {processor.py:830} INFO - Processing file /opt/airflow/dags/dag_WIP.py for tasks to queue
[2024-05-15T01:32:49.826+0000] {logging_mixin.py:188} INFO - [2024-05-15T01:32:49.826+0000] {dagbag.py:540} INFO - Filling up the DagBag from /opt/airflow/dags/dag_WIP.py
[2024-05-15T01:32:50.115+0000] {processor.py:840} INFO - DAG(s) 'dag_WIP' retrieved from /opt/airflow/dags/dag_WIP.py
[2024-05-15T01:32:50.338+0000] {logging_mixin.py:188} INFO - [2024-05-15T01:32:50.337+0000] {override.py:1769} INFO - Created Permission View: can delete on DAG:dag_WIP
[2024-05-15T01:32:50.353+0000] {logging_mixin.py:188} INFO - [2024-05-15T01:32:50.353+0000] {override.py:1769} INFO - Created Permission View: can edit on DAG:dag_WIP
[2024-05-15T01:32:50.362+0000] {logging_mixin.py:188} INFO - [2024-05-15T01:32:50.361+0000] {override.py:1769} INFO - Created Permission View: can read on DAG:dag_WIP
[2024-05-15T01:32:50.363+0000] {logging_mixin.py:188} INFO - [2024-05-15T01:32:50.362+0000] {dag.py:3047} INFO - Sync 1 DAGs
[2024-05-15T01:32:50.374+0000] {logging_mixin.py:188} INFO - [2024-05-15T01:32:50.373+0000] {dag.py:3069} INFO - Creating ORM DAG for dag_WIP
[2024-05-15T01:32:50.384+0000] {logging_mixin.py:188} INFO - [2024-05-15T01:32:50.384+0000] {dag.py:3834} INFO - Setting next_dagrun for dag_WIP to 2024-05-14 00:00:00+00:00, run_after=2024-05-15 00:00:00+00:00
[2024-05-15T01:32:50.406+0000] {processor.py:183} INFO - Processing /opt/airflow/dags/dag_WIP.py took 0.587 seconds
[2024-05-15T01:33:20.831+0000] {processor.py:161} INFO - Started process (PID=52) to work on /opt/airflow/dags/dag_WIP.py
[2024-05-15T01:33:20.832+0000] {processor.py:830} INFO - Processing file /opt/airflow/dags/dag_WIP.py for tasks to queue
[2024-05-15T01:33:20.834+0000] {logging_mixin.py:188} INFO - [2024-05-15T01:33:20.834+0000] {dagbag.py:540} INFO - Filling up the DagBag from /opt/airflow/dags/dag_WIP.py
[2024-05-15T01:33:20.917+0000] {processor.py:840} INFO - DAG(s) 'dag_WIP' retrieved from /opt/airflow/dags/dag_WIP.py
[2024-05-15T01:33:20.939+0000] {logging_mixin.py:188} INFO - [2024-05-15T01:33:20.939+0000] {dag.py:3047} INFO - Sync 1 DAGs
[2024-05-15T01:33:20.958+0000] {logging_mixin.py:188} INFO - [2024-05-15T01:33:20.958+0000] {dag.py:3834} INFO - Setting next_dagrun for dag_WIP to 2024-05-14 00:00:00+00:00, run_after=2024-05-15 00:00:00+00:00
[2024-05-15T01:33:20.974+0000] {processor.py:183} INFO - Processing /opt/airflow/dags/dag_WIP.py took 0.146 seconds
[2024-05-15T01:33:51.208+0000] {processor.py:161} INFO - Started process (PID=62) to work on /opt/airflow/dags/dag_WIP.py
[2024-05-15T01:33:51.209+0000] {processor.py:830} INFO - Processing file /opt/airflow/dags/dag_WIP.py for tasks to queue
[2024-05-15T01:33:51.210+0000] {logging_mixin.py:188} INFO - [2024-05-15T01:33:51.209+0000] {dagbag.py:540} INFO - Filling up the DagBag from /opt/airflow/dags/dag_WIP.py
[2024-05-15T01:33:51.288+0000] {processor.py:840} INFO - DAG(s) 'dag_WIP' retrieved from /opt/airflow/dags/dag_WIP.py
[2024-05-15T01:33:51.311+0000] {logging_mixin.py:188} INFO - [2024-05-15T01:33:51.310+0000] {dag.py:3047} INFO - Sync 1 DAGs
[2024-05-15T01:33:51.331+0000] {logging_mixin.py:188} INFO - [2024-05-15T01:33:51.330+0000] {dag.py:3834} INFO - Setting next_dagrun for dag_WIP to 2024-05-14 00:00:00+00:00, run_after=2024-05-15 00:00:00+00:00
[2024-05-15T01:33:51.348+0000] {processor.py:183} INFO - Processing /opt/airflow/dags/dag_WIP.py took 0.144 seconds
[2024-05-15T01:34:21.582+0000] {processor.py:161} INFO - Started process (PID=72) to work on /opt/airflow/dags/dag_WIP.py
[2024-05-15T01:34:21.583+0000] {processor.py:830} INFO - Processing file /opt/airflow/dags/dag_WIP.py for tasks to queue
[2024-05-15T01:34:21.584+0000] {logging_mixin.py:188} INFO - [2024-05-15T01:34:21.584+0000] {dagbag.py:540} INFO - Filling up the DagBag from /opt/airflow/dags/dag_WIP.py
[2024-05-15T01:34:21.664+0000] {processor.py:840} INFO - DAG(s) 'dag_WIP' retrieved from /opt/airflow/dags/dag_WIP.py
[2024-05-15T01:34:21.685+0000] {logging_mixin.py:188} INFO - [2024-05-15T01:34:21.684+0000] {dag.py:3047} INFO - Sync 1 DAGs
[2024-05-15T01:34:21.703+0000] {logging_mixin.py:188} INFO - [2024-05-15T01:34:21.702+0000] {dag.py:3834} INFO - Setting next_dagrun for dag_WIP to 2024-05-14 00:00:00+00:00, run_after=2024-05-15 00:00:00+00:00
[2024-05-15T01:34:21.719+0000] {processor.py:183} INFO - Processing /opt/airflow/dags/dag_WIP.py took 0.140 seconds
[2024-05-15T01:34:51.954+0000] {processor.py:161} INFO - Started process (PID=82) to work on /opt/airflow/dags/dag_WIP.py
[2024-05-15T01:34:51.956+0000] {processor.py:830} INFO - Processing file /opt/airflow/dags/dag_WIP.py for tasks to queue
[2024-05-15T01:34:51.957+0000] {logging_mixin.py:188} INFO - [2024-05-15T01:34:51.957+0000] {dagbag.py:540} INFO - Filling up the DagBag from /opt/airflow/dags/dag_WIP.py
[2024-05-15T01:34:52.057+0000] {processor.py:840} INFO - DAG(s) 'dag_WIP' retrieved from /opt/airflow/dags/dag_WIP.py
[2024-05-15T01:34:52.085+0000] {logging_mixin.py:188} INFO - [2024-05-15T01:34:52.085+0000] {dag.py:3047} INFO - Sync 1 DAGs
[2024-05-15T01:34:52.107+0000] {logging_mixin.py:188} INFO - [2024-05-15T01:34:52.106+0000] {dag.py:3834} INFO - Setting next_dagrun for dag_WIP to 2024-05-14 00:00:00+00:00, run_after=2024-05-15 00:00:00+00:00
[2024-05-15T01:34:52.126+0000] {processor.py:183} INFO - Processing /opt/airflow/dags/dag_WIP.py took 0.176 seconds
[2024-05-15T01:35:22.342+0000] {processor.py:161} INFO - Started process (PID=92) to work on /opt/airflow/dags/dag_WIP.py
[2024-05-15T01:35:22.343+0000] {processor.py:830} INFO - Processing file /opt/airflow/dags/dag_WIP.py for tasks to queue
[2024-05-15T01:35:22.344+0000] {logging_mixin.py:188} INFO - [2024-05-15T01:35:22.344+0000] {dagbag.py:540} INFO - Filling up the DagBag from /opt/airflow/dags/dag_WIP.py
[2024-05-15T01:35:22.447+0000] {processor.py:840} INFO - DAG(s) 'dag_WIP' retrieved from /opt/airflow/dags/dag_WIP.py
[2024-05-15T01:35:22.476+0000] {logging_mixin.py:188} INFO - [2024-05-15T01:35:22.476+0000] {dag.py:3047} INFO - Sync 1 DAGs
[2024-05-15T01:35:22.501+0000] {logging_mixin.py:188} INFO - [2024-05-15T01:35:22.501+0000] {dag.py:3834} INFO - Setting next_dagrun for dag_WIP to 2024-05-14 00:00:00+00:00, run_after=2024-05-15 00:00:00+00:00
[2024-05-15T01:35:22.523+0000] {processor.py:183} INFO - Processing /opt/airflow/dags/dag_WIP.py took 0.185 seconds
[2024-05-15T01:35:52.742+0000] {processor.py:161} INFO - Started process (PID=102) to work on /opt/airflow/dags/dag_WIP.py
[2024-05-15T01:35:52.743+0000] {processor.py:830} INFO - Processing file /opt/airflow/dags/dag_WIP.py for tasks to queue
[2024-05-15T01:35:52.744+0000] {logging_mixin.py:188} INFO - [2024-05-15T01:35:52.743+0000] {dagbag.py:540} INFO - Filling up the DagBag from /opt/airflow/dags/dag_WIP.py
[2024-05-15T01:35:52.841+0000] {processor.py:840} INFO - DAG(s) 'dag_WIP' retrieved from /opt/airflow/dags/dag_WIP.py
[2024-05-15T01:35:52.870+0000] {logging_mixin.py:188} INFO - [2024-05-15T01:35:52.870+0000] {dag.py:3047} INFO - Sync 1 DAGs
[2024-05-15T01:35:52.892+0000] {logging_mixin.py:188} INFO - [2024-05-15T01:35:52.892+0000] {dag.py:3834} INFO - Setting next_dagrun for dag_WIP to 2024-05-14 00:00:00+00:00, run_after=2024-05-15 00:00:00+00:00
[2024-05-15T01:35:52.914+0000] {processor.py:183} INFO - Processing /opt/airflow/dags/dag_WIP.py took 0.176 seconds
[2024-05-15T01:36:23.133+0000] {processor.py:161} INFO - Started process (PID=112) to work on /opt/airflow/dags/dag_WIP.py
[2024-05-15T01:36:23.134+0000] {processor.py:830} INFO - Processing file /opt/airflow/dags/dag_WIP.py for tasks to queue
[2024-05-15T01:36:23.135+0000] {logging_mixin.py:188} INFO - [2024-05-15T01:36:23.135+0000] {dagbag.py:540} INFO - Filling up the DagBag from /opt/airflow/dags/dag_WIP.py
[2024-05-15T01:36:23.227+0000] {processor.py:840} INFO - DAG(s) 'dag_WIP' retrieved from /opt/airflow/dags/dag_WIP.py
[2024-05-15T01:36:23.254+0000] {logging_mixin.py:188} INFO - [2024-05-15T01:36:23.254+0000] {dag.py:3047} INFO - Sync 1 DAGs
[2024-05-15T01:36:23.277+0000] {logging_mixin.py:188} INFO - [2024-05-15T01:36:23.276+0000] {dag.py:3834} INFO - Setting next_dagrun for dag_WIP to 2024-05-14 00:00:00+00:00, run_after=2024-05-15 00:00:00+00:00
[2024-05-15T01:36:23.297+0000] {processor.py:183} INFO - Processing /opt/airflow/dags/dag_WIP.py took 0.166 seconds
[2024-05-15T01:36:53.531+0000] {processor.py:161} INFO - Started process (PID=122) to work on /opt/airflow/dags/dag_WIP.py
[2024-05-15T01:36:53.532+0000] {processor.py:830} INFO - Processing file /opt/airflow/dags/dag_WIP.py for tasks to queue
[2024-05-15T01:36:53.533+0000] {logging_mixin.py:188} INFO - [2024-05-15T01:36:53.532+0000] {dagbag.py:540} INFO - Filling up the DagBag from /opt/airflow/dags/dag_WIP.py
[2024-05-15T01:36:53.630+0000] {processor.py:840} INFO - DAG(s) 'dag_WIP' retrieved from /opt/airflow/dags/dag_WIP.py
[2024-05-15T01:36:53.655+0000] {logging_mixin.py:188} INFO - [2024-05-15T01:36:53.655+0000] {dag.py:3047} INFO - Sync 1 DAGs
[2024-05-15T01:36:53.676+0000] {logging_mixin.py:188} INFO - [2024-05-15T01:36:53.676+0000] {dag.py:3834} INFO - Setting next_dagrun for dag_WIP to 2024-05-14 00:00:00+00:00, run_after=2024-05-15 00:00:00+00:00
[2024-05-15T01:36:53.697+0000] {processor.py:183} INFO - Processing /opt/airflow/dags/dag_WIP.py took 0.169 seconds
[2024-05-15T01:37:23.922+0000] {processor.py:161} INFO - Started process (PID=132) to work on /opt/airflow/dags/dag_WIP.py
[2024-05-15T01:37:23.923+0000] {processor.py:830} INFO - Processing file /opt/airflow/dags/dag_WIP.py for tasks to queue
[2024-05-15T01:37:23.924+0000] {logging_mixin.py:188} INFO - [2024-05-15T01:37:23.924+0000] {dagbag.py:540} INFO - Filling up the DagBag from /opt/airflow/dags/dag_WIP.py
[2024-05-15T01:37:24.006+0000] {processor.py:840} INFO - DAG(s) 'dag_WIP' retrieved from /opt/airflow/dags/dag_WIP.py
[2024-05-15T01:37:24.028+0000] {logging_mixin.py:188} INFO - [2024-05-15T01:37:24.028+0000] {dag.py:3047} INFO - Sync 1 DAGs
[2024-05-15T01:37:24.045+0000] {logging_mixin.py:188} INFO - [2024-05-15T01:37:24.045+0000] {dag.py:3834} INFO - Setting next_dagrun for dag_WIP to 2024-05-14 00:00:00+00:00, run_after=2024-05-15 00:00:00+00:00
[2024-05-15T01:37:24.067+0000] {processor.py:183} INFO - Processing /opt/airflow/dags/dag_WIP.py took 0.148 seconds
[2024-05-15T01:37:54.371+0000] {processor.py:161} INFO - Started process (PID=143) to work on /opt/airflow/dags/dag_WIP.py
[2024-05-15T01:37:54.372+0000] {processor.py:830} INFO - Processing file /opt/airflow/dags/dag_WIP.py for tasks to queue
[2024-05-15T01:37:54.373+0000] {logging_mixin.py:188} INFO - [2024-05-15T01:37:54.372+0000] {dagbag.py:540} INFO - Filling up the DagBag from /opt/airflow/dags/dag_WIP.py
[2024-05-15T01:37:54.452+0000] {processor.py:840} INFO - DAG(s) 'dag_WIP' retrieved from /opt/airflow/dags/dag_WIP.py
[2024-05-15T01:37:54.475+0000] {logging_mixin.py:188} INFO - [2024-05-15T01:37:54.474+0000] {dag.py:3047} INFO - Sync 1 DAGs
[2024-05-15T01:37:54.494+0000] {logging_mixin.py:188} INFO - [2024-05-15T01:37:54.494+0000] {dag.py:3834} INFO - Setting next_dagrun for dag_WIP to 2024-05-14 00:00:00+00:00, run_after=2024-05-15 00:00:00+00:00
[2024-05-15T01:37:54.512+0000] {processor.py:183} INFO - Processing /opt/airflow/dags/dag_WIP.py took 0.145 seconds
[2024-05-15T01:38:24.737+0000] {processor.py:161} INFO - Started process (PID=153) to work on /opt/airflow/dags/dag_WIP.py
[2024-05-15T01:38:24.739+0000] {processor.py:830} INFO - Processing file /opt/airflow/dags/dag_WIP.py for tasks to queue
[2024-05-15T01:38:24.740+0000] {logging_mixin.py:188} INFO - [2024-05-15T01:38:24.739+0000] {dagbag.py:540} INFO - Filling up the DagBag from /opt/airflow/dags/dag_WIP.py
[2024-05-15T01:38:24.817+0000] {processor.py:840} INFO - DAG(s) 'dag_WIP' retrieved from /opt/airflow/dags/dag_WIP.py
[2024-05-15T01:38:24.838+0000] {logging_mixin.py:188} INFO - [2024-05-15T01:38:24.838+0000] {dag.py:3047} INFO - Sync 1 DAGs
[2024-05-15T01:38:24.856+0000] {logging_mixin.py:188} INFO - [2024-05-15T01:38:24.856+0000] {dag.py:3834} INFO - Setting next_dagrun for dag_WIP to 2024-05-14 00:00:00+00:00, run_after=2024-05-15 00:00:00+00:00
[2024-05-15T01:38:24.871+0000] {processor.py:183} INFO - Processing /opt/airflow/dags/dag_WIP.py took 0.137 seconds
[2024-05-15T01:38:55.125+0000] {processor.py:161} INFO - Started process (PID=163) to work on /opt/airflow/dags/dag_WIP.py
[2024-05-15T01:38:55.126+0000] {processor.py:830} INFO - Processing file /opt/airflow/dags/dag_WIP.py for tasks to queue
[2024-05-15T01:38:55.127+0000] {logging_mixin.py:188} INFO - [2024-05-15T01:38:55.127+0000] {dagbag.py:540} INFO - Filling up the DagBag from /opt/airflow/dags/dag_WIP.py
[2024-05-15T01:38:55.207+0000] {processor.py:840} INFO - DAG(s) 'dag_WIP' retrieved from /opt/airflow/dags/dag_WIP.py
[2024-05-15T01:38:55.229+0000] {logging_mixin.py:188} INFO - [2024-05-15T01:38:55.229+0000] {dag.py:3047} INFO - Sync 1 DAGs
[2024-05-15T01:38:55.248+0000] {logging_mixin.py:188} INFO - [2024-05-15T01:38:55.248+0000] {dag.py:3834} INFO - Setting next_dagrun for dag_WIP to 2024-05-14 00:00:00+00:00, run_after=2024-05-15 00:00:00+00:00
[2024-05-15T01:38:55.265+0000] {processor.py:183} INFO - Processing /opt/airflow/dags/dag_WIP.py took 0.143 seconds
[2024-05-15T01:39:25.520+0000] {processor.py:161} INFO - Started process (PID=173) to work on /opt/airflow/dags/dag_WIP.py
[2024-05-15T01:39:25.521+0000] {processor.py:830} INFO - Processing file /opt/airflow/dags/dag_WIP.py for tasks to queue
[2024-05-15T01:39:25.522+0000] {logging_mixin.py:188} INFO - [2024-05-15T01:39:25.522+0000] {dagbag.py:540} INFO - Filling up the DagBag from /opt/airflow/dags/dag_WIP.py
[2024-05-15T01:39:25.623+0000] {processor.py:840} INFO - DAG(s) 'dag_WIP' retrieved from /opt/airflow/dags/dag_WIP.py
[2024-05-15T01:39:25.650+0000] {logging_mixin.py:188} INFO - [2024-05-15T01:39:25.649+0000] {dag.py:3047} INFO - Sync 1 DAGs
[2024-05-15T01:39:25.673+0000] {logging_mixin.py:188} INFO - [2024-05-15T01:39:25.672+0000] {dag.py:3834} INFO - Setting next_dagrun for dag_WIP to 2024-05-14 00:00:00+00:00, run_after=2024-05-15 00:00:00+00:00
[2024-05-15T01:39:25.695+0000] {processor.py:183} INFO - Processing /opt/airflow/dags/dag_WIP.py took 0.179 seconds
