[2024-05-15T00:44:49.836+0000] {processor.py:161} INFO - Started process (PID=44) to work on /opt/airflow/dags/dag_example.py
[2024-05-15T00:44:49.837+0000] {processor.py:830} INFO - Processing file /opt/airflow/dags/dag_example.py for tasks to queue
[2024-05-15T00:44:49.839+0000] {logging_mixin.py:188} INFO - [2024-05-15T00:44:49.839+0000] {dagbag.py:540} INFO - Filling up the DagBag from /opt/airflow/dags/dag_example.py
[2024-05-15T00:44:49.869+0000] {processor.py:840} INFO - DAG(s) 'dag_example' retrieved from /opt/airflow/dags/dag_example.py
[2024-05-15T00:44:50.109+0000] {logging_mixin.py:188} INFO - [2024-05-15T00:44:50.108+0000] {override.py:1769} INFO - Created Permission View: can delete on DAG:dag_example
[2024-05-15T00:44:50.123+0000] {logging_mixin.py:188} INFO - [2024-05-15T00:44:50.122+0000] {override.py:1769} INFO - Created Permission View: can edit on DAG:dag_example
[2024-05-15T00:44:50.131+0000] {logging_mixin.py:188} INFO - [2024-05-15T00:44:50.131+0000] {override.py:1769} INFO - Created Permission View: can read on DAG:dag_example
[2024-05-15T00:44:50.132+0000] {logging_mixin.py:188} INFO - [2024-05-15T00:44:50.132+0000] {dag.py:3047} INFO - Sync 1 DAGs
[2024-05-15T00:44:50.146+0000] {logging_mixin.py:188} INFO - [2024-05-15T00:44:50.146+0000] {dag.py:3069} INFO - Creating ORM DAG for dag_example
[2024-05-15T00:44:50.160+0000] {logging_mixin.py:188} INFO - [2024-05-15T00:44:50.160+0000] {dag.py:3834} INFO - Setting next_dagrun for dag_example to 2024-05-14 00:00:00+00:00, run_after=2024-05-15 00:00:00+00:00
[2024-05-15T00:44:50.184+0000] {processor.py:183} INFO - Processing /opt/airflow/dags/dag_example.py took 0.354 seconds
[2024-05-15T00:45:20.432+0000] {processor.py:161} INFO - Started process (PID=53) to work on /opt/airflow/dags/dag_example.py
[2024-05-15T00:45:20.433+0000] {processor.py:830} INFO - Processing file /opt/airflow/dags/dag_example.py for tasks to queue
[2024-05-15T00:45:20.435+0000] {logging_mixin.py:188} INFO - [2024-05-15T00:45:20.435+0000] {dagbag.py:540} INFO - Filling up the DagBag from /opt/airflow/dags/dag_example.py
[2024-05-15T00:45:20.466+0000] {processor.py:840} INFO - DAG(s) 'dag_example' retrieved from /opt/airflow/dags/dag_example.py
[2024-05-15T00:45:20.504+0000] {logging_mixin.py:188} INFO - [2024-05-15T00:45:20.504+0000] {dag.py:3047} INFO - Sync 1 DAGs
[2024-05-15T00:45:20.534+0000] {logging_mixin.py:188} INFO - [2024-05-15T00:45:20.534+0000] {dag.py:3834} INFO - Setting next_dagrun for dag_example to 2024-05-14 00:00:00+00:00, run_after=2024-05-15 00:00:00+00:00
[2024-05-15T00:45:20.555+0000] {processor.py:183} INFO - Processing /opt/airflow/dags/dag_example.py took 0.126 seconds
[2024-05-15T00:45:50.814+0000] {processor.py:161} INFO - Started process (PID=62) to work on /opt/airflow/dags/dag_example.py
[2024-05-15T00:45:50.815+0000] {processor.py:830} INFO - Processing file /opt/airflow/dags/dag_example.py for tasks to queue
[2024-05-15T00:45:50.817+0000] {logging_mixin.py:188} INFO - [2024-05-15T00:45:50.817+0000] {dagbag.py:540} INFO - Filling up the DagBag from /opt/airflow/dags/dag_example.py
[2024-05-15T00:45:50.838+0000] {processor.py:840} INFO - DAG(s) 'dag_example' retrieved from /opt/airflow/dags/dag_example.py
[2024-05-15T00:45:50.865+0000] {logging_mixin.py:188} INFO - [2024-05-15T00:45:50.865+0000] {dag.py:3047} INFO - Sync 1 DAGs
[2024-05-15T00:45:50.890+0000] {logging_mixin.py:188} INFO - [2024-05-15T00:45:50.889+0000] {dag.py:3834} INFO - Setting next_dagrun for dag_example to 2024-05-14 00:00:00+00:00, run_after=2024-05-15 00:00:00+00:00
[2024-05-15T00:45:50.913+0000] {processor.py:183} INFO - Processing /opt/airflow/dags/dag_example.py took 0.103 seconds
[2024-05-15T00:46:21.171+0000] {processor.py:161} INFO - Started process (PID=71) to work on /opt/airflow/dags/dag_example.py
[2024-05-15T00:46:21.172+0000] {processor.py:830} INFO - Processing file /opt/airflow/dags/dag_example.py for tasks to queue
[2024-05-15T00:46:21.173+0000] {logging_mixin.py:188} INFO - [2024-05-15T00:46:21.173+0000] {dagbag.py:540} INFO - Filling up the DagBag from /opt/airflow/dags/dag_example.py
[2024-05-15T00:46:21.191+0000] {processor.py:840} INFO - DAG(s) 'dag_example' retrieved from /opt/airflow/dags/dag_example.py
[2024-05-15T00:46:21.215+0000] {logging_mixin.py:188} INFO - [2024-05-15T00:46:21.214+0000] {dag.py:3047} INFO - Sync 1 DAGs
[2024-05-15T00:46:21.236+0000] {logging_mixin.py:188} INFO - [2024-05-15T00:46:21.236+0000] {dag.py:3834} INFO - Setting next_dagrun for dag_example to 2024-05-14 00:00:00+00:00, run_after=2024-05-15 00:00:00+00:00
[2024-05-15T00:46:21.256+0000] {processor.py:183} INFO - Processing /opt/airflow/dags/dag_example.py took 0.088 seconds
[2024-05-15T00:46:51.503+0000] {processor.py:161} INFO - Started process (PID=80) to work on /opt/airflow/dags/dag_example.py
[2024-05-15T00:46:51.505+0000] {processor.py:830} INFO - Processing file /opt/airflow/dags/dag_example.py for tasks to queue
[2024-05-15T00:46:51.506+0000] {logging_mixin.py:188} INFO - [2024-05-15T00:46:51.506+0000] {dagbag.py:540} INFO - Filling up the DagBag from /opt/airflow/dags/dag_example.py
[2024-05-15T00:46:51.524+0000] {processor.py:840} INFO - DAG(s) 'dag_example' retrieved from /opt/airflow/dags/dag_example.py
[2024-05-15T00:46:51.545+0000] {logging_mixin.py:188} INFO - [2024-05-15T00:46:51.545+0000] {dag.py:3047} INFO - Sync 1 DAGs
[2024-05-15T00:46:51.568+0000] {logging_mixin.py:188} INFO - [2024-05-15T00:46:51.568+0000] {dag.py:3834} INFO - Setting next_dagrun for dag_example to 2024-05-14 00:00:00+00:00, run_after=2024-05-15 00:00:00+00:00
[2024-05-15T00:46:51.585+0000] {processor.py:183} INFO - Processing /opt/airflow/dags/dag_example.py took 0.084 seconds
[2024-05-15T00:47:21.827+0000] {processor.py:161} INFO - Started process (PID=89) to work on /opt/airflow/dags/dag_example.py
[2024-05-15T00:47:21.828+0000] {processor.py:830} INFO - Processing file /opt/airflow/dags/dag_example.py for tasks to queue
[2024-05-15T00:47:21.830+0000] {logging_mixin.py:188} INFO - [2024-05-15T00:47:21.830+0000] {dagbag.py:540} INFO - Filling up the DagBag from /opt/airflow/dags/dag_example.py
[2024-05-15T00:47:21.849+0000] {processor.py:840} INFO - DAG(s) 'dag_example' retrieved from /opt/airflow/dags/dag_example.py
[2024-05-15T00:47:21.872+0000] {logging_mixin.py:188} INFO - [2024-05-15T00:47:21.872+0000] {dag.py:3047} INFO - Sync 1 DAGs
[2024-05-15T00:47:21.895+0000] {logging_mixin.py:188} INFO - [2024-05-15T00:47:21.895+0000] {dag.py:3834} INFO - Setting next_dagrun for dag_example to 2024-05-14 00:00:00+00:00, run_after=2024-05-15 00:00:00+00:00
[2024-05-15T00:47:21.913+0000] {processor.py:183} INFO - Processing /opt/airflow/dags/dag_example.py took 0.088 seconds
[2024-05-15T00:47:52.186+0000] {processor.py:161} INFO - Started process (PID=98) to work on /opt/airflow/dags/dag_example.py
[2024-05-15T00:47:52.187+0000] {processor.py:830} INFO - Processing file /opt/airflow/dags/dag_example.py for tasks to queue
[2024-05-15T00:47:52.190+0000] {logging_mixin.py:188} INFO - [2024-05-15T00:47:52.190+0000] {dagbag.py:540} INFO - Filling up the DagBag from /opt/airflow/dags/dag_example.py
[2024-05-15T00:47:52.210+0000] {processor.py:840} INFO - DAG(s) 'dag_example' retrieved from /opt/airflow/dags/dag_example.py
[2024-05-15T00:47:52.237+0000] {logging_mixin.py:188} INFO - [2024-05-15T00:47:52.237+0000] {dag.py:3047} INFO - Sync 1 DAGs
[2024-05-15T00:47:52.260+0000] {logging_mixin.py:188} INFO - [2024-05-15T00:47:52.260+0000] {dag.py:3834} INFO - Setting next_dagrun for dag_example to 2024-05-14 00:00:00+00:00, run_after=2024-05-15 00:00:00+00:00
[2024-05-15T00:47:52.281+0000] {processor.py:183} INFO - Processing /opt/airflow/dags/dag_example.py took 0.099 seconds
[2024-05-15T00:48:22.515+0000] {processor.py:161} INFO - Started process (PID=107) to work on /opt/airflow/dags/dag_example.py
[2024-05-15T00:48:22.516+0000] {processor.py:830} INFO - Processing file /opt/airflow/dags/dag_example.py for tasks to queue
[2024-05-15T00:48:22.518+0000] {logging_mixin.py:188} INFO - [2024-05-15T00:48:22.518+0000] {dagbag.py:540} INFO - Filling up the DagBag from /opt/airflow/dags/dag_example.py
[2024-05-15T00:48:22.536+0000] {processor.py:840} INFO - DAG(s) 'dag_example' retrieved from /opt/airflow/dags/dag_example.py
[2024-05-15T00:48:22.559+0000] {logging_mixin.py:188} INFO - [2024-05-15T00:48:22.559+0000] {dag.py:3047} INFO - Sync 1 DAGs
[2024-05-15T00:48:22.582+0000] {logging_mixin.py:188} INFO - [2024-05-15T00:48:22.581+0000] {dag.py:3834} INFO - Setting next_dagrun for dag_example to 2024-05-14 00:00:00+00:00, run_after=2024-05-15 00:00:00+00:00
[2024-05-15T00:48:22.600+0000] {processor.py:183} INFO - Processing /opt/airflow/dags/dag_example.py took 0.088 seconds
[2024-05-15T00:48:52.866+0000] {processor.py:161} INFO - Started process (PID=116) to work on /opt/airflow/dags/dag_example.py
[2024-05-15T00:48:52.867+0000] {processor.py:830} INFO - Processing file /opt/airflow/dags/dag_example.py for tasks to queue
[2024-05-15T00:48:52.869+0000] {logging_mixin.py:188} INFO - [2024-05-15T00:48:52.869+0000] {dagbag.py:540} INFO - Filling up the DagBag from /opt/airflow/dags/dag_example.py
[2024-05-15T00:48:52.888+0000] {processor.py:840} INFO - DAG(s) 'dag_example' retrieved from /opt/airflow/dags/dag_example.py
[2024-05-15T00:48:52.913+0000] {logging_mixin.py:188} INFO - [2024-05-15T00:48:52.913+0000] {dag.py:3047} INFO - Sync 1 DAGs
[2024-05-15T00:48:52.935+0000] {logging_mixin.py:188} INFO - [2024-05-15T00:48:52.934+0000] {dag.py:3834} INFO - Setting next_dagrun for dag_example to 2024-05-14 00:00:00+00:00, run_after=2024-05-15 00:00:00+00:00
[2024-05-15T00:48:52.958+0000] {processor.py:183} INFO - Processing /opt/airflow/dags/dag_example.py took 0.095 seconds
[2024-05-15T00:49:23.259+0000] {processor.py:161} INFO - Started process (PID=126) to work on /opt/airflow/dags/dag_example.py
[2024-05-15T00:49:23.260+0000] {processor.py:830} INFO - Processing file /opt/airflow/dags/dag_example.py for tasks to queue
[2024-05-15T00:49:23.262+0000] {logging_mixin.py:188} INFO - [2024-05-15T00:49:23.262+0000] {dagbag.py:540} INFO - Filling up the DagBag from /opt/airflow/dags/dag_example.py
[2024-05-15T00:49:23.282+0000] {processor.py:840} INFO - DAG(s) 'dag_example' retrieved from /opt/airflow/dags/dag_example.py
[2024-05-15T00:49:23.308+0000] {logging_mixin.py:188} INFO - [2024-05-15T00:49:23.307+0000] {dag.py:3047} INFO - Sync 1 DAGs
[2024-05-15T00:49:23.328+0000] {logging_mixin.py:188} INFO - [2024-05-15T00:49:23.328+0000] {dag.py:3834} INFO - Setting next_dagrun for dag_example to 2024-05-14 00:00:00+00:00, run_after=2024-05-15 00:00:00+00:00
[2024-05-15T00:49:23.346+0000] {processor.py:183} INFO - Processing /opt/airflow/dags/dag_example.py took 0.091 seconds
[2024-05-15T00:49:53.729+0000] {processor.py:161} INFO - Started process (PID=136) to work on /opt/airflow/dags/dag_example.py
[2024-05-15T00:49:53.730+0000] {processor.py:830} INFO - Processing file /opt/airflow/dags/dag_example.py for tasks to queue
[2024-05-15T00:49:53.732+0000] {logging_mixin.py:188} INFO - [2024-05-15T00:49:53.732+0000] {dagbag.py:540} INFO - Filling up the DagBag from /opt/airflow/dags/dag_example.py
[2024-05-15T00:49:53.747+0000] {processor.py:840} INFO - DAG(s) 'dag_example' retrieved from /opt/airflow/dags/dag_example.py
[2024-05-15T00:49:53.771+0000] {logging_mixin.py:188} INFO - [2024-05-15T00:49:53.771+0000] {dag.py:3047} INFO - Sync 1 DAGs
[2024-05-15T00:49:53.790+0000] {logging_mixin.py:188} INFO - [2024-05-15T00:49:53.790+0000] {dag.py:3834} INFO - Setting next_dagrun for dag_example to 2024-05-14 00:00:00+00:00, run_after=2024-05-15 00:00:00+00:00
[2024-05-15T00:49:53.808+0000] {processor.py:183} INFO - Processing /opt/airflow/dags/dag_example.py took 0.085 seconds
[2024-05-15T00:50:24.147+0000] {processor.py:161} INFO - Started process (PID=146) to work on /opt/airflow/dags/dag_example.py
[2024-05-15T00:50:24.148+0000] {processor.py:830} INFO - Processing file /opt/airflow/dags/dag_example.py for tasks to queue
[2024-05-15T00:50:24.150+0000] {logging_mixin.py:188} INFO - [2024-05-15T00:50:24.150+0000] {dagbag.py:540} INFO - Filling up the DagBag from /opt/airflow/dags/dag_example.py
[2024-05-15T00:50:24.167+0000] {processor.py:840} INFO - DAG(s) 'dag_example' retrieved from /opt/airflow/dags/dag_example.py
[2024-05-15T00:50:24.190+0000] {logging_mixin.py:188} INFO - [2024-05-15T00:50:24.190+0000] {dag.py:3047} INFO - Sync 1 DAGs
[2024-05-15T00:50:24.211+0000] {logging_mixin.py:188} INFO - [2024-05-15T00:50:24.211+0000] {dag.py:3834} INFO - Setting next_dagrun for dag_example to 2024-05-14 00:00:00+00:00, run_after=2024-05-15 00:00:00+00:00
[2024-05-15T00:50:24.226+0000] {processor.py:183} INFO - Processing /opt/airflow/dags/dag_example.py took 0.082 seconds
[2024-05-15T00:50:54.553+0000] {processor.py:161} INFO - Started process (PID=155) to work on /opt/airflow/dags/dag_example.py
[2024-05-15T00:50:54.554+0000] {processor.py:830} INFO - Processing file /opt/airflow/dags/dag_example.py for tasks to queue
[2024-05-15T00:50:54.555+0000] {logging_mixin.py:188} INFO - [2024-05-15T00:50:54.555+0000] {dagbag.py:540} INFO - Filling up the DagBag from /opt/airflow/dags/dag_example.py
[2024-05-15T00:50:54.571+0000] {processor.py:840} INFO - DAG(s) 'dag_example' retrieved from /opt/airflow/dags/dag_example.py
[2024-05-15T00:50:54.591+0000] {logging_mixin.py:188} INFO - [2024-05-15T00:50:54.591+0000] {dag.py:3047} INFO - Sync 1 DAGs
[2024-05-15T00:50:54.613+0000] {logging_mixin.py:188} INFO - [2024-05-15T00:50:54.613+0000] {dag.py:3834} INFO - Setting next_dagrun for dag_example to 2024-05-14 00:00:00+00:00, run_after=2024-05-15 00:00:00+00:00
[2024-05-15T00:50:54.631+0000] {processor.py:183} INFO - Processing /opt/airflow/dags/dag_example.py took 0.080 seconds
[2024-05-15T00:51:24.979+0000] {processor.py:161} INFO - Started process (PID=164) to work on /opt/airflow/dags/dag_example.py
[2024-05-15T00:51:24.980+0000] {processor.py:830} INFO - Processing file /opt/airflow/dags/dag_example.py for tasks to queue
[2024-05-15T00:51:24.982+0000] {logging_mixin.py:188} INFO - [2024-05-15T00:51:24.982+0000] {dagbag.py:540} INFO - Filling up the DagBag from /opt/airflow/dags/dag_example.py
[2024-05-15T00:51:25.007+0000] {processor.py:840} INFO - DAG(s) 'dag_example' retrieved from /opt/airflow/dags/dag_example.py
[2024-05-15T00:51:25.034+0000] {logging_mixin.py:188} INFO - [2024-05-15T00:51:25.033+0000] {dag.py:3047} INFO - Sync 1 DAGs
[2024-05-15T00:51:25.056+0000] {logging_mixin.py:188} INFO - [2024-05-15T00:51:25.056+0000] {dag.py:3834} INFO - Setting next_dagrun for dag_example to 2024-05-14 00:00:00+00:00, run_after=2024-05-15 00:00:00+00:00
[2024-05-15T00:51:25.076+0000] {processor.py:183} INFO - Processing /opt/airflow/dags/dag_example.py took 0.100 seconds
[2024-05-15T00:51:55.355+0000] {processor.py:161} INFO - Started process (PID=173) to work on /opt/airflow/dags/dag_example.py
[2024-05-15T00:51:55.356+0000] {processor.py:830} INFO - Processing file /opt/airflow/dags/dag_example.py for tasks to queue
[2024-05-15T00:51:55.358+0000] {logging_mixin.py:188} INFO - [2024-05-15T00:51:55.357+0000] {dagbag.py:540} INFO - Filling up the DagBag from /opt/airflow/dags/dag_example.py
[2024-05-15T00:51:55.373+0000] {processor.py:840} INFO - DAG(s) 'dag_example' retrieved from /opt/airflow/dags/dag_example.py
[2024-05-15T00:51:55.392+0000] {logging_mixin.py:188} INFO - [2024-05-15T00:51:55.392+0000] {dag.py:3047} INFO - Sync 1 DAGs
[2024-05-15T00:51:55.410+0000] {logging_mixin.py:188} INFO - [2024-05-15T00:51:55.409+0000] {dag.py:3834} INFO - Setting next_dagrun for dag_example to 2024-05-14 00:00:00+00:00, run_after=2024-05-15 00:00:00+00:00
[2024-05-15T00:51:55.427+0000] {processor.py:183} INFO - Processing /opt/airflow/dags/dag_example.py took 0.076 seconds
[2024-05-15T00:52:25.797+0000] {processor.py:161} INFO - Started process (PID=182) to work on /opt/airflow/dags/dag_example.py
[2024-05-15T00:52:25.798+0000] {processor.py:830} INFO - Processing file /opt/airflow/dags/dag_example.py for tasks to queue
[2024-05-15T00:52:25.800+0000] {logging_mixin.py:188} INFO - [2024-05-15T00:52:25.799+0000] {dagbag.py:540} INFO - Filling up the DagBag from /opt/airflow/dags/dag_example.py
[2024-05-15T00:52:25.815+0000] {processor.py:840} INFO - DAG(s) 'dag_example' retrieved from /opt/airflow/dags/dag_example.py
[2024-05-15T00:52:25.836+0000] {logging_mixin.py:188} INFO - [2024-05-15T00:52:25.836+0000] {dag.py:3047} INFO - Sync 1 DAGs
[2024-05-15T00:52:25.855+0000] {logging_mixin.py:188} INFO - [2024-05-15T00:52:25.854+0000] {dag.py:3834} INFO - Setting next_dagrun for dag_example to 2024-05-14 00:00:00+00:00, run_after=2024-05-15 00:00:00+00:00
[2024-05-15T00:52:25.873+0000] {processor.py:183} INFO - Processing /opt/airflow/dags/dag_example.py took 0.079 seconds
[2024-05-15T00:52:56.227+0000] {processor.py:161} INFO - Started process (PID=191) to work on /opt/airflow/dags/dag_example.py
[2024-05-15T00:52:56.228+0000] {processor.py:830} INFO - Processing file /opt/airflow/dags/dag_example.py for tasks to queue
[2024-05-15T00:52:56.231+0000] {logging_mixin.py:188} INFO - [2024-05-15T00:52:56.230+0000] {dagbag.py:540} INFO - Filling up the DagBag from /opt/airflow/dags/dag_example.py
[2024-05-15T00:52:56.248+0000] {processor.py:840} INFO - DAG(s) 'dag_example' retrieved from /opt/airflow/dags/dag_example.py
[2024-05-15T00:52:56.270+0000] {logging_mixin.py:188} INFO - [2024-05-15T00:52:56.270+0000] {dag.py:3047} INFO - Sync 1 DAGs
[2024-05-15T00:52:56.288+0000] {logging_mixin.py:188} INFO - [2024-05-15T00:52:56.287+0000] {dag.py:3834} INFO - Setting next_dagrun for dag_example to 2024-05-14 00:00:00+00:00, run_after=2024-05-15 00:00:00+00:00
[2024-05-15T00:52:56.303+0000] {processor.py:183} INFO - Processing /opt/airflow/dags/dag_example.py took 0.079 seconds
[2024-05-15T00:53:26.674+0000] {processor.py:161} INFO - Started process (PID=200) to work on /opt/airflow/dags/dag_example.py
[2024-05-15T00:53:26.675+0000] {processor.py:830} INFO - Processing file /opt/airflow/dags/dag_example.py for tasks to queue
[2024-05-15T00:53:26.678+0000] {logging_mixin.py:188} INFO - [2024-05-15T00:53:26.677+0000] {dagbag.py:540} INFO - Filling up the DagBag from /opt/airflow/dags/dag_example.py
[2024-05-15T00:53:26.693+0000] {processor.py:840} INFO - DAG(s) 'dag_example' retrieved from /opt/airflow/dags/dag_example.py
[2024-05-15T00:53:26.713+0000] {logging_mixin.py:188} INFO - [2024-05-15T00:53:26.713+0000] {dag.py:3047} INFO - Sync 1 DAGs
[2024-05-15T00:53:26.733+0000] {logging_mixin.py:188} INFO - [2024-05-15T00:53:26.732+0000] {dag.py:3834} INFO - Setting next_dagrun for dag_example to 2024-05-14 00:00:00+00:00, run_after=2024-05-15 00:00:00+00:00
[2024-05-15T00:53:26.756+0000] {processor.py:183} INFO - Processing /opt/airflow/dags/dag_example.py took 0.084 seconds
[2024-05-15T00:53:57.113+0000] {processor.py:161} INFO - Started process (PID=209) to work on /opt/airflow/dags/dag_example.py
[2024-05-15T00:53:57.114+0000] {processor.py:830} INFO - Processing file /opt/airflow/dags/dag_example.py for tasks to queue
[2024-05-15T00:53:57.115+0000] {logging_mixin.py:188} INFO - [2024-05-15T00:53:57.115+0000] {dagbag.py:540} INFO - Filling up the DagBag from /opt/airflow/dags/dag_example.py
[2024-05-15T00:53:57.133+0000] {processor.py:840} INFO - DAG(s) 'dag_example' retrieved from /opt/airflow/dags/dag_example.py
[2024-05-15T00:53:57.155+0000] {logging_mixin.py:188} INFO - [2024-05-15T00:53:57.155+0000] {dag.py:3047} INFO - Sync 1 DAGs
[2024-05-15T00:53:57.175+0000] {logging_mixin.py:188} INFO - [2024-05-15T00:53:57.175+0000] {dag.py:3834} INFO - Setting next_dagrun for dag_example to 2024-05-14 00:00:00+00:00, run_after=2024-05-15 00:00:00+00:00
[2024-05-15T00:53:57.192+0000] {processor.py:183} INFO - Processing /opt/airflow/dags/dag_example.py took 0.082 seconds
[2024-05-15T00:54:27.521+0000] {processor.py:161} INFO - Started process (PID=218) to work on /opt/airflow/dags/dag_example.py
[2024-05-15T00:54:27.522+0000] {processor.py:830} INFO - Processing file /opt/airflow/dags/dag_example.py for tasks to queue
[2024-05-15T00:54:27.523+0000] {logging_mixin.py:188} INFO - [2024-05-15T00:54:27.523+0000] {dagbag.py:540} INFO - Filling up the DagBag from /opt/airflow/dags/dag_example.py
[2024-05-15T00:54:27.540+0000] {processor.py:840} INFO - DAG(s) 'dag_example' retrieved from /opt/airflow/dags/dag_example.py
[2024-05-15T00:54:27.560+0000] {logging_mixin.py:188} INFO - [2024-05-15T00:54:27.560+0000] {dag.py:3047} INFO - Sync 1 DAGs
[2024-05-15T00:54:27.579+0000] {logging_mixin.py:188} INFO - [2024-05-15T00:54:27.579+0000] {dag.py:3834} INFO - Setting next_dagrun for dag_example to 2024-05-14 00:00:00+00:00, run_after=2024-05-15 00:00:00+00:00
[2024-05-15T00:54:27.598+0000] {processor.py:183} INFO - Processing /opt/airflow/dags/dag_example.py took 0.080 seconds
[2024-05-15T00:54:58.002+0000] {processor.py:161} INFO - Started process (PID=227) to work on /opt/airflow/dags/dag_example.py
[2024-05-15T00:54:58.003+0000] {processor.py:830} INFO - Processing file /opt/airflow/dags/dag_example.py for tasks to queue
[2024-05-15T00:54:58.006+0000] {logging_mixin.py:188} INFO - [2024-05-15T00:54:58.005+0000] {dagbag.py:540} INFO - Filling up the DagBag from /opt/airflow/dags/dag_example.py
[2024-05-15T00:54:58.022+0000] {processor.py:840} INFO - DAG(s) 'dag_example' retrieved from /opt/airflow/dags/dag_example.py
[2024-05-15T00:54:58.044+0000] {logging_mixin.py:188} INFO - [2024-05-15T00:54:58.043+0000] {dag.py:3047} INFO - Sync 1 DAGs
[2024-05-15T00:54:58.062+0000] {logging_mixin.py:188} INFO - [2024-05-15T00:54:58.061+0000] {dag.py:3834} INFO - Setting next_dagrun for dag_example to 2024-05-14 00:00:00+00:00, run_after=2024-05-15 00:00:00+00:00
[2024-05-15T00:54:58.077+0000] {processor.py:183} INFO - Processing /opt/airflow/dags/dag_example.py took 0.077 seconds
[2024-05-15T00:55:28.429+0000] {processor.py:161} INFO - Started process (PID=236) to work on /opt/airflow/dags/dag_example.py
[2024-05-15T00:55:28.430+0000] {processor.py:830} INFO - Processing file /opt/airflow/dags/dag_example.py for tasks to queue
[2024-05-15T00:55:28.432+0000] {logging_mixin.py:188} INFO - [2024-05-15T00:55:28.431+0000] {dagbag.py:540} INFO - Filling up the DagBag from /opt/airflow/dags/dag_example.py
[2024-05-15T00:55:28.445+0000] {processor.py:840} INFO - DAG(s) 'dag_example' retrieved from /opt/airflow/dags/dag_example.py
[2024-05-15T00:55:28.463+0000] {logging_mixin.py:188} INFO - [2024-05-15T00:55:28.463+0000] {dag.py:3047} INFO - Sync 1 DAGs
[2024-05-15T00:55:28.479+0000] {logging_mixin.py:188} INFO - [2024-05-15T00:55:28.479+0000] {dag.py:3834} INFO - Setting next_dagrun for dag_example to 2024-05-14 00:00:00+00:00, run_after=2024-05-15 00:00:00+00:00
[2024-05-15T00:55:28.499+0000] {processor.py:183} INFO - Processing /opt/airflow/dags/dag_example.py took 0.072 seconds
[2024-05-15T00:57:41.042+0000] {processor.py:161} INFO - Started process (PID=44) to work on /opt/airflow/dags/dag_example.py
[2024-05-15T00:57:41.046+0000] {processor.py:830} INFO - Processing file /opt/airflow/dags/dag_example.py for tasks to queue
[2024-05-15T00:57:41.049+0000] {logging_mixin.py:188} INFO - [2024-05-15T00:57:41.048+0000] {dagbag.py:540} INFO - Filling up the DagBag from /opt/airflow/dags/dag_example.py
[2024-05-15T00:57:41.068+0000] {processor.py:840} INFO - DAG(s) 'dag_example' retrieved from /opt/airflow/dags/dag_example.py
[2024-05-15T00:57:41.194+0000] {logging_mixin.py:188} INFO - [2024-05-15T00:57:41.194+0000] {dag.py:3047} INFO - Sync 1 DAGs
[2024-05-15T00:57:41.217+0000] {logging_mixin.py:188} INFO - [2024-05-15T00:57:41.217+0000] {dag.py:3834} INFO - Setting next_dagrun for dag_example to 2024-05-14 00:00:00+00:00, run_after=2024-05-15 00:00:00+00:00
[2024-05-15T00:57:41.249+0000] {processor.py:183} INFO - Processing /opt/airflow/dags/dag_example.py took 0.211 seconds
[2024-05-15T00:59:00.387+0000] {processor.py:161} INFO - Started process (PID=44) to work on /opt/airflow/dags/dag_example.py
[2024-05-15T00:59:00.389+0000] {processor.py:830} INFO - Processing file /opt/airflow/dags/dag_example.py for tasks to queue
[2024-05-15T00:59:00.391+0000] {logging_mixin.py:188} INFO - [2024-05-15T00:59:00.391+0000] {dagbag.py:540} INFO - Filling up the DagBag from /opt/airflow/dags/dag_example.py
[2024-05-15T00:59:00.410+0000] {processor.py:840} INFO - DAG(s) 'dag_example' retrieved from /opt/airflow/dags/dag_example.py
[2024-05-15T00:59:00.540+0000] {logging_mixin.py:188} INFO - [2024-05-15T00:59:00.540+0000] {dag.py:3047} INFO - Sync 1 DAGs
[2024-05-15T00:59:00.559+0000] {logging_mixin.py:188} INFO - [2024-05-15T00:59:00.559+0000] {dag.py:3834} INFO - Setting next_dagrun for dag_example to 2024-05-14 00:00:00+00:00, run_after=2024-05-15 00:00:00+00:00
[2024-05-15T00:59:00.579+0000] {processor.py:183} INFO - Processing /opt/airflow/dags/dag_example.py took 0.195 seconds
[2024-05-15T00:59:30.750+0000] {processor.py:161} INFO - Started process (PID=53) to work on /opt/airflow/dags/dag_example.py
[2024-05-15T00:59:30.751+0000] {processor.py:830} INFO - Processing file /opt/airflow/dags/dag_example.py for tasks to queue
[2024-05-15T00:59:30.752+0000] {logging_mixin.py:188} INFO - [2024-05-15T00:59:30.752+0000] {dagbag.py:540} INFO - Filling up the DagBag from /opt/airflow/dags/dag_example.py
[2024-05-15T00:59:30.768+0000] {processor.py:840} INFO - DAG(s) 'dag_example' retrieved from /opt/airflow/dags/dag_example.py
[2024-05-15T00:59:30.792+0000] {logging_mixin.py:188} INFO - [2024-05-15T00:59:30.792+0000] {dag.py:3047} INFO - Sync 1 DAGs
[2024-05-15T00:59:30.811+0000] {logging_mixin.py:188} INFO - [2024-05-15T00:59:30.811+0000] {dag.py:3834} INFO - Setting next_dagrun for dag_example to 2024-05-14 00:00:00+00:00, run_after=2024-05-15 00:00:00+00:00
[2024-05-15T00:59:30.830+0000] {processor.py:183} INFO - Processing /opt/airflow/dags/dag_example.py took 0.083 seconds
[2024-05-15T01:00:01.157+0000] {processor.py:161} INFO - Started process (PID=62) to work on /opt/airflow/dags/dag_example.py
[2024-05-15T01:00:01.158+0000] {processor.py:830} INFO - Processing file /opt/airflow/dags/dag_example.py for tasks to queue
[2024-05-15T01:00:01.160+0000] {logging_mixin.py:188} INFO - [2024-05-15T01:00:01.159+0000] {dagbag.py:540} INFO - Filling up the DagBag from /opt/airflow/dags/dag_example.py
[2024-05-15T01:00:01.179+0000] {processor.py:840} INFO - DAG(s) 'dag_example' retrieved from /opt/airflow/dags/dag_example.py
[2024-05-15T01:00:01.203+0000] {logging_mixin.py:188} INFO - [2024-05-15T01:00:01.203+0000] {dag.py:3047} INFO - Sync 1 DAGs
[2024-05-15T01:00:01.222+0000] {logging_mixin.py:188} INFO - [2024-05-15T01:00:01.222+0000] {dag.py:3834} INFO - Setting next_dagrun for dag_example to 2024-05-14 00:00:00+00:00, run_after=2024-05-15 00:00:00+00:00
[2024-05-15T01:00:01.242+0000] {processor.py:183} INFO - Processing /opt/airflow/dags/dag_example.py took 0.088 seconds
[2024-05-15T01:00:31.577+0000] {processor.py:161} INFO - Started process (PID=71) to work on /opt/airflow/dags/dag_example.py
[2024-05-15T01:00:31.579+0000] {processor.py:830} INFO - Processing file /opt/airflow/dags/dag_example.py for tasks to queue
[2024-05-15T01:00:31.580+0000] {logging_mixin.py:188} INFO - [2024-05-15T01:00:31.580+0000] {dagbag.py:540} INFO - Filling up the DagBag from /opt/airflow/dags/dag_example.py
[2024-05-15T01:00:31.598+0000] {processor.py:840} INFO - DAG(s) 'dag_example' retrieved from /opt/airflow/dags/dag_example.py
[2024-05-15T01:00:31.619+0000] {logging_mixin.py:188} INFO - [2024-05-15T01:00:31.618+0000] {dag.py:3047} INFO - Sync 1 DAGs
[2024-05-15T01:00:31.636+0000] {logging_mixin.py:188} INFO - [2024-05-15T01:00:31.636+0000] {dag.py:3834} INFO - Setting next_dagrun for dag_example to 2024-05-14 00:00:00+00:00, run_after=2024-05-15 00:00:00+00:00
[2024-05-15T01:00:31.655+0000] {processor.py:183} INFO - Processing /opt/airflow/dags/dag_example.py took 0.080 seconds
[2024-05-15T01:01:01.967+0000] {processor.py:161} INFO - Started process (PID=80) to work on /opt/airflow/dags/dag_example.py
[2024-05-15T01:01:01.968+0000] {processor.py:830} INFO - Processing file /opt/airflow/dags/dag_example.py for tasks to queue
[2024-05-15T01:01:01.970+0000] {logging_mixin.py:188} INFO - [2024-05-15T01:01:01.970+0000] {dagbag.py:540} INFO - Filling up the DagBag from /opt/airflow/dags/dag_example.py
[2024-05-15T01:01:01.987+0000] {processor.py:840} INFO - DAG(s) 'dag_example' retrieved from /opt/airflow/dags/dag_example.py
[2024-05-15T01:01:02.008+0000] {logging_mixin.py:188} INFO - [2024-05-15T01:01:02.008+0000] {dag.py:3047} INFO - Sync 1 DAGs
[2024-05-15T01:01:02.027+0000] {logging_mixin.py:188} INFO - [2024-05-15T01:01:02.026+0000] {dag.py:3834} INFO - Setting next_dagrun for dag_example to 2024-05-14 00:00:00+00:00, run_after=2024-05-15 00:00:00+00:00
[2024-05-15T01:01:02.044+0000] {processor.py:183} INFO - Processing /opt/airflow/dags/dag_example.py took 0.080 seconds
[2024-05-15T01:01:32.329+0000] {processor.py:161} INFO - Started process (PID=89) to work on /opt/airflow/dags/dag_example.py
[2024-05-15T01:01:32.330+0000] {processor.py:830} INFO - Processing file /opt/airflow/dags/dag_example.py for tasks to queue
[2024-05-15T01:01:32.332+0000] {logging_mixin.py:188} INFO - [2024-05-15T01:01:32.332+0000] {dagbag.py:540} INFO - Filling up the DagBag from /opt/airflow/dags/dag_example.py
[2024-05-15T01:01:32.349+0000] {processor.py:840} INFO - DAG(s) 'dag_example' retrieved from /opt/airflow/dags/dag_example.py
[2024-05-15T01:01:32.369+0000] {logging_mixin.py:188} INFO - [2024-05-15T01:01:32.369+0000] {dag.py:3047} INFO - Sync 1 DAGs
[2024-05-15T01:01:32.387+0000] {logging_mixin.py:188} INFO - [2024-05-15T01:01:32.387+0000] {dag.py:3834} INFO - Setting next_dagrun for dag_example to 2024-05-14 00:00:00+00:00, run_after=2024-05-15 00:00:00+00:00
[2024-05-15T01:01:32.405+0000] {processor.py:183} INFO - Processing /opt/airflow/dags/dag_example.py took 0.078 seconds
[2024-05-15T01:02:02.708+0000] {processor.py:161} INFO - Started process (PID=98) to work on /opt/airflow/dags/dag_example.py
[2024-05-15T01:02:02.709+0000] {processor.py:830} INFO - Processing file /opt/airflow/dags/dag_example.py for tasks to queue
[2024-05-15T01:02:02.710+0000] {logging_mixin.py:188} INFO - [2024-05-15T01:02:02.710+0000] {dagbag.py:540} INFO - Filling up the DagBag from /opt/airflow/dags/dag_example.py
[2024-05-15T01:02:02.728+0000] {processor.py:840} INFO - DAG(s) 'dag_example' retrieved from /opt/airflow/dags/dag_example.py
[2024-05-15T01:02:02.749+0000] {logging_mixin.py:188} INFO - [2024-05-15T01:02:02.748+0000] {dag.py:3047} INFO - Sync 1 DAGs
[2024-05-15T01:02:02.769+0000] {logging_mixin.py:188} INFO - [2024-05-15T01:02:02.768+0000] {dag.py:3834} INFO - Setting next_dagrun for dag_example to 2024-05-14 00:00:00+00:00, run_after=2024-05-15 00:00:00+00:00
[2024-05-15T01:02:02.786+0000] {processor.py:183} INFO - Processing /opt/airflow/dags/dag_example.py took 0.081 seconds
[2024-05-15T01:02:33.126+0000] {processor.py:161} INFO - Started process (PID=107) to work on /opt/airflow/dags/dag_example.py
[2024-05-15T01:02:33.127+0000] {processor.py:830} INFO - Processing file /opt/airflow/dags/dag_example.py for tasks to queue
[2024-05-15T01:02:33.129+0000] {logging_mixin.py:188} INFO - [2024-05-15T01:02:33.128+0000] {dagbag.py:540} INFO - Filling up the DagBag from /opt/airflow/dags/dag_example.py
[2024-05-15T01:02:33.149+0000] {processor.py:840} INFO - DAG(s) 'dag_example' retrieved from /opt/airflow/dags/dag_example.py
[2024-05-15T01:02:33.177+0000] {logging_mixin.py:188} INFO - [2024-05-15T01:02:33.177+0000] {dag.py:3047} INFO - Sync 1 DAGs
[2024-05-15T01:02:33.201+0000] {logging_mixin.py:188} INFO - [2024-05-15T01:02:33.200+0000] {dag.py:3834} INFO - Setting next_dagrun for dag_example to 2024-05-14 00:00:00+00:00, run_after=2024-05-15 00:00:00+00:00
[2024-05-15T01:02:33.224+0000] {processor.py:183} INFO - Processing /opt/airflow/dags/dag_example.py took 0.101 seconds
[2024-05-15T01:03:03.348+0000] {processor.py:161} INFO - Started process (PID=116) to work on /opt/airflow/dags/dag_example.py
[2024-05-15T01:03:03.348+0000] {processor.py:830} INFO - Processing file /opt/airflow/dags/dag_example.py for tasks to queue
[2024-05-15T01:03:03.350+0000] {logging_mixin.py:188} INFO - [2024-05-15T01:03:03.350+0000] {dagbag.py:540} INFO - Filling up the DagBag from /opt/airflow/dags/dag_example.py
[2024-05-15T01:03:03.367+0000] {processor.py:840} INFO - DAG(s) 'dag_example' retrieved from /opt/airflow/dags/dag_example.py
[2024-05-15T01:03:03.389+0000] {logging_mixin.py:188} INFO - [2024-05-15T01:03:03.389+0000] {dag.py:3047} INFO - Sync 1 DAGs
[2024-05-15T01:03:03.411+0000] {logging_mixin.py:188} INFO - [2024-05-15T01:03:03.411+0000] {dag.py:3834} INFO - Setting next_dagrun for dag_example to 2024-05-14 00:00:00+00:00, run_after=2024-05-15 00:00:00+00:00
[2024-05-15T01:03:03.430+0000] {processor.py:183} INFO - Processing /opt/airflow/dags/dag_example.py took 0.085 seconds
[2024-05-15T01:03:33.582+0000] {processor.py:161} INFO - Started process (PID=130) to work on /opt/airflow/dags/dag_example.py
[2024-05-15T01:03:33.583+0000] {processor.py:830} INFO - Processing file /opt/airflow/dags/dag_example.py for tasks to queue
[2024-05-15T01:03:33.585+0000] {logging_mixin.py:188} INFO - [2024-05-15T01:03:33.585+0000] {dagbag.py:540} INFO - Filling up the DagBag from /opt/airflow/dags/dag_example.py
[2024-05-15T01:03:33.602+0000] {processor.py:840} INFO - DAG(s) 'dag_example' retrieved from /opt/airflow/dags/dag_example.py
[2024-05-15T01:03:33.624+0000] {logging_mixin.py:188} INFO - [2024-05-15T01:03:33.624+0000] {dag.py:3047} INFO - Sync 1 DAGs
[2024-05-15T01:03:33.645+0000] {logging_mixin.py:188} INFO - [2024-05-15T01:03:33.645+0000] {dag.py:3834} INFO - Setting next_dagrun for dag_example to 2024-05-14 00:00:00+00:00, run_after=2024-05-15 00:00:00+00:00
[2024-05-15T01:03:33.664+0000] {processor.py:183} INFO - Processing /opt/airflow/dags/dag_example.py took 0.085 seconds
[2024-05-15T01:04:04.027+0000] {processor.py:161} INFO - Started process (PID=140) to work on /opt/airflow/dags/dag_example.py
[2024-05-15T01:04:04.027+0000] {processor.py:830} INFO - Processing file /opt/airflow/dags/dag_example.py for tasks to queue
[2024-05-15T01:04:04.029+0000] {logging_mixin.py:188} INFO - [2024-05-15T01:04:04.029+0000] {dagbag.py:540} INFO - Filling up the DagBag from /opt/airflow/dags/dag_example.py
[2024-05-15T01:04:04.043+0000] {processor.py:840} INFO - DAG(s) 'dag_example' retrieved from /opt/airflow/dags/dag_example.py
[2024-05-15T01:04:04.062+0000] {logging_mixin.py:188} INFO - [2024-05-15T01:04:04.062+0000] {dag.py:3047} INFO - Sync 1 DAGs
[2024-05-15T01:04:04.080+0000] {logging_mixin.py:188} INFO - [2024-05-15T01:04:04.080+0000] {dag.py:3834} INFO - Setting next_dagrun for dag_example to 2024-05-14 00:00:00+00:00, run_after=2024-05-15 00:00:00+00:00
[2024-05-15T01:04:04.094+0000] {processor.py:183} INFO - Processing /opt/airflow/dags/dag_example.py took 0.070 seconds
[2024-05-15T01:04:34.416+0000] {processor.py:161} INFO - Started process (PID=150) to work on /opt/airflow/dags/dag_example.py
[2024-05-15T01:04:34.417+0000] {processor.py:830} INFO - Processing file /opt/airflow/dags/dag_example.py for tasks to queue
[2024-05-15T01:04:34.418+0000] {logging_mixin.py:188} INFO - [2024-05-15T01:04:34.418+0000] {dagbag.py:540} INFO - Filling up the DagBag from /opt/airflow/dags/dag_example.py
[2024-05-15T01:04:34.433+0000] {processor.py:840} INFO - DAG(s) 'dag_example' retrieved from /opt/airflow/dags/dag_example.py
[2024-05-15T01:04:34.452+0000] {logging_mixin.py:188} INFO - [2024-05-15T01:04:34.452+0000] {dag.py:3047} INFO - Sync 1 DAGs
[2024-05-15T01:04:34.470+0000] {logging_mixin.py:188} INFO - [2024-05-15T01:04:34.469+0000] {dag.py:3834} INFO - Setting next_dagrun for dag_example to 2024-05-14 00:00:00+00:00, run_after=2024-05-15 00:00:00+00:00
[2024-05-15T01:04:34.486+0000] {processor.py:183} INFO - Processing /opt/airflow/dags/dag_example.py took 0.073 seconds
[2024-05-15T01:05:04.823+0000] {processor.py:161} INFO - Started process (PID=160) to work on /opt/airflow/dags/dag_example.py
[2024-05-15T01:05:04.824+0000] {processor.py:830} INFO - Processing file /opt/airflow/dags/dag_example.py for tasks to queue
[2024-05-15T01:05:04.825+0000] {logging_mixin.py:188} INFO - [2024-05-15T01:05:04.825+0000] {dagbag.py:540} INFO - Filling up the DagBag from /opt/airflow/dags/dag_example.py
[2024-05-15T01:05:04.839+0000] {processor.py:840} INFO - DAG(s) 'dag_example' retrieved from /opt/airflow/dags/dag_example.py
[2024-05-15T01:05:04.861+0000] {logging_mixin.py:188} INFO - [2024-05-15T01:05:04.860+0000] {dag.py:3047} INFO - Sync 1 DAGs
[2024-05-15T01:05:04.880+0000] {logging_mixin.py:188} INFO - [2024-05-15T01:05:04.879+0000] {dag.py:3834} INFO - Setting next_dagrun for dag_example to 2024-05-14 00:00:00+00:00, run_after=2024-05-15 00:00:00+00:00
[2024-05-15T01:05:04.894+0000] {processor.py:183} INFO - Processing /opt/airflow/dags/dag_example.py took 0.074 seconds
[2024-05-15T01:05:35.173+0000] {processor.py:161} INFO - Started process (PID=170) to work on /opt/airflow/dags/dag_example.py
[2024-05-15T01:05:35.174+0000] {processor.py:830} INFO - Processing file /opt/airflow/dags/dag_example.py for tasks to queue
[2024-05-15T01:05:35.175+0000] {logging_mixin.py:188} INFO - [2024-05-15T01:05:35.175+0000] {dagbag.py:540} INFO - Filling up the DagBag from /opt/airflow/dags/dag_example.py
[2024-05-15T01:05:35.192+0000] {processor.py:840} INFO - DAG(s) 'dag_example' retrieved from /opt/airflow/dags/dag_example.py
[2024-05-15T01:05:35.215+0000] {logging_mixin.py:188} INFO - [2024-05-15T01:05:35.214+0000] {dag.py:3047} INFO - Sync 1 DAGs
[2024-05-15T01:05:35.235+0000] {logging_mixin.py:188} INFO - [2024-05-15T01:05:35.234+0000] {dag.py:3834} INFO - Setting next_dagrun for dag_example to 2024-05-14 00:00:00+00:00, run_after=2024-05-15 00:00:00+00:00
[2024-05-15T01:05:35.251+0000] {processor.py:183} INFO - Processing /opt/airflow/dags/dag_example.py took 0.081 seconds
[2024-05-15T01:06:05.552+0000] {processor.py:161} INFO - Started process (PID=180) to work on /opt/airflow/dags/dag_example.py
[2024-05-15T01:06:05.553+0000] {processor.py:830} INFO - Processing file /opt/airflow/dags/dag_example.py for tasks to queue
[2024-05-15T01:06:05.554+0000] {logging_mixin.py:188} INFO - [2024-05-15T01:06:05.554+0000] {dagbag.py:540} INFO - Filling up the DagBag from /opt/airflow/dags/dag_example.py
[2024-05-15T01:06:05.570+0000] {processor.py:840} INFO - DAG(s) 'dag_example' retrieved from /opt/airflow/dags/dag_example.py
[2024-05-15T01:06:05.591+0000] {logging_mixin.py:188} INFO - [2024-05-15T01:06:05.591+0000] {dag.py:3047} INFO - Sync 1 DAGs
[2024-05-15T01:06:05.608+0000] {logging_mixin.py:188} INFO - [2024-05-15T01:06:05.608+0000] {dag.py:3834} INFO - Setting next_dagrun for dag_example to 2024-05-14 00:00:00+00:00, run_after=2024-05-15 00:00:00+00:00
[2024-05-15T01:06:05.626+0000] {processor.py:183} INFO - Processing /opt/airflow/dags/dag_example.py took 0.077 seconds
[2024-05-15T01:06:35.929+0000] {processor.py:161} INFO - Started process (PID=190) to work on /opt/airflow/dags/dag_example.py
[2024-05-15T01:06:35.930+0000] {processor.py:830} INFO - Processing file /opt/airflow/dags/dag_example.py for tasks to queue
[2024-05-15T01:06:35.931+0000] {logging_mixin.py:188} INFO - [2024-05-15T01:06:35.931+0000] {dagbag.py:540} INFO - Filling up the DagBag from /opt/airflow/dags/dag_example.py
[2024-05-15T01:06:35.950+0000] {processor.py:840} INFO - DAG(s) 'dag_example' retrieved from /opt/airflow/dags/dag_example.py
[2024-05-15T01:06:35.970+0000] {logging_mixin.py:188} INFO - [2024-05-15T01:06:35.970+0000] {dag.py:3047} INFO - Sync 1 DAGs
[2024-05-15T01:06:35.991+0000] {logging_mixin.py:188} INFO - [2024-05-15T01:06:35.990+0000] {dag.py:3834} INFO - Setting next_dagrun for dag_example to 2024-05-14 00:00:00+00:00, run_after=2024-05-15 00:00:00+00:00
[2024-05-15T01:06:36.012+0000] {processor.py:183} INFO - Processing /opt/airflow/dags/dag_example.py took 0.086 seconds
[2024-05-15T01:07:06.321+0000] {processor.py:161} INFO - Started process (PID=200) to work on /opt/airflow/dags/dag_example.py
[2024-05-15T01:07:06.322+0000] {processor.py:830} INFO - Processing file /opt/airflow/dags/dag_example.py for tasks to queue
[2024-05-15T01:07:06.324+0000] {logging_mixin.py:188} INFO - [2024-05-15T01:07:06.323+0000] {dagbag.py:540} INFO - Filling up the DagBag from /opt/airflow/dags/dag_example.py
[2024-05-15T01:07:06.342+0000] {processor.py:840} INFO - DAG(s) 'dag_example' retrieved from /opt/airflow/dags/dag_example.py
[2024-05-15T01:07:06.369+0000] {logging_mixin.py:188} INFO - [2024-05-15T01:07:06.369+0000] {dag.py:3047} INFO - Sync 1 DAGs
[2024-05-15T01:07:06.397+0000] {logging_mixin.py:188} INFO - [2024-05-15T01:07:06.397+0000] {dag.py:3834} INFO - Setting next_dagrun for dag_example to 2024-05-14 00:00:00+00:00, run_after=2024-05-15 00:00:00+00:00
[2024-05-15T01:07:06.418+0000] {processor.py:183} INFO - Processing /opt/airflow/dags/dag_example.py took 0.100 seconds
[2024-05-15T01:07:36.755+0000] {processor.py:161} INFO - Started process (PID=210) to work on /opt/airflow/dags/dag_example.py
[2024-05-15T01:07:36.756+0000] {processor.py:830} INFO - Processing file /opt/airflow/dags/dag_example.py for tasks to queue
[2024-05-15T01:07:36.758+0000] {logging_mixin.py:188} INFO - [2024-05-15T01:07:36.758+0000] {dagbag.py:540} INFO - Filling up the DagBag from /opt/airflow/dags/dag_example.py
[2024-05-15T01:07:36.775+0000] {processor.py:840} INFO - DAG(s) 'dag_example' retrieved from /opt/airflow/dags/dag_example.py
[2024-05-15T01:07:36.797+0000] {logging_mixin.py:188} INFO - [2024-05-15T01:07:36.796+0000] {dag.py:3047} INFO - Sync 1 DAGs
[2024-05-15T01:07:36.817+0000] {logging_mixin.py:188} INFO - [2024-05-15T01:07:36.816+0000] {dag.py:3834} INFO - Setting next_dagrun for dag_example to 2024-05-14 00:00:00+00:00, run_after=2024-05-15 00:00:00+00:00
[2024-05-15T01:07:36.835+0000] {processor.py:183} INFO - Processing /opt/airflow/dags/dag_example.py took 0.082 seconds
[2024-05-15T01:11:33.584+0000] {processor.py:161} INFO - Started process (PID=45) to work on /opt/airflow/dags/dag_example.py
[2024-05-15T01:11:33.586+0000] {processor.py:830} INFO - Processing file /opt/airflow/dags/dag_example.py for tasks to queue
[2024-05-15T01:11:33.588+0000] {logging_mixin.py:188} INFO - [2024-05-15T01:11:33.588+0000] {dagbag.py:540} INFO - Filling up the DagBag from /opt/airflow/dags/dag_example.py
[2024-05-15T01:11:33.619+0000] {processor.py:840} INFO - DAG(s) 'dag_example' retrieved from /opt/airflow/dags/dag_example.py
[2024-05-15T01:11:33.786+0000] {logging_mixin.py:188} INFO - [2024-05-15T01:11:33.786+0000] {dag.py:3047} INFO - Sync 1 DAGs
[2024-05-15T01:11:33.815+0000] {logging_mixin.py:188} INFO - [2024-05-15T01:11:33.814+0000] {dag.py:3834} INFO - Setting next_dagrun for dag_example to 2024-05-14 00:00:00+00:00, run_after=2024-05-15 00:00:00+00:00
[2024-05-15T01:11:33.839+0000] {processor.py:183} INFO - Processing /opt/airflow/dags/dag_example.py took 0.267 seconds
[2024-05-15T01:12:04.687+0000] {processor.py:161} INFO - Started process (PID=54) to work on /opt/airflow/dags/dag_example.py
[2024-05-15T01:12:04.688+0000] {processor.py:830} INFO - Processing file /opt/airflow/dags/dag_example.py for tasks to queue
[2024-05-15T01:12:04.689+0000] {logging_mixin.py:188} INFO - [2024-05-15T01:12:04.689+0000] {dagbag.py:540} INFO - Filling up the DagBag from /opt/airflow/dags/dag_example.py
[2024-05-15T01:12:04.708+0000] {processor.py:840} INFO - DAG(s) 'dag_example' retrieved from /opt/airflow/dags/dag_example.py
[2024-05-15T01:12:04.733+0000] {logging_mixin.py:188} INFO - [2024-05-15T01:12:04.733+0000] {dag.py:3047} INFO - Sync 1 DAGs
[2024-05-15T01:12:04.753+0000] {logging_mixin.py:188} INFO - [2024-05-15T01:12:04.753+0000] {dag.py:3834} INFO - Setting next_dagrun for dag_example to 2024-05-14 00:00:00+00:00, run_after=2024-05-15 00:00:00+00:00
[2024-05-15T01:12:04.770+0000] {processor.py:183} INFO - Processing /opt/airflow/dags/dag_example.py took 0.086 seconds
[2024-05-15T01:12:35.005+0000] {processor.py:161} INFO - Started process (PID=63) to work on /opt/airflow/dags/dag_example.py
[2024-05-15T01:12:35.006+0000] {processor.py:830} INFO - Processing file /opt/airflow/dags/dag_example.py for tasks to queue
[2024-05-15T01:12:35.008+0000] {logging_mixin.py:188} INFO - [2024-05-15T01:12:35.008+0000] {dagbag.py:540} INFO - Filling up the DagBag from /opt/airflow/dags/dag_example.py
[2024-05-15T01:12:35.024+0000] {processor.py:840} INFO - DAG(s) 'dag_example' retrieved from /opt/airflow/dags/dag_example.py
[2024-05-15T01:12:35.045+0000] {logging_mixin.py:188} INFO - [2024-05-15T01:12:35.045+0000] {dag.py:3047} INFO - Sync 1 DAGs
[2024-05-15T01:12:35.065+0000] {logging_mixin.py:188} INFO - [2024-05-15T01:12:35.065+0000] {dag.py:3834} INFO - Setting next_dagrun for dag_example to 2024-05-14 00:00:00+00:00, run_after=2024-05-15 00:00:00+00:00
[2024-05-15T01:12:35.084+0000] {processor.py:183} INFO - Processing /opt/airflow/dags/dag_example.py took 0.082 seconds
[2024-05-15T01:13:05.339+0000] {processor.py:161} INFO - Started process (PID=73) to work on /opt/airflow/dags/dag_example.py
[2024-05-15T01:13:05.340+0000] {processor.py:830} INFO - Processing file /opt/airflow/dags/dag_example.py for tasks to queue
[2024-05-15T01:13:05.342+0000] {logging_mixin.py:188} INFO - [2024-05-15T01:13:05.342+0000] {dagbag.py:540} INFO - Filling up the DagBag from /opt/airflow/dags/dag_example.py
[2024-05-15T01:13:05.358+0000] {processor.py:840} INFO - DAG(s) 'dag_example' retrieved from /opt/airflow/dags/dag_example.py
[2024-05-15T01:13:05.380+0000] {logging_mixin.py:188} INFO - [2024-05-15T01:13:05.379+0000] {dag.py:3047} INFO - Sync 1 DAGs
[2024-05-15T01:13:05.398+0000] {logging_mixin.py:188} INFO - [2024-05-15T01:13:05.398+0000] {dag.py:3834} INFO - Setting next_dagrun for dag_example to 2024-05-14 00:00:00+00:00, run_after=2024-05-15 00:00:00+00:00
[2024-05-15T01:13:05.417+0000] {processor.py:183} INFO - Processing /opt/airflow/dags/dag_example.py took 0.080 seconds
[2024-05-15T01:13:35.668+0000] {processor.py:161} INFO - Started process (PID=83) to work on /opt/airflow/dags/dag_example.py
[2024-05-15T01:13:35.669+0000] {processor.py:830} INFO - Processing file /opt/airflow/dags/dag_example.py for tasks to queue
[2024-05-15T01:13:35.671+0000] {logging_mixin.py:188} INFO - [2024-05-15T01:13:35.670+0000] {dagbag.py:540} INFO - Filling up the DagBag from /opt/airflow/dags/dag_example.py
[2024-05-15T01:13:35.687+0000] {processor.py:840} INFO - DAG(s) 'dag_example' retrieved from /opt/airflow/dags/dag_example.py
[2024-05-15T01:13:35.707+0000] {logging_mixin.py:188} INFO - [2024-05-15T01:13:35.707+0000] {dag.py:3047} INFO - Sync 1 DAGs
[2024-05-15T01:13:35.727+0000] {logging_mixin.py:188} INFO - [2024-05-15T01:13:35.726+0000] {dag.py:3834} INFO - Setting next_dagrun for dag_example to 2024-05-14 00:00:00+00:00, run_after=2024-05-15 00:00:00+00:00
[2024-05-15T01:13:35.841+0000] {processor.py:183} INFO - Processing /opt/airflow/dags/dag_example.py took 0.176 seconds
[2024-05-15T01:14:06.112+0000] {processor.py:161} INFO - Started process (PID=93) to work on /opt/airflow/dags/dag_example.py
[2024-05-15T01:14:06.114+0000] {processor.py:830} INFO - Processing file /opt/airflow/dags/dag_example.py for tasks to queue
[2024-05-15T01:14:06.116+0000] {logging_mixin.py:188} INFO - [2024-05-15T01:14:06.116+0000] {dagbag.py:540} INFO - Filling up the DagBag from /opt/airflow/dags/dag_example.py
[2024-05-15T01:14:06.137+0000] {processor.py:840} INFO - DAG(s) 'dag_example' retrieved from /opt/airflow/dags/dag_example.py
[2024-05-15T01:14:06.159+0000] {logging_mixin.py:188} INFO - [2024-05-15T01:14:06.159+0000] {dag.py:3047} INFO - Sync 1 DAGs
[2024-05-15T01:14:06.177+0000] {logging_mixin.py:188} INFO - [2024-05-15T01:14:06.177+0000] {dag.py:3834} INFO - Setting next_dagrun for dag_example to 2024-05-14 00:00:00+00:00, run_after=2024-05-15 00:00:00+00:00
[2024-05-15T01:14:06.195+0000] {processor.py:183} INFO - Processing /opt/airflow/dags/dag_example.py took 0.087 seconds
[2024-05-15T01:14:36.445+0000] {processor.py:161} INFO - Started process (PID=103) to work on /opt/airflow/dags/dag_example.py
[2024-05-15T01:14:36.446+0000] {processor.py:830} INFO - Processing file /opt/airflow/dags/dag_example.py for tasks to queue
[2024-05-15T01:14:36.448+0000] {logging_mixin.py:188} INFO - [2024-05-15T01:14:36.448+0000] {dagbag.py:540} INFO - Filling up the DagBag from /opt/airflow/dags/dag_example.py
[2024-05-15T01:14:36.464+0000] {processor.py:840} INFO - DAG(s) 'dag_example' retrieved from /opt/airflow/dags/dag_example.py
[2024-05-15T01:14:36.487+0000] {logging_mixin.py:188} INFO - [2024-05-15T01:14:36.487+0000] {dag.py:3047} INFO - Sync 1 DAGs
[2024-05-15T01:14:36.507+0000] {logging_mixin.py:188} INFO - [2024-05-15T01:14:36.507+0000] {dag.py:3834} INFO - Setting next_dagrun for dag_example to 2024-05-14 00:00:00+00:00, run_after=2024-05-15 00:00:00+00:00
[2024-05-15T01:14:36.525+0000] {processor.py:183} INFO - Processing /opt/airflow/dags/dag_example.py took 0.083 seconds
[2024-05-15T01:15:06.799+0000] {processor.py:161} INFO - Started process (PID=113) to work on /opt/airflow/dags/dag_example.py
[2024-05-15T01:15:06.801+0000] {processor.py:830} INFO - Processing file /opt/airflow/dags/dag_example.py for tasks to queue
[2024-05-15T01:15:06.803+0000] {logging_mixin.py:188} INFO - [2024-05-15T01:15:06.803+0000] {dagbag.py:540} INFO - Filling up the DagBag from /opt/airflow/dags/dag_example.py
[2024-05-15T01:15:06.818+0000] {processor.py:840} INFO - DAG(s) 'dag_example' retrieved from /opt/airflow/dags/dag_example.py
[2024-05-15T01:15:06.839+0000] {logging_mixin.py:188} INFO - [2024-05-15T01:15:06.839+0000] {dag.py:3047} INFO - Sync 1 DAGs
[2024-05-15T01:15:06.857+0000] {logging_mixin.py:188} INFO - [2024-05-15T01:15:06.857+0000] {dag.py:3834} INFO - Setting next_dagrun for dag_example to 2024-05-14 00:00:00+00:00, run_after=2024-05-15 00:00:00+00:00
[2024-05-15T01:15:06.875+0000] {processor.py:183} INFO - Processing /opt/airflow/dags/dag_example.py took 0.078 seconds
[2024-05-15T01:15:37.136+0000] {processor.py:161} INFO - Started process (PID=123) to work on /opt/airflow/dags/dag_example.py
[2024-05-15T01:15:37.137+0000] {processor.py:830} INFO - Processing file /opt/airflow/dags/dag_example.py for tasks to queue
[2024-05-15T01:15:37.139+0000] {logging_mixin.py:188} INFO - [2024-05-15T01:15:37.139+0000] {dagbag.py:540} INFO - Filling up the DagBag from /opt/airflow/dags/dag_example.py
[2024-05-15T01:15:37.154+0000] {processor.py:840} INFO - DAG(s) 'dag_example' retrieved from /opt/airflow/dags/dag_example.py
[2024-05-15T01:15:37.176+0000] {logging_mixin.py:188} INFO - [2024-05-15T01:15:37.176+0000] {dag.py:3047} INFO - Sync 1 DAGs
[2024-05-15T01:15:37.195+0000] {logging_mixin.py:188} INFO - [2024-05-15T01:15:37.195+0000] {dag.py:3834} INFO - Setting next_dagrun for dag_example to 2024-05-14 00:00:00+00:00, run_after=2024-05-15 00:00:00+00:00
[2024-05-15T01:15:37.211+0000] {processor.py:183} INFO - Processing /opt/airflow/dags/dag_example.py took 0.078 seconds
[2024-05-15T01:16:07.458+0000] {processor.py:161} INFO - Started process (PID=133) to work on /opt/airflow/dags/dag_example.py
[2024-05-15T01:16:07.459+0000] {processor.py:830} INFO - Processing file /opt/airflow/dags/dag_example.py for tasks to queue
[2024-05-15T01:16:07.461+0000] {logging_mixin.py:188} INFO - [2024-05-15T01:16:07.461+0000] {dagbag.py:540} INFO - Filling up the DagBag from /opt/airflow/dags/dag_example.py
[2024-05-15T01:16:07.476+0000] {processor.py:840} INFO - DAG(s) 'dag_example' retrieved from /opt/airflow/dags/dag_example.py
[2024-05-15T01:16:07.496+0000] {logging_mixin.py:188} INFO - [2024-05-15T01:16:07.496+0000] {dag.py:3047} INFO - Sync 1 DAGs
[2024-05-15T01:16:07.514+0000] {logging_mixin.py:188} INFO - [2024-05-15T01:16:07.514+0000] {dag.py:3834} INFO - Setting next_dagrun for dag_example to 2024-05-14 00:00:00+00:00, run_after=2024-05-15 00:00:00+00:00
[2024-05-15T01:16:07.533+0000] {processor.py:183} INFO - Processing /opt/airflow/dags/dag_example.py took 0.077 seconds
[2024-05-15T01:16:37.800+0000] {processor.py:161} INFO - Started process (PID=143) to work on /opt/airflow/dags/dag_example.py
[2024-05-15T01:16:37.801+0000] {processor.py:830} INFO - Processing file /opt/airflow/dags/dag_example.py for tasks to queue
[2024-05-15T01:16:37.803+0000] {logging_mixin.py:188} INFO - [2024-05-15T01:16:37.803+0000] {dagbag.py:540} INFO - Filling up the DagBag from /opt/airflow/dags/dag_example.py
[2024-05-15T01:16:37.818+0000] {processor.py:840} INFO - DAG(s) 'dag_example' retrieved from /opt/airflow/dags/dag_example.py
[2024-05-15T01:16:37.840+0000] {logging_mixin.py:188} INFO - [2024-05-15T01:16:37.839+0000] {dag.py:3047} INFO - Sync 1 DAGs
[2024-05-15T01:16:37.859+0000] {logging_mixin.py:188} INFO - [2024-05-15T01:16:37.859+0000] {dag.py:3834} INFO - Setting next_dagrun for dag_example to 2024-05-14 00:00:00+00:00, run_after=2024-05-15 00:00:00+00:00
[2024-05-15T01:16:37.884+0000] {processor.py:183} INFO - Processing /opt/airflow/dags/dag_example.py took 0.087 seconds
[2024-05-15T01:17:08.152+0000] {processor.py:161} INFO - Started process (PID=153) to work on /opt/airflow/dags/dag_example.py
[2024-05-15T01:17:08.153+0000] {processor.py:830} INFO - Processing file /opt/airflow/dags/dag_example.py for tasks to queue
[2024-05-15T01:17:08.155+0000] {logging_mixin.py:188} INFO - [2024-05-15T01:17:08.155+0000] {dagbag.py:540} INFO - Filling up the DagBag from /opt/airflow/dags/dag_example.py
[2024-05-15T01:17:08.172+0000] {processor.py:840} INFO - DAG(s) 'dag_example' retrieved from /opt/airflow/dags/dag_example.py
[2024-05-15T01:17:08.196+0000] {logging_mixin.py:188} INFO - [2024-05-15T01:17:08.196+0000] {dag.py:3047} INFO - Sync 1 DAGs
[2024-05-15T01:17:08.218+0000] {logging_mixin.py:188} INFO - [2024-05-15T01:17:08.218+0000] {dag.py:3834} INFO - Setting next_dagrun for dag_example to 2024-05-14 00:00:00+00:00, run_after=2024-05-15 00:00:00+00:00
[2024-05-15T01:17:08.238+0000] {processor.py:183} INFO - Processing /opt/airflow/dags/dag_example.py took 0.090 seconds
[2024-05-15T01:17:38.445+0000] {processor.py:161} INFO - Started process (PID=164) to work on /opt/airflow/dags/dag_example.py
[2024-05-15T01:17:38.446+0000] {processor.py:830} INFO - Processing file /opt/airflow/dags/dag_example.py for tasks to queue
[2024-05-15T01:17:38.448+0000] {logging_mixin.py:188} INFO - [2024-05-15T01:17:38.448+0000] {dagbag.py:540} INFO - Filling up the DagBag from /opt/airflow/dags/dag_example.py
[2024-05-15T01:17:38.464+0000] {processor.py:840} INFO - DAG(s) 'dag_example' retrieved from /opt/airflow/dags/dag_example.py
[2024-05-15T01:17:38.485+0000] {logging_mixin.py:188} INFO - [2024-05-15T01:17:38.484+0000] {dag.py:3047} INFO - Sync 1 DAGs
[2024-05-15T01:17:38.502+0000] {logging_mixin.py:188} INFO - [2024-05-15T01:17:38.502+0000] {dag.py:3834} INFO - Setting next_dagrun for dag_example to 2024-05-14 00:00:00+00:00, run_after=2024-05-15 00:00:00+00:00
[2024-05-15T01:17:38.518+0000] {processor.py:183} INFO - Processing /opt/airflow/dags/dag_example.py took 0.075 seconds
[2024-05-15T01:18:08.766+0000] {processor.py:161} INFO - Started process (PID=174) to work on /opt/airflow/dags/dag_example.py
[2024-05-15T01:18:08.767+0000] {processor.py:830} INFO - Processing file /opt/airflow/dags/dag_example.py for tasks to queue
[2024-05-15T01:18:08.769+0000] {logging_mixin.py:188} INFO - [2024-05-15T01:18:08.769+0000] {dagbag.py:540} INFO - Filling up the DagBag from /opt/airflow/dags/dag_example.py
[2024-05-15T01:18:08.785+0000] {processor.py:840} INFO - DAG(s) 'dag_example' retrieved from /opt/airflow/dags/dag_example.py
[2024-05-15T01:18:08.807+0000] {logging_mixin.py:188} INFO - [2024-05-15T01:18:08.807+0000] {dag.py:3047} INFO - Sync 1 DAGs
[2024-05-15T01:18:08.825+0000] {logging_mixin.py:188} INFO - [2024-05-15T01:18:08.824+0000] {dag.py:3834} INFO - Setting next_dagrun for dag_example to 2024-05-14 00:00:00+00:00, run_after=2024-05-15 00:00:00+00:00
[2024-05-15T01:18:08.842+0000] {processor.py:183} INFO - Processing /opt/airflow/dags/dag_example.py took 0.080 seconds
[2024-05-15T01:18:39.119+0000] {processor.py:161} INFO - Started process (PID=184) to work on /opt/airflow/dags/dag_example.py
[2024-05-15T01:18:39.120+0000] {processor.py:830} INFO - Processing file /opt/airflow/dags/dag_example.py for tasks to queue
[2024-05-15T01:18:39.122+0000] {logging_mixin.py:188} INFO - [2024-05-15T01:18:39.122+0000] {dagbag.py:540} INFO - Filling up the DagBag from /opt/airflow/dags/dag_example.py
[2024-05-15T01:18:39.137+0000] {processor.py:840} INFO - DAG(s) 'dag_example' retrieved from /opt/airflow/dags/dag_example.py
[2024-05-15T01:18:39.157+0000] {logging_mixin.py:188} INFO - [2024-05-15T01:18:39.157+0000] {dag.py:3047} INFO - Sync 1 DAGs
[2024-05-15T01:18:39.173+0000] {logging_mixin.py:188} INFO - [2024-05-15T01:18:39.173+0000] {dag.py:3834} INFO - Setting next_dagrun for dag_example to 2024-05-14 00:00:00+00:00, run_after=2024-05-15 00:00:00+00:00
[2024-05-15T01:18:39.191+0000] {processor.py:183} INFO - Processing /opt/airflow/dags/dag_example.py took 0.075 seconds
[2024-05-15T01:19:09.418+0000] {processor.py:161} INFO - Started process (PID=194) to work on /opt/airflow/dags/dag_example.py
[2024-05-15T01:19:09.419+0000] {processor.py:830} INFO - Processing file /opt/airflow/dags/dag_example.py for tasks to queue
[2024-05-15T01:19:09.421+0000] {logging_mixin.py:188} INFO - [2024-05-15T01:19:09.421+0000] {dagbag.py:540} INFO - Filling up the DagBag from /opt/airflow/dags/dag_example.py
[2024-05-15T01:19:09.438+0000] {processor.py:840} INFO - DAG(s) 'dag_example' retrieved from /opt/airflow/dags/dag_example.py
[2024-05-15T01:19:09.459+0000] {logging_mixin.py:188} INFO - [2024-05-15T01:19:09.459+0000] {dag.py:3047} INFO - Sync 1 DAGs
[2024-05-15T01:19:09.478+0000] {logging_mixin.py:188} INFO - [2024-05-15T01:19:09.478+0000] {dag.py:3834} INFO - Setting next_dagrun for dag_example to 2024-05-14 00:00:00+00:00, run_after=2024-05-15 00:00:00+00:00
[2024-05-15T01:19:09.493+0000] {processor.py:183} INFO - Processing /opt/airflow/dags/dag_example.py took 0.078 seconds
[2024-05-15T01:19:39.732+0000] {processor.py:161} INFO - Started process (PID=204) to work on /opt/airflow/dags/dag_example.py
[2024-05-15T01:19:39.732+0000] {processor.py:830} INFO - Processing file /opt/airflow/dags/dag_example.py for tasks to queue
[2024-05-15T01:19:39.734+0000] {logging_mixin.py:188} INFO - [2024-05-15T01:19:39.734+0000] {dagbag.py:540} INFO - Filling up the DagBag from /opt/airflow/dags/dag_example.py
[2024-05-15T01:19:39.749+0000] {processor.py:840} INFO - DAG(s) 'dag_example' retrieved from /opt/airflow/dags/dag_example.py
[2024-05-15T01:19:39.769+0000] {logging_mixin.py:188} INFO - [2024-05-15T01:19:39.769+0000] {dag.py:3047} INFO - Sync 1 DAGs
[2024-05-15T01:19:39.788+0000] {logging_mixin.py:188} INFO - [2024-05-15T01:19:39.788+0000] {dag.py:3834} INFO - Setting next_dagrun for dag_example to 2024-05-14 00:00:00+00:00, run_after=2024-05-15 00:00:00+00:00
[2024-05-15T01:19:39.807+0000] {processor.py:183} INFO - Processing /opt/airflow/dags/dag_example.py took 0.078 seconds
[2024-05-15T01:20:10.026+0000] {processor.py:161} INFO - Started process (PID=214) to work on /opt/airflow/dags/dag_example.py
[2024-05-15T01:20:10.027+0000] {processor.py:830} INFO - Processing file /opt/airflow/dags/dag_example.py for tasks to queue
[2024-05-15T01:20:10.029+0000] {logging_mixin.py:188} INFO - [2024-05-15T01:20:10.028+0000] {dagbag.py:540} INFO - Filling up the DagBag from /opt/airflow/dags/dag_example.py
[2024-05-15T01:20:10.046+0000] {processor.py:840} INFO - DAG(s) 'dag_example' retrieved from /opt/airflow/dags/dag_example.py
[2024-05-15T01:20:10.076+0000] {logging_mixin.py:188} INFO - [2024-05-15T01:20:10.075+0000] {dag.py:3047} INFO - Sync 1 DAGs
[2024-05-15T01:20:10.097+0000] {logging_mixin.py:188} INFO - [2024-05-15T01:20:10.097+0000] {dag.py:3834} INFO - Setting next_dagrun for dag_example to 2024-05-14 00:00:00+00:00, run_after=2024-05-15 00:00:00+00:00
[2024-05-15T01:20:10.115+0000] {processor.py:183} INFO - Processing /opt/airflow/dags/dag_example.py took 0.092 seconds
[2024-05-15T01:20:40.400+0000] {processor.py:161} INFO - Started process (PID=224) to work on /opt/airflow/dags/dag_example.py
[2024-05-15T01:20:40.401+0000] {processor.py:830} INFO - Processing file /opt/airflow/dags/dag_example.py for tasks to queue
[2024-05-15T01:20:40.402+0000] {logging_mixin.py:188} INFO - [2024-05-15T01:20:40.402+0000] {dagbag.py:540} INFO - Filling up the DagBag from /opt/airflow/dags/dag_example.py
[2024-05-15T01:20:40.420+0000] {processor.py:840} INFO - DAG(s) 'dag_example' retrieved from /opt/airflow/dags/dag_example.py
[2024-05-15T01:20:40.442+0000] {logging_mixin.py:188} INFO - [2024-05-15T01:20:40.441+0000] {dag.py:3047} INFO - Sync 1 DAGs
[2024-05-15T01:20:40.459+0000] {logging_mixin.py:188} INFO - [2024-05-15T01:20:40.459+0000] {dag.py:3834} INFO - Setting next_dagrun for dag_example to 2024-05-14 00:00:00+00:00, run_after=2024-05-15 00:00:00+00:00
[2024-05-15T01:20:40.476+0000] {processor.py:183} INFO - Processing /opt/airflow/dags/dag_example.py took 0.079 seconds
[2024-05-15T01:21:10.741+0000] {processor.py:161} INFO - Started process (PID=234) to work on /opt/airflow/dags/dag_example.py
[2024-05-15T01:21:10.742+0000] {processor.py:830} INFO - Processing file /opt/airflow/dags/dag_example.py for tasks to queue
[2024-05-15T01:21:10.743+0000] {logging_mixin.py:188} INFO - [2024-05-15T01:21:10.743+0000] {dagbag.py:540} INFO - Filling up the DagBag from /opt/airflow/dags/dag_example.py
[2024-05-15T01:21:10.760+0000] {processor.py:840} INFO - DAG(s) 'dag_example' retrieved from /opt/airflow/dags/dag_example.py
[2024-05-15T01:21:10.781+0000] {logging_mixin.py:188} INFO - [2024-05-15T01:21:10.781+0000] {dag.py:3047} INFO - Sync 1 DAGs
[2024-05-15T01:21:10.799+0000] {logging_mixin.py:188} INFO - [2024-05-15T01:21:10.798+0000] {dag.py:3834} INFO - Setting next_dagrun for dag_example to 2024-05-14 00:00:00+00:00, run_after=2024-05-15 00:00:00+00:00
[2024-05-15T01:21:10.818+0000] {processor.py:183} INFO - Processing /opt/airflow/dags/dag_example.py took 0.080 seconds
[2024-05-15T01:21:41.053+0000] {processor.py:161} INFO - Started process (PID=244) to work on /opt/airflow/dags/dag_example.py
[2024-05-15T01:21:41.054+0000] {processor.py:830} INFO - Processing file /opt/airflow/dags/dag_example.py for tasks to queue
[2024-05-15T01:21:41.056+0000] {logging_mixin.py:188} INFO - [2024-05-15T01:21:41.056+0000] {dagbag.py:540} INFO - Filling up the DagBag from /opt/airflow/dags/dag_example.py
[2024-05-15T01:21:41.071+0000] {processor.py:840} INFO - DAG(s) 'dag_example' retrieved from /opt/airflow/dags/dag_example.py
[2024-05-15T01:21:41.092+0000] {logging_mixin.py:188} INFO - [2024-05-15T01:21:41.092+0000] {dag.py:3047} INFO - Sync 1 DAGs
[2024-05-15T01:21:41.110+0000] {logging_mixin.py:188} INFO - [2024-05-15T01:21:41.109+0000] {dag.py:3834} INFO - Setting next_dagrun for dag_example to 2024-05-14 00:00:00+00:00, run_after=2024-05-15 00:00:00+00:00
[2024-05-15T01:21:41.127+0000] {processor.py:183} INFO - Processing /opt/airflow/dags/dag_example.py took 0.078 seconds
[2024-05-15T01:22:11.366+0000] {processor.py:161} INFO - Started process (PID=254) to work on /opt/airflow/dags/dag_example.py
[2024-05-15T01:22:11.367+0000] {processor.py:830} INFO - Processing file /opt/airflow/dags/dag_example.py for tasks to queue
[2024-05-15T01:22:11.370+0000] {logging_mixin.py:188} INFO - [2024-05-15T01:22:11.369+0000] {dagbag.py:540} INFO - Filling up the DagBag from /opt/airflow/dags/dag_example.py
[2024-05-15T01:22:11.386+0000] {processor.py:840} INFO - DAG(s) 'dag_example' retrieved from /opt/airflow/dags/dag_example.py
[2024-05-15T01:22:11.408+0000] {logging_mixin.py:188} INFO - [2024-05-15T01:22:11.408+0000] {dag.py:3047} INFO - Sync 1 DAGs
[2024-05-15T01:22:11.429+0000] {logging_mixin.py:188} INFO - [2024-05-15T01:22:11.428+0000] {dag.py:3834} INFO - Setting next_dagrun for dag_example to 2024-05-14 00:00:00+00:00, run_after=2024-05-15 00:00:00+00:00
[2024-05-15T01:22:11.448+0000] {processor.py:183} INFO - Processing /opt/airflow/dags/dag_example.py took 0.085 seconds
[2024-05-15T01:22:41.692+0000] {processor.py:161} INFO - Started process (PID=264) to work on /opt/airflow/dags/dag_example.py
[2024-05-15T01:22:41.693+0000] {processor.py:830} INFO - Processing file /opt/airflow/dags/dag_example.py for tasks to queue
[2024-05-15T01:22:41.695+0000] {logging_mixin.py:188} INFO - [2024-05-15T01:22:41.694+0000] {dagbag.py:540} INFO - Filling up the DagBag from /opt/airflow/dags/dag_example.py
[2024-05-15T01:22:41.712+0000] {processor.py:840} INFO - DAG(s) 'dag_example' retrieved from /opt/airflow/dags/dag_example.py
[2024-05-15T01:22:41.734+0000] {logging_mixin.py:188} INFO - [2024-05-15T01:22:41.733+0000] {dag.py:3047} INFO - Sync 1 DAGs
[2024-05-15T01:22:41.752+0000] {logging_mixin.py:188} INFO - [2024-05-15T01:22:41.752+0000] {dag.py:3834} INFO - Setting next_dagrun for dag_example to 2024-05-14 00:00:00+00:00, run_after=2024-05-15 00:00:00+00:00
[2024-05-15T01:22:41.770+0000] {processor.py:183} INFO - Processing /opt/airflow/dags/dag_example.py took 0.082 seconds
[2024-05-15T01:26:16.328+0000] {processor.py:161} INFO - Started process (PID=45) to work on /opt/airflow/dags/dag_example.py
[2024-05-15T01:26:16.329+0000] {processor.py:830} INFO - Processing file /opt/airflow/dags/dag_example.py for tasks to queue
[2024-05-15T01:26:16.331+0000] {logging_mixin.py:188} INFO - [2024-05-15T01:26:16.331+0000] {dagbag.py:540} INFO - Filling up the DagBag from /opt/airflow/dags/dag_example.py
[2024-05-15T01:26:16.352+0000] {processor.py:840} INFO - DAG(s) 'dag_example' retrieved from /opt/airflow/dags/dag_example.py
[2024-05-15T01:26:16.482+0000] {logging_mixin.py:188} INFO - [2024-05-15T01:26:16.482+0000] {dag.py:3047} INFO - Sync 1 DAGs
[2024-05-15T01:26:16.510+0000] {logging_mixin.py:188} INFO - [2024-05-15T01:26:16.510+0000] {dag.py:3834} INFO - Setting next_dagrun for dag_example to 2024-05-14 00:00:00+00:00, run_after=2024-05-15 00:00:00+00:00
[2024-05-15T01:26:16.540+0000] {processor.py:183} INFO - Processing /opt/airflow/dags/dag_example.py took 0.215 seconds
[2024-05-15T01:26:46.640+0000] {processor.py:161} INFO - Started process (PID=53) to work on /opt/airflow/dags/dag_example.py
[2024-05-15T01:26:46.642+0000] {processor.py:830} INFO - Processing file /opt/airflow/dags/dag_example.py for tasks to queue
[2024-05-15T01:26:46.643+0000] {logging_mixin.py:188} INFO - [2024-05-15T01:26:46.643+0000] {dagbag.py:540} INFO - Filling up the DagBag from /opt/airflow/dags/dag_example.py
[2024-05-15T01:26:46.661+0000] {processor.py:840} INFO - DAG(s) 'dag_example' retrieved from /opt/airflow/dags/dag_example.py
[2024-05-15T01:26:46.683+0000] {logging_mixin.py:188} INFO - [2024-05-15T01:26:46.683+0000] {dag.py:3047} INFO - Sync 1 DAGs
[2024-05-15T01:26:46.702+0000] {logging_mixin.py:188} INFO - [2024-05-15T01:26:46.702+0000] {dag.py:3834} INFO - Setting next_dagrun for dag_example to 2024-05-14 00:00:00+00:00, run_after=2024-05-15 00:00:00+00:00
[2024-05-15T01:26:46.723+0000] {processor.py:183} INFO - Processing /opt/airflow/dags/dag_example.py took 0.086 seconds
[2024-05-15T01:27:16.960+0000] {processor.py:161} INFO - Started process (PID=63) to work on /opt/airflow/dags/dag_example.py
[2024-05-15T01:27:16.961+0000] {processor.py:830} INFO - Processing file /opt/airflow/dags/dag_example.py for tasks to queue
[2024-05-15T01:27:16.962+0000] {logging_mixin.py:188} INFO - [2024-05-15T01:27:16.962+0000] {dagbag.py:540} INFO - Filling up the DagBag from /opt/airflow/dags/dag_example.py
[2024-05-15T01:27:16.979+0000] {processor.py:840} INFO - DAG(s) 'dag_example' retrieved from /opt/airflow/dags/dag_example.py
[2024-05-15T01:27:17.003+0000] {logging_mixin.py:188} INFO - [2024-05-15T01:27:17.002+0000] {dag.py:3047} INFO - Sync 1 DAGs
[2024-05-15T01:27:17.023+0000] {logging_mixin.py:188} INFO - [2024-05-15T01:27:17.023+0000] {dag.py:3834} INFO - Setting next_dagrun for dag_example to 2024-05-14 00:00:00+00:00, run_after=2024-05-15 00:00:00+00:00
[2024-05-15T01:27:17.067+0000] {processor.py:183} INFO - Processing /opt/airflow/dags/dag_example.py took 0.110 seconds
[2024-05-15T01:27:47.319+0000] {processor.py:161} INFO - Started process (PID=73) to work on /opt/airflow/dags/dag_example.py
[2024-05-15T01:27:47.320+0000] {processor.py:830} INFO - Processing file /opt/airflow/dags/dag_example.py for tasks to queue
[2024-05-15T01:27:47.321+0000] {logging_mixin.py:188} INFO - [2024-05-15T01:27:47.321+0000] {dagbag.py:540} INFO - Filling up the DagBag from /opt/airflow/dags/dag_example.py
[2024-05-15T01:27:47.339+0000] {processor.py:840} INFO - DAG(s) 'dag_example' retrieved from /opt/airflow/dags/dag_example.py
[2024-05-15T01:27:47.363+0000] {logging_mixin.py:188} INFO - [2024-05-15T01:27:47.362+0000] {dag.py:3047} INFO - Sync 1 DAGs
[2024-05-15T01:27:47.383+0000] {logging_mixin.py:188} INFO - [2024-05-15T01:27:47.383+0000] {dag.py:3834} INFO - Setting next_dagrun for dag_example to 2024-05-14 00:00:00+00:00, run_after=2024-05-15 00:00:00+00:00
[2024-05-15T01:27:47.403+0000] {processor.py:183} INFO - Processing /opt/airflow/dags/dag_example.py took 0.087 seconds
[2024-05-15T01:28:17.721+0000] {processor.py:161} INFO - Started process (PID=83) to work on /opt/airflow/dags/dag_example.py
[2024-05-15T01:28:17.722+0000] {processor.py:830} INFO - Processing file /opt/airflow/dags/dag_example.py for tasks to queue
[2024-05-15T01:28:17.723+0000] {logging_mixin.py:188} INFO - [2024-05-15T01:28:17.723+0000] {dagbag.py:540} INFO - Filling up the DagBag from /opt/airflow/dags/dag_example.py
[2024-05-15T01:28:17.740+0000] {processor.py:840} INFO - DAG(s) 'dag_example' retrieved from /opt/airflow/dags/dag_example.py
[2024-05-15T01:28:17.762+0000] {logging_mixin.py:188} INFO - [2024-05-15T01:28:17.762+0000] {dag.py:3047} INFO - Sync 1 DAGs
[2024-05-15T01:28:17.781+0000] {logging_mixin.py:188} INFO - [2024-05-15T01:28:17.781+0000] {dag.py:3834} INFO - Setting next_dagrun for dag_example to 2024-05-14 00:00:00+00:00, run_after=2024-05-15 00:00:00+00:00
[2024-05-15T01:28:17.800+0000] {processor.py:183} INFO - Processing /opt/airflow/dags/dag_example.py took 0.082 seconds
[2024-05-15T01:28:48.111+0000] {processor.py:161} INFO - Started process (PID=93) to work on /opt/airflow/dags/dag_example.py
[2024-05-15T01:28:48.112+0000] {processor.py:830} INFO - Processing file /opt/airflow/dags/dag_example.py for tasks to queue
[2024-05-15T01:28:48.113+0000] {logging_mixin.py:188} INFO - [2024-05-15T01:28:48.113+0000] {dagbag.py:540} INFO - Filling up the DagBag from /opt/airflow/dags/dag_example.py
[2024-05-15T01:28:48.131+0000] {processor.py:840} INFO - DAG(s) 'dag_example' retrieved from /opt/airflow/dags/dag_example.py
[2024-05-15T01:28:48.156+0000] {logging_mixin.py:188} INFO - [2024-05-15T01:28:48.156+0000] {dag.py:3047} INFO - Sync 1 DAGs
[2024-05-15T01:28:48.178+0000] {logging_mixin.py:188} INFO - [2024-05-15T01:28:48.178+0000] {dag.py:3834} INFO - Setting next_dagrun for dag_example to 2024-05-14 00:00:00+00:00, run_after=2024-05-15 00:00:00+00:00
[2024-05-15T01:28:48.195+0000] {processor.py:183} INFO - Processing /opt/airflow/dags/dag_example.py took 0.087 seconds
[2024-05-15T01:29:18.496+0000] {processor.py:161} INFO - Started process (PID=103) to work on /opt/airflow/dags/dag_example.py
[2024-05-15T01:29:18.497+0000] {processor.py:830} INFO - Processing file /opt/airflow/dags/dag_example.py for tasks to queue
[2024-05-15T01:29:18.499+0000] {logging_mixin.py:188} INFO - [2024-05-15T01:29:18.499+0000] {dagbag.py:540} INFO - Filling up the DagBag from /opt/airflow/dags/dag_example.py
[2024-05-15T01:29:18.515+0000] {processor.py:840} INFO - DAG(s) 'dag_example' retrieved from /opt/airflow/dags/dag_example.py
[2024-05-15T01:29:18.535+0000] {logging_mixin.py:188} INFO - [2024-05-15T01:29:18.535+0000] {dag.py:3047} INFO - Sync 1 DAGs
[2024-05-15T01:29:18.551+0000] {logging_mixin.py:188} INFO - [2024-05-15T01:29:18.551+0000] {dag.py:3834} INFO - Setting next_dagrun for dag_example to 2024-05-14 00:00:00+00:00, run_after=2024-05-15 00:00:00+00:00
[2024-05-15T01:29:18.567+0000] {processor.py:183} INFO - Processing /opt/airflow/dags/dag_example.py took 0.073 seconds
[2024-05-15T01:29:48.889+0000] {processor.py:161} INFO - Started process (PID=113) to work on /opt/airflow/dags/dag_example.py
[2024-05-15T01:29:48.890+0000] {processor.py:830} INFO - Processing file /opt/airflow/dags/dag_example.py for tasks to queue
[2024-05-15T01:29:48.891+0000] {logging_mixin.py:188} INFO - [2024-05-15T01:29:48.891+0000] {dagbag.py:540} INFO - Filling up the DagBag from /opt/airflow/dags/dag_example.py
[2024-05-15T01:29:48.908+0000] {processor.py:840} INFO - DAG(s) 'dag_example' retrieved from /opt/airflow/dags/dag_example.py
[2024-05-15T01:29:48.930+0000] {logging_mixin.py:188} INFO - [2024-05-15T01:29:48.930+0000] {dag.py:3047} INFO - Sync 1 DAGs
[2024-05-15T01:29:48.950+0000] {logging_mixin.py:188} INFO - [2024-05-15T01:29:48.949+0000] {dag.py:3834} INFO - Setting next_dagrun for dag_example to 2024-05-14 00:00:00+00:00, run_after=2024-05-15 00:00:00+00:00
[2024-05-15T01:29:48.970+0000] {processor.py:183} INFO - Processing /opt/airflow/dags/dag_example.py took 0.083 seconds
[2024-05-15T01:32:50.444+0000] {processor.py:161} INFO - Started process (PID=45) to work on /opt/airflow/dags/dag_example.py
[2024-05-15T01:32:50.445+0000] {processor.py:830} INFO - Processing file /opt/airflow/dags/dag_example.py for tasks to queue
[2024-05-15T01:32:50.447+0000] {logging_mixin.py:188} INFO - [2024-05-15T01:32:50.447+0000] {dagbag.py:540} INFO - Filling up the DagBag from /opt/airflow/dags/dag_example.py
[2024-05-15T01:32:50.466+0000] {processor.py:840} INFO - DAG(s) 'dag_example' retrieved from /opt/airflow/dags/dag_example.py
[2024-05-15T01:32:50.570+0000] {logging_mixin.py:188} INFO - [2024-05-15T01:32:50.569+0000] {dag.py:3047} INFO - Sync 1 DAGs
[2024-05-15T01:32:50.588+0000] {logging_mixin.py:188} INFO - [2024-05-15T01:32:50.588+0000] {dag.py:3834} INFO - Setting next_dagrun for dag_example to 2024-05-14 00:00:00+00:00, run_after=2024-05-15 00:00:00+00:00
[2024-05-15T01:32:50.607+0000] {processor.py:183} INFO - Processing /opt/airflow/dags/dag_example.py took 0.166 seconds
[2024-05-15T01:33:20.838+0000] {processor.py:161} INFO - Started process (PID=53) to work on /opt/airflow/dags/dag_example.py
[2024-05-15T01:33:20.839+0000] {processor.py:830} INFO - Processing file /opt/airflow/dags/dag_example.py for tasks to queue
[2024-05-15T01:33:20.840+0000] {logging_mixin.py:188} INFO - [2024-05-15T01:33:20.840+0000] {dagbag.py:540} INFO - Filling up the DagBag from /opt/airflow/dags/dag_example.py
[2024-05-15T01:33:20.858+0000] {processor.py:840} INFO - DAG(s) 'dag_example' retrieved from /opt/airflow/dags/dag_example.py
[2024-05-15T01:33:20.884+0000] {logging_mixin.py:188} INFO - [2024-05-15T01:33:20.884+0000] {dag.py:3047} INFO - Sync 1 DAGs
[2024-05-15T01:33:20.904+0000] {logging_mixin.py:188} INFO - [2024-05-15T01:33:20.904+0000] {dag.py:3834} INFO - Setting next_dagrun for dag_example to 2024-05-14 00:00:00+00:00, run_after=2024-05-15 00:00:00+00:00
[2024-05-15T01:33:20.921+0000] {processor.py:183} INFO - Processing /opt/airflow/dags/dag_example.py took 0.087 seconds
[2024-05-15T01:33:51.214+0000] {processor.py:161} INFO - Started process (PID=63) to work on /opt/airflow/dags/dag_example.py
[2024-05-15T01:33:51.215+0000] {processor.py:830} INFO - Processing file /opt/airflow/dags/dag_example.py for tasks to queue
[2024-05-15T01:33:51.216+0000] {logging_mixin.py:188} INFO - [2024-05-15T01:33:51.216+0000] {dagbag.py:540} INFO - Filling up the DagBag from /opt/airflow/dags/dag_example.py
[2024-05-15T01:33:51.235+0000] {processor.py:840} INFO - DAG(s) 'dag_example' retrieved from /opt/airflow/dags/dag_example.py
[2024-05-15T01:33:51.258+0000] {logging_mixin.py:188} INFO - [2024-05-15T01:33:51.258+0000] {dag.py:3047} INFO - Sync 1 DAGs
[2024-05-15T01:33:51.277+0000] {logging_mixin.py:188} INFO - [2024-05-15T01:33:51.277+0000] {dag.py:3834} INFO - Setting next_dagrun for dag_example to 2024-05-14 00:00:00+00:00, run_after=2024-05-15 00:00:00+00:00
[2024-05-15T01:33:51.294+0000] {processor.py:183} INFO - Processing /opt/airflow/dags/dag_example.py took 0.083 seconds
[2024-05-15T01:34:21.590+0000] {processor.py:161} INFO - Started process (PID=73) to work on /opt/airflow/dags/dag_example.py
[2024-05-15T01:34:21.591+0000] {processor.py:830} INFO - Processing file /opt/airflow/dags/dag_example.py for tasks to queue
[2024-05-15T01:34:21.592+0000] {logging_mixin.py:188} INFO - [2024-05-15T01:34:21.592+0000] {dagbag.py:540} INFO - Filling up the DagBag from /opt/airflow/dags/dag_example.py
[2024-05-15T01:34:21.609+0000] {processor.py:840} INFO - DAG(s) 'dag_example' retrieved from /opt/airflow/dags/dag_example.py
[2024-05-15T01:34:21.631+0000] {logging_mixin.py:188} INFO - [2024-05-15T01:34:21.631+0000] {dag.py:3047} INFO - Sync 1 DAGs
[2024-05-15T01:34:21.649+0000] {logging_mixin.py:188} INFO - [2024-05-15T01:34:21.649+0000] {dag.py:3834} INFO - Setting next_dagrun for dag_example to 2024-05-14 00:00:00+00:00, run_after=2024-05-15 00:00:00+00:00
[2024-05-15T01:34:21.664+0000] {processor.py:183} INFO - Processing /opt/airflow/dags/dag_example.py took 0.077 seconds
[2024-05-15T01:34:51.963+0000] {processor.py:161} INFO - Started process (PID=83) to work on /opt/airflow/dags/dag_example.py
[2024-05-15T01:34:51.965+0000] {processor.py:830} INFO - Processing file /opt/airflow/dags/dag_example.py for tasks to queue
[2024-05-15T01:34:51.966+0000] {logging_mixin.py:188} INFO - [2024-05-15T01:34:51.966+0000] {dagbag.py:540} INFO - Filling up the DagBag from /opt/airflow/dags/dag_example.py
[2024-05-15T01:34:51.987+0000] {processor.py:840} INFO - DAG(s) 'dag_example' retrieved from /opt/airflow/dags/dag_example.py
[2024-05-15T01:34:52.018+0000] {logging_mixin.py:188} INFO - [2024-05-15T01:34:52.018+0000] {dag.py:3047} INFO - Sync 1 DAGs
[2024-05-15T01:34:52.043+0000] {logging_mixin.py:188} INFO - [2024-05-15T01:34:52.043+0000] {dag.py:3834} INFO - Setting next_dagrun for dag_example to 2024-05-14 00:00:00+00:00, run_after=2024-05-15 00:00:00+00:00
[2024-05-15T01:34:52.070+0000] {processor.py:183} INFO - Processing /opt/airflow/dags/dag_example.py took 0.111 seconds
[2024-05-15T01:35:22.349+0000] {processor.py:161} INFO - Started process (PID=93) to work on /opt/airflow/dags/dag_example.py
[2024-05-15T01:35:22.350+0000] {processor.py:830} INFO - Processing file /opt/airflow/dags/dag_example.py for tasks to queue
[2024-05-15T01:35:22.351+0000] {logging_mixin.py:188} INFO - [2024-05-15T01:35:22.351+0000] {dagbag.py:540} INFO - Filling up the DagBag from /opt/airflow/dags/dag_example.py
[2024-05-15T01:35:22.371+0000] {processor.py:840} INFO - DAG(s) 'dag_example' retrieved from /opt/airflow/dags/dag_example.py
[2024-05-15T01:35:22.398+0000] {logging_mixin.py:188} INFO - [2024-05-15T01:35:22.398+0000] {dag.py:3047} INFO - Sync 1 DAGs
[2024-05-15T01:35:22.424+0000] {logging_mixin.py:188} INFO - [2024-05-15T01:35:22.424+0000] {dag.py:3834} INFO - Setting next_dagrun for dag_example to 2024-05-14 00:00:00+00:00, run_after=2024-05-15 00:00:00+00:00
[2024-05-15T01:35:22.451+0000] {processor.py:183} INFO - Processing /opt/airflow/dags/dag_example.py took 0.105 seconds
[2024-05-15T01:35:52.749+0000] {processor.py:161} INFO - Started process (PID=103) to work on /opt/airflow/dags/dag_example.py
[2024-05-15T01:35:52.750+0000] {processor.py:830} INFO - Processing file /opt/airflow/dags/dag_example.py for tasks to queue
[2024-05-15T01:35:52.751+0000] {logging_mixin.py:188} INFO - [2024-05-15T01:35:52.750+0000] {dagbag.py:540} INFO - Filling up the DagBag from /opt/airflow/dags/dag_example.py
[2024-05-15T01:35:52.772+0000] {processor.py:840} INFO - DAG(s) 'dag_example' retrieved from /opt/airflow/dags/dag_example.py
[2024-05-15T01:35:52.799+0000] {logging_mixin.py:188} INFO - [2024-05-15T01:35:52.798+0000] {dag.py:3047} INFO - Sync 1 DAGs
[2024-05-15T01:35:52.823+0000] {logging_mixin.py:188} INFO - [2024-05-15T01:35:52.822+0000] {dag.py:3834} INFO - Setting next_dagrun for dag_example to 2024-05-14 00:00:00+00:00, run_after=2024-05-15 00:00:00+00:00
[2024-05-15T01:35:52.845+0000] {processor.py:183} INFO - Processing /opt/airflow/dags/dag_example.py took 0.100 seconds
[2024-05-15T01:36:23.142+0000] {processor.py:161} INFO - Started process (PID=113) to work on /opt/airflow/dags/dag_example.py
[2024-05-15T01:36:23.143+0000] {processor.py:830} INFO - Processing file /opt/airflow/dags/dag_example.py for tasks to queue
[2024-05-15T01:36:23.143+0000] {logging_mixin.py:188} INFO - [2024-05-15T01:36:23.143+0000] {dagbag.py:540} INFO - Filling up the DagBag from /opt/airflow/dags/dag_example.py
[2024-05-15T01:36:23.164+0000] {processor.py:840} INFO - DAG(s) 'dag_example' retrieved from /opt/airflow/dags/dag_example.py
[2024-05-15T01:36:23.189+0000] {logging_mixin.py:188} INFO - [2024-05-15T01:36:23.189+0000] {dag.py:3047} INFO - Sync 1 DAGs
[2024-05-15T01:36:23.216+0000] {logging_mixin.py:188} INFO - [2024-05-15T01:36:23.216+0000] {dag.py:3834} INFO - Setting next_dagrun for dag_example to 2024-05-14 00:00:00+00:00, run_after=2024-05-15 00:00:00+00:00
[2024-05-15T01:36:23.243+0000] {processor.py:183} INFO - Processing /opt/airflow/dags/dag_example.py took 0.104 seconds
[2024-05-15T01:36:53.536+0000] {processor.py:161} INFO - Started process (PID=123) to work on /opt/airflow/dags/dag_example.py
[2024-05-15T01:36:53.537+0000] {processor.py:830} INFO - Processing file /opt/airflow/dags/dag_example.py for tasks to queue
[2024-05-15T01:36:53.538+0000] {logging_mixin.py:188} INFO - [2024-05-15T01:36:53.538+0000] {dagbag.py:540} INFO - Filling up the DagBag from /opt/airflow/dags/dag_example.py
[2024-05-15T01:36:53.559+0000] {processor.py:840} INFO - DAG(s) 'dag_example' retrieved from /opt/airflow/dags/dag_example.py
[2024-05-15T01:36:53.590+0000] {logging_mixin.py:188} INFO - [2024-05-15T01:36:53.590+0000] {dag.py:3047} INFO - Sync 1 DAGs
[2024-05-15T01:36:53.615+0000] {logging_mixin.py:188} INFO - [2024-05-15T01:36:53.615+0000] {dag.py:3834} INFO - Setting next_dagrun for dag_example to 2024-05-14 00:00:00+00:00, run_after=2024-05-15 00:00:00+00:00
[2024-05-15T01:36:53.635+0000] {processor.py:183} INFO - Processing /opt/airflow/dags/dag_example.py took 0.102 seconds
[2024-05-15T01:37:23.928+0000] {processor.py:161} INFO - Started process (PID=133) to work on /opt/airflow/dags/dag_example.py
[2024-05-15T01:37:23.928+0000] {processor.py:830} INFO - Processing file /opt/airflow/dags/dag_example.py for tasks to queue
[2024-05-15T01:37:23.929+0000] {logging_mixin.py:188} INFO - [2024-05-15T01:37:23.929+0000] {dagbag.py:540} INFO - Filling up the DagBag from /opt/airflow/dags/dag_example.py
[2024-05-15T01:37:23.945+0000] {processor.py:840} INFO - DAG(s) 'dag_example' retrieved from /opt/airflow/dags/dag_example.py
[2024-05-15T01:37:23.970+0000] {logging_mixin.py:188} INFO - [2024-05-15T01:37:23.970+0000] {dag.py:3047} INFO - Sync 1 DAGs
[2024-05-15T01:37:23.992+0000] {logging_mixin.py:188} INFO - [2024-05-15T01:37:23.992+0000] {dag.py:3834} INFO - Setting next_dagrun for dag_example to 2024-05-14 00:00:00+00:00, run_after=2024-05-15 00:00:00+00:00
[2024-05-15T01:37:24.013+0000] {processor.py:183} INFO - Processing /opt/airflow/dags/dag_example.py took 0.088 seconds
[2024-05-15T01:37:54.377+0000] {processor.py:161} INFO - Started process (PID=144) to work on /opt/airflow/dags/dag_example.py
[2024-05-15T01:37:54.378+0000] {processor.py:830} INFO - Processing file /opt/airflow/dags/dag_example.py for tasks to queue
[2024-05-15T01:37:54.379+0000] {logging_mixin.py:188} INFO - [2024-05-15T01:37:54.379+0000] {dagbag.py:540} INFO - Filling up the DagBag from /opt/airflow/dags/dag_example.py
[2024-05-15T01:37:54.396+0000] {processor.py:840} INFO - DAG(s) 'dag_example' retrieved from /opt/airflow/dags/dag_example.py
[2024-05-15T01:37:54.420+0000] {logging_mixin.py:188} INFO - [2024-05-15T01:37:54.420+0000] {dag.py:3047} INFO - Sync 1 DAGs
[2024-05-15T01:37:54.441+0000] {logging_mixin.py:188} INFO - [2024-05-15T01:37:54.440+0000] {dag.py:3834} INFO - Setting next_dagrun for dag_example to 2024-05-14 00:00:00+00:00, run_after=2024-05-15 00:00:00+00:00
[2024-05-15T01:37:54.457+0000] {processor.py:183} INFO - Processing /opt/airflow/dags/dag_example.py took 0.084 seconds
[2024-05-15T01:38:24.746+0000] {processor.py:161} INFO - Started process (PID=154) to work on /opt/airflow/dags/dag_example.py
[2024-05-15T01:38:24.747+0000] {processor.py:830} INFO - Processing file /opt/airflow/dags/dag_example.py for tasks to queue
[2024-05-15T01:38:24.747+0000] {logging_mixin.py:188} INFO - [2024-05-15T01:38:24.747+0000] {dagbag.py:540} INFO - Filling up the DagBag from /opt/airflow/dags/dag_example.py
[2024-05-15T01:38:24.763+0000] {processor.py:840} INFO - DAG(s) 'dag_example' retrieved from /opt/airflow/dags/dag_example.py
[2024-05-15T01:38:24.784+0000] {logging_mixin.py:188} INFO - [2024-05-15T01:38:24.784+0000] {dag.py:3047} INFO - Sync 1 DAGs
[2024-05-15T01:38:24.802+0000] {logging_mixin.py:188} INFO - [2024-05-15T01:38:24.801+0000] {dag.py:3834} INFO - Setting next_dagrun for dag_example to 2024-05-14 00:00:00+00:00, run_after=2024-05-15 00:00:00+00:00
[2024-05-15T01:38:24.816+0000] {processor.py:183} INFO - Processing /opt/airflow/dags/dag_example.py took 0.073 seconds
[2024-05-15T01:38:55.132+0000] {processor.py:161} INFO - Started process (PID=164) to work on /opt/airflow/dags/dag_example.py
[2024-05-15T01:38:55.133+0000] {processor.py:830} INFO - Processing file /opt/airflow/dags/dag_example.py for tasks to queue
[2024-05-15T01:38:55.134+0000] {logging_mixin.py:188} INFO - [2024-05-15T01:38:55.133+0000] {dagbag.py:540} INFO - Filling up the DagBag from /opt/airflow/dags/dag_example.py
[2024-05-15T01:38:55.151+0000] {processor.py:840} INFO - DAG(s) 'dag_example' retrieved from /opt/airflow/dags/dag_example.py
[2024-05-15T01:38:55.173+0000] {logging_mixin.py:188} INFO - [2024-05-15T01:38:55.173+0000] {dag.py:3047} INFO - Sync 1 DAGs
[2024-05-15T01:38:55.193+0000] {logging_mixin.py:188} INFO - [2024-05-15T01:38:55.193+0000] {dag.py:3834} INFO - Setting next_dagrun for dag_example to 2024-05-14 00:00:00+00:00, run_after=2024-05-15 00:00:00+00:00
[2024-05-15T01:38:55.212+0000] {processor.py:183} INFO - Processing /opt/airflow/dags/dag_example.py took 0.083 seconds
[2024-05-15T01:39:25.527+0000] {processor.py:161} INFO - Started process (PID=174) to work on /opt/airflow/dags/dag_example.py
[2024-05-15T01:39:25.528+0000] {processor.py:830} INFO - Processing file /opt/airflow/dags/dag_example.py for tasks to queue
[2024-05-15T01:39:25.529+0000] {logging_mixin.py:188} INFO - [2024-05-15T01:39:25.529+0000] {dagbag.py:540} INFO - Filling up the DagBag from /opt/airflow/dags/dag_example.py
[2024-05-15T01:39:25.549+0000] {processor.py:840} INFO - DAG(s) 'dag_example' retrieved from /opt/airflow/dags/dag_example.py
[2024-05-15T01:39:25.578+0000] {logging_mixin.py:188} INFO - [2024-05-15T01:39:25.578+0000] {dag.py:3047} INFO - Sync 1 DAGs
[2024-05-15T01:39:25.603+0000] {logging_mixin.py:188} INFO - [2024-05-15T01:39:25.602+0000] {dag.py:3834} INFO - Setting next_dagrun for dag_example to 2024-05-14 00:00:00+00:00, run_after=2024-05-15 00:00:00+00:00
[2024-05-15T01:39:25.624+0000] {processor.py:183} INFO - Processing /opt/airflow/dags/dag_example.py took 0.100 seconds
